<?xml version="1.0" encoding="UTF-8"?>
<coverage generated="1755597857468" clover="3.2.0">
  <project timestamp="1755597857469" name="All files">
    <metrics statements="74" coveredstatements="57" conditionals="44" coveredconditionals="30" methods="30" coveredmethods="20" elements="148" coveredelements="107" complexity="0" loc="74" ncloc="74" packages="1" files="1" classes="1"/>
    <file name="Properties.jsx" path="/Users/mjoyner/Property/frontend/src/pages/Properties.jsx">
      <metrics statements="74" coveredstatements="57" conditionals="44" coveredconditionals="30" methods="30" coveredmethods="20"/>
      <line num="28" count="20" type="stmt"/>
      <line num="29" count="20" type="stmt"/>
      <line num="30" count="20" type="stmt"/>
      <line num="31" count="20" type="stmt"/>
      <line num="32" count="20" type="stmt"/>
      <line num="33" count="20" type="stmt"/>
      <line num="34" count="20" type="stmt"/>
      <line num="35" count="20" type="stmt"/>
      <line num="36" count="20" type="stmt"/>
      <line num="37" count="20" type="stmt"/>
      <line num="38" count="20" type="stmt"/>
      <line num="40" count="20" type="stmt"/>
      <line num="41" count="9" type="stmt"/>
      <line num="42" count="9" type="stmt"/>
      <line num="46" count="20" type="stmt"/>
      <line num="47" count="9" type="cond" truecount="4" falsecount="0"/>
      <line num="48" count="2" type="stmt"/>
      <line num="53" count="20" type="stmt"/>
      <line num="57" count="34" type="cond" truecount="2" falsecount="0"/>
      <line num="61" count="34" type="cond" truecount="2" falsecount="0"/>
      <line num="63" count="34" type="cond" truecount="2" falsecount="0"/>
      <line num="66" count="14" type="cond" truecount="2" falsecount="0"/>
      <line num="67" count="1" type="cond" truecount="3" falsecount="3"/>
      <line num="68" count="0" type="cond" truecount="0" falsecount="2"/>
      <line num="69" count="0" type="cond" truecount="0" falsecount="2"/>
      <line num="70" count="0" type="cond" truecount="0" falsecount="2"/>
      <line num="71" count="0" type="stmt"/>
      <line num="73" count="0" type="stmt"/>
      <line num="77" count="20" type="stmt"/>
      <line num="78" count="2" type="stmt"/>
      <line num="81" count="20" type="stmt"/>
      <line num="82" count="2" type="stmt"/>
      <line num="85" count="20" type="stmt"/>
      <line num="86" count="1" type="stmt"/>
      <line num="89" count="20" type="stmt"/>
      <line num="90" count="1" type="stmt"/>
      <line num="91" count="1" type="stmt"/>
      <line num="92" count="1" type="stmt"/>
      <line num="93" count="1" type="stmt"/>
      <line num="96" count="20" type="stmt"/>
      <line num="97" count="1" type="stmt"/>
      <line num="100" count="20" type="stmt"/>
      <line num="101" count="2" type="stmt"/>
      <line num="104" count="20" type="stmt"/>
      <line num="105" count="1" type="stmt"/>
      <line num="106" count="1" type="stmt"/>
      <line num="109" count="20" type="stmt"/>
      <line num="110" count="0" type="stmt"/>
      <line num="113" count="20" type="stmt"/>
      <line num="114" count="1" type="cond" truecount="1" falsecount="1"/>
      <line num="116" count="1" type="stmt"/>
      <line num="117" count="1" type="stmt"/>
      <line num="118" count="1" type="stmt"/>
      <line num="119" count="1" type="stmt"/>
      <line num="121" count="0" type="stmt"/>
      <line num="123" count="1" type="stmt"/>
      <line num="127" count="20" type="stmt"/>
      <line num="146" count="3" type="stmt"/>
      <line num="204" count="0" type="stmt"/>
      <line num="210" count="1" type="stmt"/>
      <line num="216" count="0" type="stmt"/>
      <line num="226" count="0" type="stmt"/>
      <line num="232" count="1" type="stmt"/>
      <line num="238" count="0" type="stmt"/>
      <line num="268" count="31" type="stmt"/>
      <line num="279" count="46" type="cond" truecount="2" falsecount="0"/>
      <line num="280" count="1" type="stmt"/>
      <line num="281" count="1" type="stmt"/>
      <line num="303" count="0" type="stmt"/>
      <line num="304" count="0" type="stmt"/>
      <line num="309" count="0" type="stmt"/>
      <line num="310" count="0" type="stmt"/>
      <line num="315" count="0" type="stmt"/>
      <line num="316" count="0" type="stmt"/>
    </file>
  </project>
</coverage>
