{"/Users/mjoyner/Property/frontend/src/pages/Properties.jsx": {"path":"/Users/mjoyner/Property/frontend/src/pages/Properties.jsx","statementMap":{"0":{"start":{"line":28,"column":19},"end":{"line":28,"column":32}},"1":{"start":{"line":29,"column":74},"end":{"line":29,"column":87}},"2":{"start":{"line":30,"column":30},"end":{"line":30,"column":38}},"3":{"start":{"line":31,"column":38},"end":{"line":31,"column":50}},"4":{"start":{"line":32,"column":46},"end":{"line":32,"column":60}},"5":{"start":{"line":33,"column":42},"end":{"line":33,"column":57}},"6":{"start":{"line":34,"column":30},"end":{"line":34,"column":46}},"7":{"start":{"line":35,"column":46},"end":{"line":35,"column":60}},"8":{"start":{"line":36,"column":54},"end":{"line":36,"column":68}},"9":{"start":{"line":37,"column":50},"end":{"line":37,"column":65}},"10":{"start":{"line":38,"column":38},"end":{"line":38,"column":53}},"11":{"start":{"line":40,"column":2},"end":{"line":43,"column":41}},"12":{"start":{"line":41,"column":4},"end":{"line":41,"column":34}},"13":{"start":{"line":42,"column":4},"end":{"line":42,"column":22}},"14":{"start":{"line":46,"column":2},"end":{"line":50,"column":52}},"15":{"start":{"line":47,"column":4},"end":{"line":49,"column":5}},"16":{"start":{"line":48,"column":6},"end":{"line":48,"column":24}},"17":{"start":{"line":53,"column":29},"end":{"line":74,"column":6}},"18":{"start":{"line":57,"column":8},"end":{"line":58,"column":74}},"19":{"start":{"line":61,"column":26},"end":{"line":61,"column":82}},"20":{"start":{"line":63,"column":6},"end":{"line":63,"column":42}},"21":{"start":{"line":66,"column":6},"end":{"line":66,"column":65}},"22":{"start":{"line":66,"column":29},"end":{"line":66,"column":65}},"23":{"start":{"line":67,"column":6},"end":{"line":67,"column":85}},"24":{"start":{"line":67,"column":30},"end":{"line":67,"column":85}},"25":{"start":{"line":68,"column":6},"end":{"line":72,"column":7}},"26":{"start":{"line":69,"column":25},"end":{"line":69,"column":96}},"27":{"start":{"line":69,"column":55},"end":{"line":69,"column":67}},"28":{"start":{"line":70,"column":25},"end":{"line":70,"column":96}},"29":{"start":{"line":70,"column":55},"end":{"line":70,"column":67}},"30":{"start":{"line":71,"column":8},"end":{"line":71,"column":35}},"31":{"start":{"line":73,"column":6},"end":{"line":73,"column":15}},"32":{"start":{"line":77,"column":28},"end":{"line":79,"column":3}},"33":{"start":{"line":78,"column":4},"end":{"line":78,"column":43}},"34":{"start":{"line":81,"column":28},"end":{"line":83,"column":3}},"35":{"start":{"line":82,"column":4},"end":{"line":82,"column":28}},"36":{"start":{"line":85,"column":30},"end":{"line":87,"column":3}},"37":{"start":{"line":86,"column":4},"end":{"line":86,"column":34}},"38":{"start":{"line":89,"column":36},"end":{"line":94,"column":3}},"39":{"start":{"line":90,"column":4},"end":{"line":90,"column":27}},"40":{"start":{"line":91,"column":4},"end":{"line":91,"column":28}},"41":{"start":{"line":92,"column":4},"end":{"line":92,"column":30}},"42":{"start":{"line":93,"column":4},"end":{"line":93,"column":43}},"43":{"start":{"line":96,"column":28},"end":{"line":98,"column":3}},"44":{"start":{"line":97,"column":4},"end":{"line":97,"column":28}},"45":{"start":{"line":100,"column":28},"end":{"line":102,"column":3}},"46":{"start":{"line":101,"column":4},"end":{"line":101,"column":32}},"47":{"start":{"line":104,"column":33},"end":{"line":107,"column":3}},"48":{"start":{"line":105,"column":4},"end":{"line":105,"column":30}},"49":{"start":{"line":106,"column":4},"end":{"line":106,"column":24}},"50":{"start":{"line":109,"column":34},"end":{"line":111,"column":3}},"51":{"start":{"line":110,"column":4},"end":{"line":110,"column":31}},"52":{"start":{"line":113,"column":31},"end":{"line":125,"column":3}},"53":{"start":{"line":114,"column":4},"end":{"line":114,"column":36}},"54":{"start":{"line":114,"column":29},"end":{"line":114,"column":36}},"55":{"start":{"line":116,"column":4},"end":{"line":116,"column":24}},"56":{"start":{"line":117,"column":4},"end":{"line":124,"column":5}},"57":{"start":{"line":118,"column":6},"end":{"line":118,"column":47}},"58":{"start":{"line":119,"column":6},"end":{"line":119,"column":33}},"59":{"start":{"line":121,"column":6},"end":{"line":121,"column":55}},"60":{"start":{"line":123,"column":6},"end":{"line":123,"column":27}},"61":{"start":{"line":127,"column":2},"end":{"line":364,"column":4}},"62":{"start":{"line":146,"column":27},"end":{"line":146,"column":56}},"63":{"start":{"line":204,"column":29},"end":{"line":204,"column":52}},"64":{"start":{"line":204,"column":53},"end":{"line":204,"column":73}},"65":{"start":{"line":210,"column":29},"end":{"line":210,"column":58}},"66":{"start":{"line":210,"column":59},"end":{"line":210,"column":79}},"67":{"start":{"line":216,"column":29},"end":{"line":216,"column":54}},"68":{"start":{"line":216,"column":55},"end":{"line":216,"column":75}},"69":{"start":{"line":226,"column":29},"end":{"line":226,"column":47}},"70":{"start":{"line":226,"column":48},"end":{"line":226,"column":68}},"71":{"start":{"line":232,"column":29},"end":{"line":232,"column":48}},"72":{"start":{"line":232,"column":49},"end":{"line":232,"column":69}},"73":{"start":{"line":238,"column":29},"end":{"line":238,"column":50}},"74":{"start":{"line":238,"column":51},"end":{"line":238,"column":71}},"75":{"start":{"line":268,"column":12},"end":{"line":283,"column":19}},"76":{"start":{"line":279,"column":58},"end":{"line":279,"column":70}},"77":{"start":{"line":280,"column":31},"end":{"line":280,"column":63}},"78":{"start":{"line":281,"column":36},"end":{"line":281,"column":77}},"79":{"start":{"line":303,"column":10},"end":{"line":303,"column":56}},"80":{"start":{"line":304,"column":10},"end":{"line":304,"column":30}},"81":{"start":{"line":309,"column":10},"end":{"line":309,"column":61}},"82":{"start":{"line":310,"column":10},"end":{"line":310,"column":30}},"83":{"start":{"line":315,"column":10},"end":{"line":315,"column":64}},"84":{"start":{"line":316,"column":10},"end":{"line":316,"column":30}}},"fnMap":{"0":{"name":"Properties","decl":{"start":{"line":27,"column":24},"end":{"line":27,"column":34}},"loc":{"start":{"line":27,"column":37},"end":{"line":365,"column":1}},"line":27},"1":{"name":"(anonymous_1)","decl":{"start":{"line":40,"column":12},"end":{"line":40,"column":13}},"loc":{"start":{"line":40,"column":18},"end":{"line":43,"column":3}},"line":40},"2":{"name":"(anonymous_2)","decl":{"start":{"line":46,"column":12},"end":{"line":46,"column":13}},"loc":{"start":{"line":46,"column":18},"end":{"line":50,"column":3}},"line":46},"3":{"name":"(anonymous_3)","decl":{"start":{"line":54,"column":12},"end":{"line":54,"column":13}},"loc":{"start":{"line":54,"column":24},"end":{"line":64,"column":5}},"line":54},"4":{"name":"(anonymous_4)","decl":{"start":{"line":65,"column":10},"end":{"line":65,"column":11}},"loc":{"start":{"line":65,"column":20},"end":{"line":74,"column":5}},"line":65},"5":{"name":"(anonymous_5)","decl":{"start":{"line":69,"column":50},"end":{"line":69,"column":51}},"loc":{"start":{"line":69,"column":55},"end":{"line":69,"column":67}},"line":69},"6":{"name":"(anonymous_6)","decl":{"start":{"line":70,"column":50},"end":{"line":70,"column":51}},"loc":{"start":{"line":70,"column":55},"end":{"line":70,"column":67}},"line":70},"7":{"name":"(anonymous_7)","decl":{"start":{"line":77,"column":28},"end":{"line":77,"column":29}},"loc":{"start":{"line":77,"column":39},"end":{"line":79,"column":3}},"line":77},"8":{"name":"(anonymous_8)","decl":{"start":{"line":81,"column":28},"end":{"line":81,"column":29}},"loc":{"start":{"line":81,"column":34},"end":{"line":83,"column":3}},"line":81},"9":{"name":"(anonymous_9)","decl":{"start":{"line":85,"column":30},"end":{"line":85,"column":31}},"loc":{"start":{"line":85,"column":38},"end":{"line":87,"column":3}},"line":85},"10":{"name":"(anonymous_10)","decl":{"start":{"line":89,"column":36},"end":{"line":89,"column":37}},"loc":{"start":{"line":89,"column":51},"end":{"line":94,"column":3}},"line":89},"11":{"name":"(anonymous_11)","decl":{"start":{"line":96,"column":28},"end":{"line":96,"column":29}},"loc":{"start":{"line":96,"column":34},"end":{"line":98,"column":3}},"line":96},"12":{"name":"(anonymous_12)","decl":{"start":{"line":100,"column":28},"end":{"line":100,"column":29}},"loc":{"start":{"line":100,"column":34},"end":{"line":102,"column":3}},"line":100},"13":{"name":"(anonymous_13)","decl":{"start":{"line":104,"column":33},"end":{"line":104,"column":34}},"loc":{"start":{"line":104,"column":39},"end":{"line":107,"column":3}},"line":104},"14":{"name":"(anonymous_14)","decl":{"start":{"line":109,"column":34},"end":{"line":109,"column":35}},"loc":{"start":{"line":109,"column":40},"end":{"line":111,"column":3}},"line":109},"15":{"name":"(anonymous_15)","decl":{"start":{"line":113,"column":31},"end":{"line":113,"column":32}},"loc":{"start":{"line":113,"column":43},"end":{"line":125,"column":3}},"line":113},"16":{"name":"(anonymous_16)","decl":{"start":{"line":146,"column":20},"end":{"line":146,"column":21}},"loc":{"start":{"line":146,"column":27},"end":{"line":146,"column":56}},"line":146},"17":{"name":"(anonymous_17)","decl":{"start":{"line":204,"column":21},"end":{"line":204,"column":22}},"loc":{"start":{"line":204,"column":27},"end":{"line":204,"column":75}},"line":204},"18":{"name":"(anonymous_18)","decl":{"start":{"line":210,"column":21},"end":{"line":210,"column":22}},"loc":{"start":{"line":210,"column":27},"end":{"line":210,"column":81}},"line":210},"19":{"name":"(anonymous_19)","decl":{"start":{"line":216,"column":21},"end":{"line":216,"column":22}},"loc":{"start":{"line":216,"column":27},"end":{"line":216,"column":77}},"line":216},"20":{"name":"(anonymous_20)","decl":{"start":{"line":226,"column":21},"end":{"line":226,"column":22}},"loc":{"start":{"line":226,"column":27},"end":{"line":226,"column":70}},"line":226},"21":{"name":"(anonymous_21)","decl":{"start":{"line":232,"column":21},"end":{"line":232,"column":22}},"loc":{"start":{"line":232,"column":27},"end":{"line":232,"column":71}},"line":232},"22":{"name":"(anonymous_22)","decl":{"start":{"line":238,"column":21},"end":{"line":238,"column":22}},"loc":{"start":{"line":238,"column":27},"end":{"line":238,"column":73}},"line":238},"23":{"name":"(anonymous_23)","decl":{"start":{"line":267,"column":34},"end":{"line":267,"column":35}},"loc":{"start":{"line":268,"column":12},"end":{"line":283,"column":19}},"line":268},"24":{"name":"(anonymous_24)","decl":{"start":{"line":279,"column":53},"end":{"line":279,"column":54}},"loc":{"start":{"line":279,"column":58},"end":{"line":279,"column":70}},"line":279},"25":{"name":"(anonymous_25)","decl":{"start":{"line":280,"column":25},"end":{"line":280,"column":26}},"loc":{"start":{"line":280,"column":31},"end":{"line":280,"column":63}},"line":280},"26":{"name":"(anonymous_26)","decl":{"start":{"line":281,"column":29},"end":{"line":281,"column":30}},"loc":{"start":{"line":281,"column":36},"end":{"line":281,"column":77}},"line":281},"27":{"name":"(anonymous_27)","decl":{"start":{"line":302,"column":27},"end":{"line":302,"column":28}},"loc":{"start":{"line":302,"column":33},"end":{"line":305,"column":9}},"line":302},"28":{"name":"(anonymous_28)","decl":{"start":{"line":308,"column":27},"end":{"line":308,"column":28}},"loc":{"start":{"line":308,"column":33},"end":{"line":311,"column":9}},"line":308},"29":{"name":"(anonymous_29)","decl":{"start":{"line":314,"column":27},"end":{"line":314,"column":28}},"loc":{"start":{"line":314,"column":33},"end":{"line":317,"column":9}},"line":314}},"branchMap":{"0":{"loc":{"start":{"line":47,"column":4},"end":{"line":49,"column":5}},"type":"if","locations":[{"start":{"line":47,"column":4},"end":{"line":49,"column":5}},{"start":{},"end":{}}],"line":47},"1":{"loc":{"start":{"line":47,"column":8},"end":{"line":47,"column":43}},"type":"binary-expr","locations":[{"start":{"line":47,"column":8},"end":{"line":47,"column":31}},{"start":{"line":47,"column":35},"end":{"line":47,"column":43}}],"line":47},"2":{"loc":{"start":{"line":57,"column":8},"end":{"line":58,"column":74}},"type":"binary-expr","locations":[{"start":{"line":57,"column":8},"end":{"line":57,"column":71}},{"start":{"line":58,"column":8},"end":{"line":58,"column":74}}],"line":57},"3":{"loc":{"start":{"line":61,"column":26},"end":{"line":61,"column":82}},"type":"binary-expr","locations":[{"start":{"line":61,"column":26},"end":{"line":61,"column":48}},{"start":{"line":61,"column":52},"end":{"line":61,"column":82}}],"line":61},"4":{"loc":{"start":{"line":63,"column":13},"end":{"line":63,"column":41}},"type":"binary-expr","locations":[{"start":{"line":63,"column":13},"end":{"line":63,"column":26}},{"start":{"line":63,"column":30},"end":{"line":63,"column":41}}],"line":63},"5":{"loc":{"start":{"line":66,"column":6},"end":{"line":66,"column":65}},"type":"if","locations":[{"start":{"line":66,"column":6},"end":{"line":66,"column":65}},{"start":{},"end":{}}],"line":66},"6":{"loc":{"start":{"line":67,"column":6},"end":{"line":67,"column":85}},"type":"if","locations":[{"start":{"line":67,"column":6},"end":{"line":67,"column":85}},{"start":{},"end":{}}],"line":67},"7":{"loc":{"start":{"line":67,"column":38},"end":{"line":67,"column":58}},"type":"binary-expr","locations":[{"start":{"line":67,"column":38},"end":{"line":67,"column":53}},{"start":{"line":67,"column":57},"end":{"line":67,"column":58}}],"line":67},"8":{"loc":{"start":{"line":67,"column":63},"end":{"line":67,"column":83}},"type":"binary-expr","locations":[{"start":{"line":67,"column":63},"end":{"line":67,"column":78}},{"start":{"line":67,"column":82},"end":{"line":67,"column":83}}],"line":67},"9":{"loc":{"start":{"line":68,"column":6},"end":{"line":72,"column":7}},"type":"if","locations":[{"start":{"line":68,"column":6},"end":{"line":72,"column":7}},{"start":{},"end":{}}],"line":68},"10":{"loc":{"start":{"line":69,"column":25},"end":{"line":69,"column":96}},"type":"cond-expr","locations":[{"start":{"line":69,"column":35},"end":{"line":69,"column":92}},{"start":{"line":69,"column":95},"end":{"line":69,"column":96}}],"line":69},"11":{"loc":{"start":{"line":70,"column":25},"end":{"line":70,"column":96}},"type":"cond-expr","locations":[{"start":{"line":70,"column":35},"end":{"line":70,"column":92}},{"start":{"line":70,"column":95},"end":{"line":70,"column":96}}],"line":70},"12":{"loc":{"start":{"line":114,"column":4},"end":{"line":114,"column":36}},"type":"if","locations":[{"start":{"line":114,"column":4},"end":{"line":114,"column":36}},{"start":{},"end":{}}],"line":114},"13":{"loc":{"start":{"line":246,"column":7},"end":{"line":286,"column":7}},"type":"cond-expr","locations":[{"start":{"line":247,"column":8},"end":{"line":249,"column":14}},{"start":{"line":250,"column":10},"end":{"line":286,"column":7}}],"line":246},"14":{"loc":{"start":{"line":250,"column":10},"end":{"line":286,"column":7}},"type":"cond-expr","locations":[{"start":{"line":251,"column":8},"end":{"line":253,"column":14}},{"start":{"line":254,"column":10},"end":{"line":286,"column":7}}],"line":250},"15":{"loc":{"start":{"line":254,"column":10},"end":{"line":286,"column":7}},"type":"cond-expr","locations":[{"start":{"line":255,"column":8},"end":{"line":264,"column":10}},{"start":{"line":266,"column":8},"end":{"line":285,"column":15}}],"line":254},"16":{"loc":{"start":{"line":256,"column":17},"end":{"line":256,"column":76}},"type":"cond-expr","locations":[{"start":{"line":256,"column":30},"end":{"line":256,"column":54}},{"start":{"line":256,"column":57},"end":{"line":256,"column":76}}],"line":256},"17":{"loc":{"start":{"line":257,"column":19},"end":{"line":259,"column":54}},"type":"cond-expr","locations":[{"start":{"line":258,"column":14},"end":{"line":258,"column":51}},{"start":{"line":259,"column":14},"end":{"line":259,"column":54}}],"line":257},"18":{"loc":{"start":{"line":277,"column":22},"end":{"line":277,"column":50}},"type":"binary-expr","locations":[{"start":{"line":277,"column":22},"end":{"line":277,"column":35}},{"start":{"line":277,"column":39},"end":{"line":277,"column":50}}],"line":277},"19":{"loc":{"start":{"line":278,"column":23},"end":{"line":278,"column":50}},"type":"binary-expr","locations":[{"start":{"line":278,"column":23},"end":{"line":278,"column":45}},{"start":{"line":278,"column":49},"end":{"line":278,"column":50}}],"line":278},"20":{"loc":{"start":{"line":279,"column":30},"end":{"line":279,"column":83}},"type":"binary-expr","locations":[{"start":{"line":279,"column":30},"end":{"line":279,"column":78}},{"start":{"line":279,"column":82},"end":{"line":279,"column":83}}],"line":279},"21":{"loc":{"start":{"line":359,"column":13},"end":{"line":359,"column":65}},"type":"cond-expr","locations":[{"start":{"line":359,"column":26},"end":{"line":359,"column":54}},{"start":{"line":359,"column":57},"end":{"line":359,"column":65}}],"line":359}},"s":{"0":20,"1":20,"2":20,"3":20,"4":20,"5":20,"6":20,"7":20,"8":20,"9":20,"10":20,"11":20,"12":9,"13":9,"14":20,"15":9,"16":2,"17":20,"18":34,"19":34,"20":34,"21":14,"22":13,"23":1,"24":1,"25":0,"26":0,"27":0,"28":0,"29":0,"30":0,"31":0,"32":20,"33":2,"34":20,"35":2,"36":20,"37":1,"38":20,"39":1,"40":1,"41":1,"42":1,"43":20,"44":1,"45":20,"46":2,"47":20,"48":1,"49":1,"50":20,"51":0,"52":20,"53":1,"54":0,"55":1,"56":1,"57":1,"58":1,"59":0,"60":1,"61":20,"62":3,"63":0,"64":0,"65":1,"66":1,"67":0,"68":0,"69":0,"70":0,"71":1,"72":1,"73":0,"74":0,"75":31,"76":46,"77":1,"78":1,"79":0,"80":0,"81":0,"82":0,"83":0,"84":0},"f":{"0":20,"1":9,"2":9,"3":34,"4":14,"5":0,"6":0,"7":2,"8":2,"9":1,"10":1,"11":1,"12":2,"13":1,"14":0,"15":1,"16":3,"17":0,"18":1,"19":0,"20":0,"21":1,"22":0,"23":31,"24":46,"25":1,"26":1,"27":0,"28":0,"29":0},"b":{"0":[2,7],"1":[9,3],"2":[34,5],"3":[34,6],"4":[34,31],"5":[13,1],"6":[1,0],"7":[1,0],"8":[1,0],"9":[0,0],"10":[0,0],"11":[0,0],"12":[0,1],"13":[1,19],"14":[1,18],"15":[1,17],"16":[0,1],"17":[0,1],"18":[31,0],"19":[31,0],"20":[31,16],"21":[1,19]},"_coverageSchema":"1a1c01bbd47fc00a2c39e90264f33305004495a9","hash":"aa39e3c2422cc5af03133f80c3218b38b19118a0"}
}
