{"/Users/mjoyner/Property/frontend/src/App.jsx": {"path":"/Users/mjoyner/Property/frontend/src/App.jsx","statementMap":{"0":{"start":{"line":23,"column":20},"end":{"line":23,"column":67}},"1":{"start":{"line":23,"column":37},"end":{"line":23,"column":66}},"2":{"start":{"line":24,"column":18},"end":{"line":24,"column":63}},"3":{"start":{"line":24,"column":35},"end":{"line":24,"column":62}},"4":{"start":{"line":25,"column":17},"end":{"line":25,"column":61}},"5":{"start":{"line":25,"column":34},"end":{"line":25,"column":60}},"6":{"start":{"line":26,"column":17},"end":{"line":26,"column":61}},"7":{"start":{"line":26,"column":34},"end":{"line":26,"column":60}},"8":{"start":{"line":27,"column":19},"end":{"line":27,"column":65}},"9":{"start":{"line":27,"column":36},"end":{"line":27,"column":64}},"10":{"start":{"line":28,"column":21},"end":{"line":28,"column":69}},"11":{"start":{"line":28,"column":38},"end":{"line":28,"column":68}},"12":{"start":{"line":29,"column":23},"end":{"line":29,"column":73}},"13":{"start":{"line":29,"column":40},"end":{"line":29,"column":72}},"14":{"start":{"line":30,"column":20},"end":{"line":30,"column":67}},"15":{"start":{"line":30,"column":37},"end":{"line":30,"column":66}},"16":{"start":{"line":31,"column":26},"end":{"line":31,"column":79}},"17":{"start":{"line":31,"column":43},"end":{"line":31,"column":78}},"18":{"start":{"line":32,"column":16},"end":{"line":32,"column":59}},"19":{"start":{"line":32,"column":33},"end":{"line":32,"column":58}},"20":{"start":{"line":33,"column":21},"end":{"line":33,"column":69}},"21":{"start":{"line":33,"column":38},"end":{"line":33,"column":68}},"22":{"start":{"line":34,"column":17},"end":{"line":34,"column":61}},"23":{"start":{"line":34,"column":34},"end":{"line":34,"column":60}},"24":{"start":{"line":35,"column":21},"end":{"line":35,"column":69}},"25":{"start":{"line":35,"column":38},"end":{"line":35,"column":68}},"26":{"start":{"line":36,"column":22},"end":{"line":36,"column":71}},"27":{"start":{"line":36,"column":39},"end":{"line":36,"column":70}},"28":{"start":{"line":37,"column":17},"end":{"line":37,"column":61}},"29":{"start":{"line":37,"column":34},"end":{"line":37,"column":60}},"30":{"start":{"line":38,"column":16},"end":{"line":38,"column":59}},"31":{"start":{"line":38,"column":33},"end":{"line":38,"column":58}},"32":{"start":{"line":39,"column":17},"end":{"line":39,"column":61}},"33":{"start":{"line":39,"column":34},"end":{"line":39,"column":60}},"34":{"start":{"line":40,"column":16},"end":{"line":40,"column":59}},"35":{"start":{"line":40,"column":33},"end":{"line":40,"column":58}},"36":{"start":{"line":41,"column":14},"end":{"line":41,"column":55}},"37":{"start":{"line":41,"column":31},"end":{"line":41,"column":54}},"38":{"start":{"line":42,"column":21},"end":{"line":42,"column":69}},"39":{"start":{"line":42,"column":38},"end":{"line":42,"column":68}},"40":{"start":{"line":43,"column":23},"end":{"line":43,"column":73}},"41":{"start":{"line":43,"column":40},"end":{"line":43,"column":72}},"42":{"start":{"line":44,"column":21},"end":{"line":44,"column":69}},"43":{"start":{"line":44,"column":38},"end":{"line":44,"column":68}},"44":{"start":{"line":45,"column":21},"end":{"line":45,"column":69}},"45":{"start":{"line":45,"column":38},"end":{"line":45,"column":68}},"46":{"start":{"line":46,"column":27},"end":{"line":46,"column":81}},"47":{"start":{"line":46,"column":44},"end":{"line":46,"column":80}},"48":{"start":{"line":47,"column":25},"end":{"line":47,"column":77}},"49":{"start":{"line":47,"column":42},"end":{"line":47,"column":76}},"50":{"start":{"line":48,"column":14},"end":{"line":48,"column":55}},"51":{"start":{"line":48,"column":31},"end":{"line":48,"column":54}},"52":{"start":{"line":49,"column":17},"end":{"line":49,"column":61}},"53":{"start":{"line":49,"column":34},"end":{"line":49,"column":60}},"54":{"start":{"line":50,"column":23},"end":{"line":50,"column":73}},"55":{"start":{"line":50,"column":40},"end":{"line":50,"column":72}},"56":{"start":{"line":51,"column":22},"end":{"line":51,"column":71}},"57":{"start":{"line":51,"column":39},"end":{"line":51,"column":70}},"58":{"start":{"line":52,"column":20},"end":{"line":52,"column":67}},"59":{"start":{"line":52,"column":37},"end":{"line":52,"column":66}},"60":{"start":{"line":53,"column":21},"end":{"line":53,"column":69}},"61":{"start":{"line":53,"column":38},"end":{"line":53,"column":68}},"62":{"start":{"line":54,"column":17},"end":{"line":54,"column":61}},"63":{"start":{"line":54,"column":34},"end":{"line":54,"column":60}},"64":{"start":{"line":55,"column":20},"end":{"line":55,"column":67}},"65":{"start":{"line":55,"column":37},"end":{"line":55,"column":66}},"66":{"start":{"line":58,"column":21},"end":{"line":92,"column":1}},"67":{"start":{"line":95,"column":19},"end":{"line":456,"column":1}},"68":{"start":{"line":96,"column":2},"end":{"line":455,"column":4}},"69":{"start":{"line":100,"column":26},"end":{"line":100,"column":55}},"70":{"start":{"line":103,"column":8},"end":{"line":106,"column":9}},"71":{"start":{"line":104,"column":10},"end":{"line":104,"column":90}},"72":{"start":{"line":105,"column":10},"end":{"line":105,"column":22}},"73":{"start":{"line":109,"column":27},"end":{"line":109,"column":31}},"74":{"start":{"line":111,"column":8},"end":{"line":160,"column":9}},"75":{"start":{"line":112,"column":10},"end":{"line":124,"column":12}},"76":{"start":{"line":125,"column":15},"end":{"line":160,"column":9}},"77":{"start":{"line":126,"column":10},"end":{"line":138,"column":12}},"78":{"start":{"line":139,"column":15},"end":{"line":160,"column":9}},"79":{"start":{"line":140,"column":10},"end":{"line":152,"column":12}},"80":{"start":{"line":153,"column":15},"end":{"line":160,"column":9}},"81":{"start":{"line":155,"column":10},"end":{"line":159,"column":12}},"82":{"start":{"line":162,"column":8},"end":{"line":162,"column":78}},"83":{"start":{"line":166,"column":26},"end":{"line":166,"column":55}},"84":{"start":{"line":169,"column":8},"end":{"line":172,"column":9}},"85":{"start":{"line":170,"column":10},"end":{"line":170,"column":90}},"86":{"start":{"line":171,"column":10},"end":{"line":171,"column":22}},"87":{"start":{"line":175,"column":27},"end":{"line":175,"column":31}},"88":{"start":{"line":177,"column":8},"end":{"line":226,"column":9}},"89":{"start":{"line":178,"column":10},"end":{"line":190,"column":12}},"90":{"start":{"line":191,"column":15},"end":{"line":226,"column":9}},"91":{"start":{"line":192,"column":10},"end":{"line":204,"column":12}},"92":{"start":{"line":205,"column":15},"end":{"line":226,"column":9}},"93":{"start":{"line":206,"column":10},"end":{"line":218,"column":12}},"94":{"start":{"line":219,"column":15},"end":{"line":226,"column":9}},"95":{"start":{"line":221,"column":10},"end":{"line":225,"column":12}},"96":{"start":{"line":228,"column":8},"end":{"line":228,"column":78}},"97":{"start":{"line":463,"column":12},"end":{"line":475,"column":1}},"98":{"start":{"line":464,"column":2},"end":{"line":474,"column":18}}},"fnMap":{"0":{"name":"(anonymous_0)","decl":{"start":{"line":23,"column":31},"end":{"line":23,"column":32}},"loc":{"start":{"line":23,"column":37},"end":{"line":23,"column":66}},"line":23},"1":{"name":"(anonymous_1)","decl":{"start":{"line":24,"column":29},"end":{"line":24,"column":30}},"loc":{"start":{"line":24,"column":35},"end":{"line":24,"column":62}},"line":24},"2":{"name":"(anonymous_2)","decl":{"start":{"line":25,"column":28},"end":{"line":25,"column":29}},"loc":{"start":{"line":25,"column":34},"end":{"line":25,"column":60}},"line":25},"3":{"name":"(anonymous_3)","decl":{"start":{"line":26,"column":28},"end":{"line":26,"column":29}},"loc":{"start":{"line":26,"column":34},"end":{"line":26,"column":60}},"line":26},"4":{"name":"(anonymous_4)","decl":{"start":{"line":27,"column":30},"end":{"line":27,"column":31}},"loc":{"start":{"line":27,"column":36},"end":{"line":27,"column":64}},"line":27},"5":{"name":"(anonymous_5)","decl":{"start":{"line":28,"column":32},"end":{"line":28,"column":33}},"loc":{"start":{"line":28,"column":38},"end":{"line":28,"column":68}},"line":28},"6":{"name":"(anonymous_6)","decl":{"start":{"line":29,"column":34},"end":{"line":29,"column":35}},"loc":{"start":{"line":29,"column":40},"end":{"line":29,"column":72}},"line":29},"7":{"name":"(anonymous_7)","decl":{"start":{"line":30,"column":31},"end":{"line":30,"column":32}},"loc":{"start":{"line":30,"column":37},"end":{"line":30,"column":66}},"line":30},"8":{"name":"(anonymous_8)","decl":{"start":{"line":31,"column":37},"end":{"line":31,"column":38}},"loc":{"start":{"line":31,"column":43},"end":{"line":31,"column":78}},"line":31},"9":{"name":"(anonymous_9)","decl":{"start":{"line":32,"column":27},"end":{"line":32,"column":28}},"loc":{"start":{"line":32,"column":33},"end":{"line":32,"column":58}},"line":32},"10":{"name":"(anonymous_10)","decl":{"start":{"line":33,"column":32},"end":{"line":33,"column":33}},"loc":{"start":{"line":33,"column":38},"end":{"line":33,"column":68}},"line":33},"11":{"name":"(anonymous_11)","decl":{"start":{"line":34,"column":28},"end":{"line":34,"column":29}},"loc":{"start":{"line":34,"column":34},"end":{"line":34,"column":60}},"line":34},"12":{"name":"(anonymous_12)","decl":{"start":{"line":35,"column":32},"end":{"line":35,"column":33}},"loc":{"start":{"line":35,"column":38},"end":{"line":35,"column":68}},"line":35},"13":{"name":"(anonymous_13)","decl":{"start":{"line":36,"column":33},"end":{"line":36,"column":34}},"loc":{"start":{"line":36,"column":39},"end":{"line":36,"column":70}},"line":36},"14":{"name":"(anonymous_14)","decl":{"start":{"line":37,"column":28},"end":{"line":37,"column":29}},"loc":{"start":{"line":37,"column":34},"end":{"line":37,"column":60}},"line":37},"15":{"name":"(anonymous_15)","decl":{"start":{"line":38,"column":27},"end":{"line":38,"column":28}},"loc":{"start":{"line":38,"column":33},"end":{"line":38,"column":58}},"line":38},"16":{"name":"(anonymous_16)","decl":{"start":{"line":39,"column":28},"end":{"line":39,"column":29}},"loc":{"start":{"line":39,"column":34},"end":{"line":39,"column":60}},"line":39},"17":{"name":"(anonymous_17)","decl":{"start":{"line":40,"column":27},"end":{"line":40,"column":28}},"loc":{"start":{"line":40,"column":33},"end":{"line":40,"column":58}},"line":40},"18":{"name":"(anonymous_18)","decl":{"start":{"line":41,"column":25},"end":{"line":41,"column":26}},"loc":{"start":{"line":41,"column":31},"end":{"line":41,"column":54}},"line":41},"19":{"name":"(anonymous_19)","decl":{"start":{"line":42,"column":32},"end":{"line":42,"column":33}},"loc":{"start":{"line":42,"column":38},"end":{"line":42,"column":68}},"line":42},"20":{"name":"(anonymous_20)","decl":{"start":{"line":43,"column":34},"end":{"line":43,"column":35}},"loc":{"start":{"line":43,"column":40},"end":{"line":43,"column":72}},"line":43},"21":{"name":"(anonymous_21)","decl":{"start":{"line":44,"column":32},"end":{"line":44,"column":33}},"loc":{"start":{"line":44,"column":38},"end":{"line":44,"column":68}},"line":44},"22":{"name":"(anonymous_22)","decl":{"start":{"line":45,"column":32},"end":{"line":45,"column":33}},"loc":{"start":{"line":45,"column":38},"end":{"line":45,"column":68}},"line":45},"23":{"name":"(anonymous_23)","decl":{"start":{"line":46,"column":38},"end":{"line":46,"column":39}},"loc":{"start":{"line":46,"column":44},"end":{"line":46,"column":80}},"line":46},"24":{"name":"(anonymous_24)","decl":{"start":{"line":47,"column":36},"end":{"line":47,"column":37}},"loc":{"start":{"line":47,"column":42},"end":{"line":47,"column":76}},"line":47},"25":{"name":"(anonymous_25)","decl":{"start":{"line":48,"column":25},"end":{"line":48,"column":26}},"loc":{"start":{"line":48,"column":31},"end":{"line":48,"column":54}},"line":48},"26":{"name":"(anonymous_26)","decl":{"start":{"line":49,"column":28},"end":{"line":49,"column":29}},"loc":{"start":{"line":49,"column":34},"end":{"line":49,"column":60}},"line":49},"27":{"name":"(anonymous_27)","decl":{"start":{"line":50,"column":34},"end":{"line":50,"column":35}},"loc":{"start":{"line":50,"column":40},"end":{"line":50,"column":72}},"line":50},"28":{"name":"(anonymous_28)","decl":{"start":{"line":51,"column":33},"end":{"line":51,"column":34}},"loc":{"start":{"line":51,"column":39},"end":{"line":51,"column":70}},"line":51},"29":{"name":"(anonymous_29)","decl":{"start":{"line":52,"column":31},"end":{"line":52,"column":32}},"loc":{"start":{"line":52,"column":37},"end":{"line":52,"column":66}},"line":52},"30":{"name":"(anonymous_30)","decl":{"start":{"line":53,"column":32},"end":{"line":53,"column":33}},"loc":{"start":{"line":53,"column":38},"end":{"line":53,"column":68}},"line":53},"31":{"name":"(anonymous_31)","decl":{"start":{"line":54,"column":28},"end":{"line":54,"column":29}},"loc":{"start":{"line":54,"column":34},"end":{"line":54,"column":60}},"line":54},"32":{"name":"(anonymous_32)","decl":{"start":{"line":55,"column":31},"end":{"line":55,"column":32}},"loc":{"start":{"line":55,"column":37},"end":{"line":55,"column":66}},"line":55},"33":{"name":"(anonymous_33)","decl":{"start":{"line":95,"column":19},"end":{"line":95,"column":20}},"loc":{"start":{"line":95,"column":25},"end":{"line":456,"column":1}},"line":95},"34":{"name":"(anonymous_34)","decl":{"start":{"line":98,"column":23},"end":{"line":98,"column":24}},"loc":{"start":{"line":98,"column":41},"end":{"line":163,"column":7}},"line":98},"35":{"name":"(anonymous_35)","decl":{"start":{"line":164,"column":23},"end":{"line":164,"column":24}},"loc":{"start":{"line":164,"column":41},"end":{"line":229,"column":7}},"line":164},"36":{"name":"(anonymous_36)","decl":{"start":{"line":463,"column":12},"end":{"line":463,"column":13}},"loc":{"start":{"line":464,"column":2},"end":{"line":474,"column":18}},"line":464}},"branchMap":{"0":{"loc":{"start":{"line":103,"column":8},"end":{"line":106,"column":9}},"type":"if","locations":[{"start":{"line":103,"column":8},"end":{"line":106,"column":9}},{"start":{},"end":{}}],"line":103},"1":{"loc":{"start":{"line":111,"column":8},"end":{"line":160,"column":9}},"type":"if","locations":[{"start":{"line":111,"column":8},"end":{"line":160,"column":9}},{"start":{"line":125,"column":15},"end":{"line":160,"column":9}}],"line":111},"2":{"loc":{"start":{"line":115,"column":17},"end":{"line":121,"column":17}},"type":"cond-expr","locations":[{"start":{"line":116,"column":18},"end":{"line":118,"column":31}},{"start":{"line":120,"column":18},"end":{"line":120,"column":31}}],"line":115},"3":{"loc":{"start":{"line":125,"column":15},"end":{"line":160,"column":9}},"type":"if","locations":[{"start":{"line":125,"column":15},"end":{"line":160,"column":9}},{"start":{"line":139,"column":15},"end":{"line":160,"column":9}}],"line":125},"4":{"loc":{"start":{"line":129,"column":17},"end":{"line":135,"column":17}},"type":"cond-expr","locations":[{"start":{"line":130,"column":18},"end":{"line":132,"column":31}},{"start":{"line":134,"column":18},"end":{"line":134,"column":31}}],"line":129},"5":{"loc":{"start":{"line":139,"column":15},"end":{"line":160,"column":9}},"type":"if","locations":[{"start":{"line":139,"column":15},"end":{"line":160,"column":9}},{"start":{"line":153,"column":15},"end":{"line":160,"column":9}}],"line":139},"6":{"loc":{"start":{"line":143,"column":17},"end":{"line":149,"column":17}},"type":"cond-expr","locations":[{"start":{"line":144,"column":18},"end":{"line":146,"column":31}},{"start":{"line":148,"column":18},"end":{"line":148,"column":31}}],"line":143},"7":{"loc":{"start":{"line":153,"column":15},"end":{"line":160,"column":9}},"type":"if","locations":[{"start":{"line":153,"column":15},"end":{"line":160,"column":9}},{"start":{},"end":{}}],"line":153},"8":{"loc":{"start":{"line":169,"column":8},"end":{"line":172,"column":9}},"type":"if","locations":[{"start":{"line":169,"column":8},"end":{"line":172,"column":9}},{"start":{},"end":{}}],"line":169},"9":{"loc":{"start":{"line":177,"column":8},"end":{"line":226,"column":9}},"type":"if","locations":[{"start":{"line":177,"column":8},"end":{"line":226,"column":9}},{"start":{"line":191,"column":15},"end":{"line":226,"column":9}}],"line":177},"10":{"loc":{"start":{"line":181,"column":17},"end":{"line":187,"column":17}},"type":"cond-expr","locations":[{"start":{"line":182,"column":18},"end":{"line":184,"column":31}},{"start":{"line":186,"column":18},"end":{"line":186,"column":31}}],"line":181},"11":{"loc":{"start":{"line":191,"column":15},"end":{"line":226,"column":9}},"type":"if","locations":[{"start":{"line":191,"column":15},"end":{"line":226,"column":9}},{"start":{"line":205,"column":15},"end":{"line":226,"column":9}}],"line":191},"12":{"loc":{"start":{"line":195,"column":17},"end":{"line":201,"column":17}},"type":"cond-expr","locations":[{"start":{"line":196,"column":18},"end":{"line":198,"column":31}},{"start":{"line":200,"column":18},"end":{"line":200,"column":31}}],"line":195},"13":{"loc":{"start":{"line":205,"column":15},"end":{"line":226,"column":9}},"type":"if","locations":[{"start":{"line":205,"column":15},"end":{"line":226,"column":9}},{"start":{"line":219,"column":15},"end":{"line":226,"column":9}}],"line":205},"14":{"loc":{"start":{"line":209,"column":17},"end":{"line":215,"column":17}},"type":"cond-expr","locations":[{"start":{"line":210,"column":18},"end":{"line":212,"column":31}},{"start":{"line":214,"column":18},"end":{"line":214,"column":31}}],"line":209},"15":{"loc":{"start":{"line":219,"column":15},"end":{"line":226,"column":9}},"type":"if","locations":[{"start":{"line":219,"column":15},"end":{"line":226,"column":9}},{"start":{},"end":{}}],"line":219}},"s":{"0":0,"1":0,"2":0,"3":0,"4":0,"5":0,"6":0,"7":0,"8":0,"9":0,"10":0,"11":0,"12":0,"13":0,"14":0,"15":0,"16":0,"17":0,"18":0,"19":0,"20":0,"21":0,"22":0,"23":0,"24":0,"25":0,"26":0,"27":0,"28":0,"29":0,"30":0,"31":0,"32":0,"33":0,"34":0,"35":0,"36":0,"37":0,"38":0,"39":0,"40":0,"41":0,"42":0,"43":0,"44":0,"45":0,"46":0,"47":0,"48":0,"49":0,"50":0,"51":0,"52":0,"53":0,"54":0,"55":0,"56":0,"57":0,"58":0,"59":0,"60":0,"61":0,"62":0,"63":0,"64":0,"65":0,"66":0,"67":0,"68":0,"69":0,"70":0,"71":0,"72":0,"73":0,"74":0,"75":0,"76":0,"77":0,"78":0,"79":0,"80":0,"81":0,"82":0,"83":0,"84":0,"85":0,"86":0,"87":0,"88":0,"89":0,"90":0,"91":0,"92":0,"93":0,"94":0,"95":0,"96":0,"97":0,"98":0},"f":{"0":0,"1":0,"2":0,"3":0,"4":0,"5":0,"6":0,"7":0,"8":0,"9":0,"10":0,"11":0,"12":0,"13":0,"14":0,"15":0,"16":0,"17":0,"18":0,"19":0,"20":0,"21":0,"22":0,"23":0,"24":0,"25":0,"26":0,"27":0,"28":0,"29":0,"30":0,"31":0,"32":0,"33":0,"34":0,"35":0,"36":0},"b":{"0":[0,0],"1":[0,0],"2":[0,0],"3":[0,0],"4":[0,0],"5":[0,0],"6":[0,0],"7":[0,0],"8":[0,0],"9":[0,0],"10":[0,0],"11":[0,0],"12":[0,0],"13":[0,0],"14":[0,0],"15":[0,0]}}
,"/Users/mjoyner/Property/frontend/src/theme.js": {"path":"/Users/mjoyner/Property/frontend/src/theme.js","statementMap":{"0":{"start":{"line":3,"column":14},"end":{"line":217,"column":2}}},"fnMap":{},"branchMap":{},"s":{"0":1},"f":{},"b":{},"_coverageSchema":"1a1c01bbd47fc00a2c39e90264f33305004495a9","hash":"d5ea086954abc7b28654b3113acb8b2eaa52f835"}
,"/Users/mjoyner/Property/frontend/src/auth/ForgotPassword.jsx": {"path":"/Users/mjoyner/Property/frontend/src/auth/ForgotPassword.jsx","statementMap":{"0":{"start":{"line":6,"column":28},"end":{"line":6,"column":40}},"1":{"start":{"line":7,"column":36},"end":{"line":7,"column":51}},"2":{"start":{"line":8,"column":28},"end":{"line":8,"column":40}},"3":{"start":{"line":10,"column":23},"end":{"line":36,"column":3}},"4":{"start":{"line":11,"column":4},"end":{"line":11,"column":23}},"5":{"start":{"line":12,"column":4},"end":{"line":12,"column":17}},"6":{"start":{"line":13,"column":4},"end":{"line":13,"column":24}},"7":{"start":{"line":15,"column":4},"end":{"line":18,"column":5}},"8":{"start":{"line":16,"column":6},"end":{"line":16,"column":37}},"9":{"start":{"line":17,"column":6},"end":{"line":17,"column":13}},"10":{"start":{"line":21,"column":4},"end":{"line":35,"column":5}},"11":{"start":{"line":22,"column":18},"end":{"line":26,"column":8}},"12":{"start":{"line":27,"column":6},"end":{"line":32,"column":7}},"13":{"start":{"line":28,"column":8},"end":{"line":28,"column":27}},"14":{"start":{"line":30,"column":21},"end":{"line":30,"column":37}},"15":{"start":{"line":31,"column":8},"end":{"line":31,"column":62}},"16":{"start":{"line":34,"column":6},"end":{"line":34,"column":51}},"17":{"start":{"line":38,"column":2},"end":{"line":66,"column":4}},"18":{"start":{"line":49,"column":27},"end":{"line":49,"column":51}}},"fnMap":{"0":{"name":"ForgotPassword","decl":{"start":{"line":5,"column":24},"end":{"line":5,"column":38}},"loc":{"start":{"line":5,"column":41},"end":{"line":67,"column":1}},"line":5},"1":{"name":"(anonymous_1)","decl":{"start":{"line":10,"column":23},"end":{"line":10,"column":24}},"loc":{"start":{"line":10,"column":36},"end":{"line":36,"column":3}},"line":10},"2":{"name":"(anonymous_2)","decl":{"start":{"line":49,"column":20},"end":{"line":49,"column":21}},"loc":{"start":{"line":49,"column":27},"end":{"line":49,"column":51}},"line":49}},"branchMap":{"0":{"loc":{"start":{"line":15,"column":4},"end":{"line":18,"column":5}},"type":"if","locations":[{"start":{"line":15,"column":4},"end":{"line":18,"column":5}},{"start":{},"end":{}}],"line":15},"1":{"loc":{"start":{"line":27,"column":6},"end":{"line":32,"column":7}},"type":"if","locations":[{"start":{"line":27,"column":6},"end":{"line":32,"column":7}},{"start":{"line":29,"column":13},"end":{"line":32,"column":7}}],"line":27},"2":{"loc":{"start":{"line":31,"column":17},"end":{"line":31,"column":60}},"type":"binary-expr","locations":[{"start":{"line":31,"column":17},"end":{"line":31,"column":27}},{"start":{"line":31,"column":31},"end":{"line":31,"column":60}}],"line":31},"3":{"loc":{"start":{"line":55,"column":7},"end":{"line":59,"column":7}},"type":"binary-expr","locations":[{"start":{"line":55,"column":7},"end":{"line":55,"column":16}},{"start":{"line":56,"column":8},"end":{"line":58,"column":16}}],"line":55},"4":{"loc":{"start":{"line":60,"column":7},"end":{"line":64,"column":7}},"type":"binary-expr","locations":[{"start":{"line":60,"column":7},"end":{"line":60,"column":12}},{"start":{"line":61,"column":8},"end":{"line":63,"column":16}}],"line":60}},"s":{"0":49,"1":48,"2":48,"3":48,"4":3,"5":3,"6":3,"7":3,"8":1,"9":1,"10":2,"11":2,"12":2,"13":1,"14":1,"15":1,"16":0,"17":48,"18":39},"f":{"0":49,"1":3,"2":39},"b":{"0":[1,2],"1":[1,1],"2":[1,0],"3":[48,2],"4":[48,3]},"_coverageSchema":"1a1c01bbd47fc00a2c39e90264f33305004495a9","hash":"064ff520d60a446140a02573d27a0b2457f14022"}
,"/Users/mjoyner/Property/frontend/src/auth/Login.jsx": {"path":"/Users/mjoyner/Property/frontend/src/auth/Login.jsx","statementMap":{"0":{"start":{"line":16,"column":28},"end":{"line":16,"column":40}},"1":{"start":{"line":17,"column":34},"end":{"line":17,"column":46}},"2":{"start":{"line":18,"column":26},"end":{"line":18,"column":44}},"3":{"start":{"line":19,"column":32},"end":{"line":19,"column":47}},"4":{"start":{"line":20,"column":28},"end":{"line":20,"column":40}},"5":{"start":{"line":22,"column":19},"end":{"line":22,"column":32}},"6":{"start":{"line":24,"column":22},"end":{"line":56,"column":3}},"7":{"start":{"line":25,"column":4},"end":{"line":25,"column":23}},"8":{"start":{"line":26,"column":4},"end":{"line":26,"column":21}},"9":{"start":{"line":27,"column":4},"end":{"line":27,"column":17}},"10":{"start":{"line":29,"column":4},"end":{"line":55,"column":5}},"11":{"start":{"line":31,"column":6},"end":{"line":31,"column":71}},"12":{"start":{"line":33,"column":22},"end":{"line":33,"column":82}},"13":{"start":{"line":34,"column":6},"end":{"line":34,"column":43}},"14":{"start":{"line":36,"column":18},"end":{"line":36,"column":91}},"15":{"start":{"line":37,"column":6},"end":{"line":37,"column":47}},"16":{"start":{"line":39,"column":6},"end":{"line":39,"column":59}},"17":{"start":{"line":40,"column":6},"end":{"line":40,"column":66}},"18":{"start":{"line":43,"column":6},"end":{"line":43,"column":89}},"19":{"start":{"line":45,"column":6},"end":{"line":45,"column":29}},"20":{"start":{"line":47,"column":6},"end":{"line":47,"column":41}},"21":{"start":{"line":48,"column":6},"end":{"line":52,"column":7}},"22":{"start":{"line":49,"column":8},"end":{"line":49,"column":61}},"23":{"start":{"line":51,"column":8},"end":{"line":51,"column":76}},"24":{"start":{"line":54,"column":6},"end":{"line":54,"column":24}},"25":{"start":{"line":58,"column":2},"end":{"line":194,"column":4}},"26":{"start":{"line":133,"column":31},"end":{"line":133,"column":55}},"27":{"start":{"line":144,"column":31},"end":{"line":144,"column":58}},"28":{"start":{"line":155,"column":31},"end":{"line":155,"column":50}},"29":{"start":{"line":164,"column":31},"end":{"line":164,"column":48}}},"fnMap":{"0":{"name":"Login","decl":{"start":{"line":15,"column":24},"end":{"line":15,"column":29}},"loc":{"start":{"line":15,"column":32},"end":{"line":195,"column":1}},"line":15},"1":{"name":"(anonymous_1)","decl":{"start":{"line":24,"column":22},"end":{"line":24,"column":23}},"loc":{"start":{"line":24,"column":35},"end":{"line":56,"column":3}},"line":24},"2":{"name":"(anonymous_2)","decl":{"start":{"line":133,"column":24},"end":{"line":133,"column":25}},"loc":{"start":{"line":133,"column":31},"end":{"line":133,"column":55}},"line":133},"3":{"name":"(anonymous_3)","decl":{"start":{"line":144,"column":24},"end":{"line":144,"column":25}},"loc":{"start":{"line":144,"column":31},"end":{"line":144,"column":58}},"line":144},"4":{"name":"(anonymous_4)","decl":{"start":{"line":155,"column":25},"end":{"line":155,"column":26}},"loc":{"start":{"line":155,"column":31},"end":{"line":155,"column":50}},"line":155},"5":{"name":"(anonymous_5)","decl":{"start":{"line":164,"column":25},"end":{"line":164,"column":26}},"loc":{"start":{"line":164,"column":31},"end":{"line":164,"column":48}},"line":164}},"branchMap":{"0":{"loc":{"start":{"line":33,"column":22},"end":{"line":33,"column":82}},"type":"binary-expr","locations":[{"start":{"line":33,"column":22},"end":{"line":33,"column":51}},{"start":{"line":33,"column":55},"end":{"line":33,"column":82}}],"line":33},"1":{"loc":{"start":{"line":48,"column":6},"end":{"line":52,"column":7}},"type":"if","locations":[{"start":{"line":48,"column":6},"end":{"line":52,"column":7}},{"start":{"line":50,"column":13},"end":{"line":52,"column":7}}],"line":48},"2":{"loc":{"start":{"line":48,"column":10},"end":{"line":48,"column":70}},"type":"binary-expr","locations":[{"start":{"line":48,"column":10},"end":{"line":48,"column":22}},{"start":{"line":48,"column":26},"end":{"line":48,"column":43}},{"start":{"line":48,"column":47},"end":{"line":48,"column":70}}],"line":48},"3":{"loc":{"start":{"line":51,"column":37},"end":{"line":51,"column":73}},"type":"binary-expr","locations":[{"start":{"line":51,"column":37},"end":{"line":51,"column":48}},{"start":{"line":51,"column":52},"end":{"line":51,"column":73}}],"line":51},"4":{"loc":{"start":{"line":119,"column":11},"end":{"line":123,"column":11}},"type":"binary-expr","locations":[{"start":{"line":119,"column":11},"end":{"line":119,"column":16}},{"start":{"line":120,"column":12},"end":{"line":122,"column":20}}],"line":119},"5":{"loc":{"start":{"line":151,"column":25},"end":{"line":151,"column":71}},"type":"cond-expr","locations":[{"start":{"line":151,"column":47},"end":{"line":151,"column":58}},{"start":{"line":151,"column":61},"end":{"line":151,"column":71}}],"line":151},"6":{"loc":{"start":{"line":160,"column":25},"end":{"line":160,"column":69}},"type":"cond-expr","locations":[{"start":{"line":160,"column":45},"end":{"line":160,"column":56}},{"start":{"line":160,"column":59},"end":{"line":160,"column":69}}],"line":160},"7":{"loc":{"start":{"line":181,"column":15},"end":{"line":181,"column":82}},"type":"cond-expr","locations":[{"start":{"line":181,"column":25},"end":{"line":181,"column":71}},{"start":{"line":181,"column":74},"end":{"line":181,"column":82}}],"line":181}},"s":{"0":65,"1":64,"2":64,"3":64,"4":64,"5":64,"6":64,"7":2,"8":2,"9":2,"10":2,"11":2,"12":2,"13":2,"14":2,"15":1,"16":1,"17":1,"18":1,"19":1,"20":1,"21":1,"22":1,"23":0,"24":2,"25":64,"26":33,"27":24,"28":0,"29":0},"f":{"0":65,"1":2,"2":33,"3":24,"4":0,"5":0},"b":{"0":[2,0],"1":[1,0],"2":[1,1,1],"3":[0,0],"4":[64,1],"5":[0,64],"6":[64,0],"7":[2,62]},"_coverageSchema":"1a1c01bbd47fc00a2c39e90264f33305004495a9","hash":"02f505d980f9acafedaf410c53a1949c81fcb96a"}
,"/Users/mjoyner/Property/frontend/src/auth/ResetPassword.jsx": {"path":"/Users/mjoyner/Property/frontend/src/auth/ResetPassword.jsx","statementMap":{"0":{"start":{"line":18,"column":25},"end":{"line":18,"column":42}},"1":{"start":{"line":19,"column":16},"end":{"line":19,"column":41}},"2":{"start":{"line":20,"column":34},"end":{"line":20,"column":46}},"3":{"start":{"line":21,"column":48},"end":{"line":21,"column":60}},"4":{"start":{"line":22,"column":36},"end":{"line":22,"column":51}},"5":{"start":{"line":23,"column":36},"end":{"line":23,"column":51}},"6":{"start":{"line":24,"column":28},"end":{"line":24,"column":40}},"7":{"start":{"line":25,"column":38},"end":{"line":25,"column":53}},"8":{"start":{"line":26,"column":44},"end":{"line":26,"column":58}},"9":{"start":{"line":27,"column":19},"end":{"line":27,"column":32}},"10":{"start":{"line":29,"column":2},"end":{"line":50,"column":14}},"11":{"start":{"line":31,"column":4},"end":{"line":35,"column":5}},"12":{"start":{"line":32,"column":6},"end":{"line":32,"column":30}},"13":{"start":{"line":33,"column":6},"end":{"line":33,"column":49}},"14":{"start":{"line":34,"column":6},"end":{"line":34,"column":13}},"15":{"start":{"line":38,"column":6},"end":{"line":46,"column":7}},"16":{"start":{"line":39,"column":25},"end":{"line":39,"column":83}},"17":{"start":{"line":40,"column":8},"end":{"line":40,"column":28}},"18":{"start":{"line":42,"column":8},"end":{"line":42,"column":71}},"19":{"start":{"line":43,"column":8},"end":{"line":43,"column":54}},"20":{"start":{"line":45,"column":8},"end":{"line":45,"column":32}},"21":{"start":{"line":49,"column":4},"end":{"line":49,"column":20}},"22":{"start":{"line":52,"column":23},"end":{"line":83,"column":3}},"23":{"start":{"line":53,"column":4},"end":{"line":53,"column":23}},"24":{"start":{"line":56,"column":4},"end":{"line":59,"column":5}},"25":{"start":{"line":57,"column":6},"end":{"line":57,"column":41}},"26":{"start":{"line":58,"column":6},"end":{"line":58,"column":13}},"27":{"start":{"line":61,"column":4},"end":{"line":64,"column":5}},"28":{"start":{"line":62,"column":6},"end":{"line":62,"column":57}},"29":{"start":{"line":63,"column":6},"end":{"line":63,"column":13}},"30":{"start":{"line":66,"column":4},"end":{"line":66,"column":23}},"31":{"start":{"line":67,"column":4},"end":{"line":67,"column":17}},"32":{"start":{"line":69,"column":4},"end":{"line":82,"column":5}},"33":{"start":{"line":70,"column":6},"end":{"line":70,"column":72}},"34":{"start":{"line":71,"column":6},"end":{"line":71,"column":25}},"35":{"start":{"line":74,"column":6},"end":{"line":76,"column":15}},"36":{"start":{"line":75,"column":8},"end":{"line":75,"column":27}},"37":{"start":{"line":78,"column":6},"end":{"line":78,"column":84}},"38":{"start":{"line":79,"column":6},"end":{"line":79,"column":50}},"39":{"start":{"line":81,"column":6},"end":{"line":81,"column":26}},"40":{"start":{"line":85,"column":2},"end":{"line":99,"column":3}},"41":{"start":{"line":86,"column":4},"end":{"line":98,"column":6}},"42":{"start":{"line":101,"column":2},"end":{"line":216,"column":4}},"43":{"start":{"line":173,"column":35},"end":{"line":173,"column":62}},"44":{"start":{"line":184,"column":35},"end":{"line":184,"column":69}},"45":{"start":{"line":205,"column":35},"end":{"line":205,"column":53}}},"fnMap":{"0":{"name":"ResetPassword","decl":{"start":{"line":17,"column":24},"end":{"line":17,"column":37}},"loc":{"start":{"line":17,"column":40},"end":{"line":217,"column":1}},"line":17},"1":{"name":"(anonymous_1)","decl":{"start":{"line":29,"column":12},"end":{"line":29,"column":13}},"loc":{"start":{"line":29,"column":18},"end":{"line":50,"column":3}},"line":29},"2":{"name":"validateToken","decl":{"start":{"line":37,"column":19},"end":{"line":37,"column":32}},"loc":{"start":{"line":37,"column":35},"end":{"line":47,"column":5}},"line":37},"3":{"name":"(anonymous_3)","decl":{"start":{"line":52,"column":23},"end":{"line":52,"column":24}},"loc":{"start":{"line":52,"column":36},"end":{"line":83,"column":3}},"line":52},"4":{"name":"(anonymous_4)","decl":{"start":{"line":74,"column":17},"end":{"line":74,"column":18}},"loc":{"start":{"line":74,"column":23},"end":{"line":76,"column":7}},"line":74},"5":{"name":"(anonymous_5)","decl":{"start":{"line":173,"column":28},"end":{"line":173,"column":29}},"loc":{"start":{"line":173,"column":35},"end":{"line":173,"column":62}},"line":173},"6":{"name":"(anonymous_6)","decl":{"start":{"line":184,"column":28},"end":{"line":184,"column":29}},"loc":{"start":{"line":184,"column":35},"end":{"line":184,"column":69}},"line":184},"7":{"name":"(anonymous_7)","decl":{"start":{"line":205,"column":29},"end":{"line":205,"column":30}},"loc":{"start":{"line":205,"column":35},"end":{"line":205,"column":53}},"line":205}},"branchMap":{"0":{"loc":{"start":{"line":31,"column":4},"end":{"line":35,"column":5}},"type":"if","locations":[{"start":{"line":31,"column":4},"end":{"line":35,"column":5}},{"start":{},"end":{}}],"line":31},"1":{"loc":{"start":{"line":56,"column":4},"end":{"line":59,"column":5}},"type":"if","locations":[{"start":{"line":56,"column":4},"end":{"line":59,"column":5}},{"start":{},"end":{}}],"line":56},"2":{"loc":{"start":{"line":61,"column":4},"end":{"line":64,"column":5}},"type":"if","locations":[{"start":{"line":61,"column":4},"end":{"line":64,"column":5}},{"start":{},"end":{}}],"line":61},"3":{"loc":{"start":{"line":78,"column":15},"end":{"line":78,"column":82}},"type":"binary-expr","locations":[{"start":{"line":78,"column":15},"end":{"line":78,"column":40}},{"start":{"line":78,"column":44},"end":{"line":78,"column":82}}],"line":78},"4":{"loc":{"start":{"line":85,"column":2},"end":{"line":99,"column":3}},"type":"if","locations":[{"start":{"line":85,"column":2},"end":{"line":99,"column":3}},{"start":{},"end":{}}],"line":85},"5":{"loc":{"start":{"line":152,"column":13},"end":{"line":211,"column":13}},"type":"cond-expr","locations":[{"start":{"line":153,"column":14},"end":{"line":155,"column":22}},{"start":{"line":156,"column":16},"end":{"line":211,"column":13}}],"line":152},"6":{"loc":{"start":{"line":156,"column":16},"end":{"line":211,"column":13}},"type":"cond-expr","locations":[{"start":{"line":157,"column":14},"end":{"line":159,"column":22}},{"start":{"line":161,"column":14},"end":{"line":210,"column":21}}],"line":156},"7":{"loc":{"start":{"line":162,"column":17},"end":{"line":166,"column":17}},"type":"binary-expr","locations":[{"start":{"line":162,"column":17},"end":{"line":162,"column":22}},{"start":{"line":163,"column":18},"end":{"line":165,"column":26}}],"line":162},"8":{"loc":{"start":{"line":199,"column":19},"end":{"line":199,"column":80}},"type":"cond-expr","locations":[{"start":{"line":199,"column":31},"end":{"line":199,"column":61}},{"start":{"line":199,"column":64},"end":{"line":199,"column":80}}],"line":199}},"s":{"0":7,"1":7,"2":7,"3":6,"4":6,"5":6,"6":6,"7":6,"8":6,"9":6,"10":6,"11":2,"12":0,"13":0,"14":0,"15":2,"16":2,"17":2,"18":0,"19":0,"20":2,"21":2,"22":6,"23":1,"24":1,"25":1,"26":1,"27":0,"28":0,"29":0,"30":0,"31":0,"32":0,"33":0,"34":0,"35":0,"36":0,"37":0,"38":0,"39":0,"40":6,"41":2,"42":4,"43":1,"44":0,"45":0},"f":{"0":7,"1":2,"2":2,"3":1,"4":0,"5":1,"6":0,"7":0},"b":{"0":[0,2],"1":[1,0],"2":[0,0],"3":[0,0],"4":[2,4],"5":[0,4],"6":[0,4],"7":[4,1],"8":[0,4]},"_coverageSchema":"1a1c01bbd47fc00a2c39e90264f33305004495a9","hash":"d801ec593d47b2a9102e089fe908404151788513"}
,"/Users/mjoyner/Property/frontend/src/auth/Signup.jsx": {"path":"/Users/mjoyner/Property/frontend/src/auth/Signup.jsx","statementMap":{"0":{"start":{"line":17,"column":34},"end":{"line":23,"column":4}},"1":{"start":{"line":25,"column":32},"end":{"line":25,"column":47}},"2":{"start":{"line":26,"column":28},"end":{"line":26,"column":40}},"3":{"start":{"line":27,"column":19},"end":{"line":27,"column":32}},"4":{"start":{"line":29,"column":23},"end":{"line":32,"column":3}},"5":{"start":{"line":29,"column":34},"end":{"line":32,"column":3}},"6":{"start":{"line":30,"column":18},"end":{"line":30,"column":76}},"7":{"start":{"line":31,"column":4},"end":{"line":31,"column":49}},"8":{"start":{"line":34,"column":23},"end":{"line":48,"column":3}},"9":{"start":{"line":35,"column":4},"end":{"line":35,"column":23}},"10":{"start":{"line":36,"column":4},"end":{"line":36,"column":17}},"11":{"start":{"line":37,"column":4},"end":{"line":37,"column":21}},"12":{"start":{"line":39,"column":4},"end":{"line":47,"column":5}},"13":{"start":{"line":40,"column":18},"end":{"line":40,"column":64}},"14":{"start":{"line":41,"column":6},"end":{"line":41,"column":50}},"15":{"start":{"line":42,"column":6},"end":{"line":42,"column":47}},"16":{"start":{"line":44,"column":6},"end":{"line":44,"column":59}},"17":{"start":{"line":46,"column":6},"end":{"line":46,"column":24}},"18":{"start":{"line":50,"column":2},"end":{"line":202,"column":4}},"19":{"start":{"line":156,"column":31},"end":{"line":156,"column":77}},"20":{"start":{"line":164,"column":31},"end":{"line":164,"column":75}}},"fnMap":{"0":{"name":"Signup","decl":{"start":{"line":16,"column":24},"end":{"line":16,"column":30}},"loc":{"start":{"line":16,"column":33},"end":{"line":203,"column":1}},"line":16},"1":{"name":"(anonymous_1)","decl":{"start":{"line":29,"column":23},"end":{"line":29,"column":24}},"loc":{"start":{"line":29,"column":34},"end":{"line":32,"column":3}},"line":29},"2":{"name":"(anonymous_2)","decl":{"start":{"line":29,"column":34},"end":{"line":29,"column":35}},"loc":{"start":{"line":29,"column":41},"end":{"line":32,"column":3}},"line":29},"3":{"name":"(anonymous_3)","decl":{"start":{"line":34,"column":23},"end":{"line":34,"column":24}},"loc":{"start":{"line":34,"column":36},"end":{"line":48,"column":3}},"line":34},"4":{"name":"(anonymous_4)","decl":{"start":{"line":156,"column":25},"end":{"line":156,"column":26}},"loc":{"start":{"line":156,"column":31},"end":{"line":156,"column":77}},"line":156},"5":{"name":"(anonymous_5)","decl":{"start":{"line":164,"column":25},"end":{"line":164,"column":26}},"loc":{"start":{"line":164,"column":31},"end":{"line":164,"column":75}},"line":164}},"branchMap":{"0":{"loc":{"start":{"line":30,"column":18},"end":{"line":30,"column":76}},"type":"cond-expr","locations":[{"start":{"line":30,"column":43},"end":{"line":30,"column":59}},{"start":{"line":30,"column":62},"end":{"line":30,"column":76}}],"line":30},"1":{"loc":{"start":{"line":44,"column":15},"end":{"line":44,"column":57}},"type":"binary-expr","locations":[{"start":{"line":44,"column":15},"end":{"line":44,"column":38}},{"start":{"line":44,"column":42},"end":{"line":44,"column":57}}],"line":44},"2":{"loc":{"start":{"line":109,"column":11},"end":{"line":113,"column":11}},"type":"binary-expr","locations":[{"start":{"line":109,"column":11},"end":{"line":109,"column":16}},{"start":{"line":110,"column":12},"end":{"line":112,"column":20}}],"line":109},"3":{"loc":{"start":{"line":153,"column":25},"end":{"line":153,"column":80}},"type":"cond-expr","locations":[{"start":{"line":153,"column":56},"end":{"line":153,"column":67}},{"start":{"line":153,"column":70},"end":{"line":153,"column":80}}],"line":153},"4":{"loc":{"start":{"line":161,"column":25},"end":{"line":161,"column":78}},"type":"cond-expr","locations":[{"start":{"line":161,"column":54},"end":{"line":161,"column":65}},{"start":{"line":161,"column":68},"end":{"line":161,"column":78}}],"line":161},"5":{"loc":{"start":{"line":192,"column":24},"end":{"line":192,"column":55}},"type":"binary-expr","locations":[{"start":{"line":192,"column":24},"end":{"line":192,"column":31}},{"start":{"line":192,"column":35},"end":{"line":192,"column":55}}],"line":192},"6":{"loc":{"start":{"line":196,"column":15},"end":{"line":196,"column":84}},"type":"cond-expr","locations":[{"start":{"line":196,"column":25},"end":{"line":196,"column":71}},{"start":{"line":196,"column":74},"end":{"line":196,"column":84}}],"line":196}},"s":{"0":7,"1":7,"2":7,"3":7,"4":7,"5":28,"6":4,"7":4,"8":7,"9":1,"10":1,"11":1,"12":1,"13":1,"14":1,"15":1,"16":0,"17":1,"18":7,"19":0,"20":0},"f":{"0":7,"1":28,"2":4,"3":1,"4":0,"5":0},"b":{"0":[1,3],"1":[0,0],"2":[7,0],"3":[0,7],"4":[7,0],"5":[7,6],"6":[1,6]},"_coverageSchema":"1a1c01bbd47fc00a2c39e90264f33305004495a9","hash":"9e5d36b3f7abe620957eb42ced072cba9d96b201"}
,"/Users/mjoyner/Property/frontend/src/components/Card.jsx": {"path":"/Users/mjoyner/Property/frontend/src/components/Card.jsx","statementMap":{"0":{"start":{"line":4,"column":13},"end":{"line":83,"column":1}},"1":{"start":{"line":15,"column":27},"end":{"line":30,"column":3}},"2":{"start":{"line":16,"column":4},"end":{"line":29,"column":5}},"3":{"start":{"line":18,"column":8},"end":{"line":18,"column":50}},"4":{"start":{"line":20,"column":8},"end":{"line":20,"column":50}},"5":{"start":{"line":22,"column":8},"end":{"line":22,"column":50}},"6":{"start":{"line":24,"column":8},"end":{"line":24,"column":50}},"7":{"start":{"line":26,"column":8},"end":{"line":26,"column":50}},"8":{"start":{"line":28,"column":8},"end":{"line":28,"column":18}},"9":{"start":{"line":32,"column":2},"end":{"line":82,"column":4}}},"fnMap":{"0":{"name":"(anonymous_0)","decl":{"start":{"line":4,"column":13},"end":{"line":4,"column":14}},"loc":{"start":{"line":13,"column":6},"end":{"line":83,"column":1}},"line":13},"1":{"name":"(anonymous_1)","decl":{"start":{"line":15,"column":27},"end":{"line":15,"column":28}},"loc":{"start":{"line":15,"column":33},"end":{"line":30,"column":3}},"line":15}},"branchMap":{"0":{"loc":{"start":{"line":10,"column":2},"end":{"line":10,"column":21}},"type":"default-arg","locations":[{"start":{"line":10,"column":12},"end":{"line":10,"column":21}}],"line":10},"1":{"loc":{"start":{"line":11,"column":2},"end":{"line":11,"column":16}},"type":"default-arg","locations":[{"start":{"line":11,"column":14},"end":{"line":11,"column":16}}],"line":11},"2":{"loc":{"start":{"line":12,"column":2},"end":{"line":12,"column":15}},"type":"default-arg","locations":[{"start":{"line":12,"column":14},"end":{"line":12,"column":15}}],"line":12},"3":{"loc":{"start":{"line":16,"column":4},"end":{"line":29,"column":5}},"type":"switch","locations":[{"start":{"line":17,"column":6},"end":{"line":18,"column":50}},{"start":{"line":19,"column":6},"end":{"line":20,"column":50}},{"start":{"line":21,"column":6},"end":{"line":22,"column":50}},{"start":{"line":23,"column":6},"end":{"line":24,"column":50}},{"start":{"line":25,"column":6},"end":{"line":26,"column":50}},{"start":{"line":27,"column":6},"end":{"line":28,"column":18}}],"line":16},"4":{"loc":{"start":{"line":45,"column":7},"end":{"line":77,"column":7}},"type":"binary-expr","locations":[{"start":{"line":45,"column":8},"end":{"line":45,"column":13}},{"start":{"line":45,"column":17},"end":{"line":45,"column":21}},{"start":{"line":45,"column":25},"end":{"line":45,"column":31}},{"start":{"line":46,"column":8},"end":{"line":76,"column":14}}],"line":45},"5":{"loc":{"start":{"line":53,"column":13},"end":{"line":57,"column":13}},"type":"binary-expr","locations":[{"start":{"line":53,"column":13},"end":{"line":53,"column":17}},{"start":{"line":54,"column":14},"end":{"line":56,"column":20}}],"line":53},"6":{"loc":{"start":{"line":59,"column":15},"end":{"line":63,"column":15}},"type":"binary-expr","locations":[{"start":{"line":59,"column":15},"end":{"line":59,"column":20}},{"start":{"line":60,"column":16},"end":{"line":62,"column":29}}],"line":59},"7":{"loc":{"start":{"line":64,"column":15},"end":{"line":68,"column":15}},"type":"binary-expr","locations":[{"start":{"line":64,"column":15},"end":{"line":64,"column":23}},{"start":{"line":65,"column":16},"end":{"line":67,"column":29}}],"line":64},"8":{"loc":{"start":{"line":71,"column":11},"end":{"line":75,"column":11}},"type":"binary-expr","locations":[{"start":{"line":71,"column":11},"end":{"line":71,"column":17}},{"start":{"line":72,"column":12},"end":{"line":74,"column":18}}],"line":71}},"s":{"0":2,"1":0,"2":0,"3":0,"4":0,"5":0,"6":0,"7":0,"8":0,"9":0},"f":{"0":0,"1":0},"b":{"0":[0],"1":[0],"2":[0],"3":[0,0,0,0,0,0],"4":[0,0,0,0],"5":[0,0],"6":[0,0],"7":[0,0],"8":[0,0]},"_coverageSchema":"1a1c01bbd47fc00a2c39e90264f33305004495a9","hash":"bbf0e60248687314334547c66d7d9c17d77f975b"}
,"/Users/mjoyner/Property/frontend/src/components/Chart.jsx": {"path":"/Users/mjoyner/Property/frontend/src/components/Chart.jsx","statementMap":{"0":{"start":{"line":9,"column":14},"end":{"line":110,"column":1}},"1":{"start":{"line":21,"column":16},"end":{"line":21,"column":26}},"2":{"start":{"line":24,"column":24},"end":{"line":31,"column":30}},"3":{"start":{"line":25,"column":4},"end":{"line":30,"column":8}},"4":{"start":{"line":25,"column":29},"end":{"line":30,"column":5}},"5":{"start":{"line":33,"column":2},"end":{"line":109,"column":4}},"6":{"start":{"line":74,"column":36},"end":{"line":74,"column":49}},"7":{"start":{"line":75,"column":41},"end":{"line":75,"column":46}}},"fnMap":{"0":{"name":"(anonymous_0)","decl":{"start":{"line":9,"column":14},"end":{"line":9,"column":15}},"loc":{"start":{"line":20,"column":6},"end":{"line":110,"column":1}},"line":20},"1":{"name":"(anonymous_1)","decl":{"start":{"line":24,"column":32},"end":{"line":24,"column":33}},"loc":{"start":{"line":24,"column":38},"end":{"line":31,"column":3}},"line":24},"2":{"name":"(anonymous_2)","decl":{"start":{"line":25,"column":20},"end":{"line":25,"column":21}},"loc":{"start":{"line":25,"column":29},"end":{"line":30,"column":5}},"line":25},"3":{"name":"(anonymous_3)","decl":{"start":{"line":74,"column":25},"end":{"line":74,"column":26}},"loc":{"start":{"line":74,"column":36},"end":{"line":74,"column":49}},"line":74},"4":{"name":"(anonymous_4)","decl":{"start":{"line":75,"column":30},"end":{"line":75,"column":31}},"loc":{"start":{"line":75,"column":41},"end":{"line":75,"column":46}},"line":75}},"branchMap":{"0":{"loc":{"start":{"line":10,"column":2},"end":{"line":10,"column":11}},"type":"default-arg","locations":[{"start":{"line":10,"column":9},"end":{"line":10,"column":11}}],"line":10},"1":{"loc":{"start":{"line":11,"column":2},"end":{"line":11,"column":15}},"type":"default-arg","locations":[{"start":{"line":11,"column":9},"end":{"line":11,"column":15}}],"line":11},"2":{"loc":{"start":{"line":12,"column":2},"end":{"line":12,"column":16}},"type":"default-arg","locations":[{"start":{"line":12,"column":9},"end":{"line":12,"column":16}}],"line":12},"3":{"loc":{"start":{"line":13,"column":2},"end":{"line":13,"column":19}},"type":"default-arg","locations":[{"start":{"line":13,"column":10},"end":{"line":13,"column":19}}],"line":13},"4":{"loc":{"start":{"line":14,"column":2},"end":{"line":14,"column":17}},"type":"default-arg","locations":[{"start":{"line":14,"column":11},"end":{"line":14,"column":17}}],"line":14},"5":{"loc":{"start":{"line":15,"column":2},"end":{"line":15,"column":18}},"type":"default-arg","locations":[{"start":{"line":15,"column":13},"end":{"line":15,"column":18}}],"line":15},"6":{"loc":{"start":{"line":16,"column":2},"end":{"line":16,"column":17}},"type":"default-arg","locations":[{"start":{"line":16,"column":13},"end":{"line":16,"column":17}}],"line":16},"7":{"loc":{"start":{"line":17,"column":2},"end":{"line":17,"column":19}},"type":"default-arg","locations":[{"start":{"line":17,"column":16},"end":{"line":17,"column":19}}],"line":17},"8":{"loc":{"start":{"line":18,"column":2},"end":{"line":18,"column":23}},"type":"default-arg","locations":[{"start":{"line":18,"column":15},"end":{"line":18,"column":23}}],"line":18},"9":{"loc":{"start":{"line":19,"column":2},"end":{"line":19,"column":20}},"type":"default-arg","locations":[{"start":{"line":19,"column":16},"end":{"line":19,"column":20}}],"line":19},"10":{"loc":{"start":{"line":27,"column":21},"end":{"line":29,"column":20}},"type":"cond-expr","locations":[{"start":{"line":28,"column":10},"end":{"line":28,"column":50}},{"start":{"line":29,"column":10},"end":{"line":29,"column":20}}],"line":27},"11":{"loc":{"start":{"line":27,"column":21},"end":{"line":27,"column":65}},"type":"binary-expr","locations":[{"start":{"line":27,"column":21},"end":{"line":27,"column":31}},{"start":{"line":27,"column":35},"end":{"line":27,"column":65}}],"line":27},"12":{"loc":{"start":{"line":40,"column":11},"end":{"line":46,"column":11}},"type":"binary-expr","locations":[{"start":{"line":40,"column":11},"end":{"line":40,"column":19}},{"start":{"line":41,"column":12},"end":{"line":45,"column":14}}],"line":40},"13":{"loc":{"start":{"line":64,"column":11},"end":{"line":77,"column":11}},"type":"binary-expr","locations":[{"start":{"line":64,"column":11},"end":{"line":64,"column":22}},{"start":{"line":65,"column":12},"end":{"line":76,"column":14}}],"line":64},"14":{"loc":{"start":{"line":79,"column":11},"end":{"line":86,"column":11}},"type":"binary-expr","locations":[{"start":{"line":79,"column":11},"end":{"line":79,"column":20}},{"start":{"line":80,"column":12},"end":{"line":85,"column":19}}],"line":79},"15":{"loc":{"start":{"line":88,"column":11},"end":{"line":96,"column":11}},"type":"binary-expr","locations":[{"start":{"line":88,"column":11},"end":{"line":88,"column":20}},{"start":{"line":89,"column":12},"end":{"line":95,"column":14}}],"line":88}},"s":{"0":2,"1":0,"2":0,"3":0,"4":0,"5":0,"6":0,"7":0},"f":{"0":0,"1":0,"2":0,"3":0,"4":0},"b":{"0":[0],"1":[0],"2":[0],"3":[0],"4":[0],"5":[0],"6":[0],"7":[0],"8":[0],"9":[0],"10":[0,0],"11":[0,0],"12":[0,0],"13":[0,0],"14":[0,0],"15":[0,0]},"_coverageSchema":"1a1c01bbd47fc00a2c39e90264f33305004495a9","hash":"51fe14a339fbebca608e815e791b0f44f6d3a447"}
,"/Users/mjoyner/Property/frontend/src/components/ChartCard.jsx": {"path":"/Users/mjoyner/Property/frontend/src/components/ChartCard.jsx","statementMap":{"0":{"start":{"line":6,"column":16},"end":{"line":6,"column":26}},"1":{"start":{"line":7,"column":21},"end":{"line":7,"column":56}},"2":{"start":{"line":9,"column":2},"end":{"line":52,"column":4}}},"fnMap":{"0":{"name":"ChartCard","decl":{"start":{"line":5,"column":24},"end":{"line":5,"column":33}},"loc":{"start":{"line":5,"column":120},"end":{"line":53,"column":1}},"line":5}},"branchMap":{"0":{"loc":{"start":{"line":5,"column":49},"end":{"line":5,"column":66}},"type":"default-arg","locations":[{"start":{"line":5,"column":59},"end":{"line":5,"column":66}}],"line":5},"1":{"loc":{"start":{"line":5,"column":68},"end":{"line":5,"column":85}},"type":"default-arg","locations":[{"start":{"line":5,"column":79},"end":{"line":5,"column":85}}],"line":5},"2":{"loc":{"start":{"line":5,"column":104},"end":{"line":5,"column":116}},"type":"default-arg","locations":[{"start":{"line":5,"column":113},"end":{"line":5,"column":116}}],"line":5},"3":{"loc":{"start":{"line":7,"column":21},"end":{"line":7,"column":56}},"type":"binary-expr","locations":[{"start":{"line":7,"column":21},"end":{"line":7,"column":26}},{"start":{"line":7,"column":30},"end":{"line":7,"column":56}}],"line":7},"4":{"loc":{"start":{"line":15,"column":9},"end":{"line":19,"column":9}},"type":"binary-expr","locations":[{"start":{"line":15,"column":9},"end":{"line":15,"column":17}},{"start":{"line":16,"column":10},"end":{"line":18,"column":23}}],"line":15}},"s":{"0":2,"1":2,"2":2},"f":{"0":2},"b":{"0":[2],"1":[2],"2":[2],"3":[2,0],"4":[2,1]},"_coverageSchema":"1a1c01bbd47fc00a2c39e90264f33305004495a9","hash":"27c8b05398e93d667d78532488bd01c9b2f49d99"}
,"/Users/mjoyner/Property/frontend/src/components/DataTable.jsx": {"path":"/Users/mjoyner/Property/frontend/src/components/DataTable.jsx","statementMap":{"0":{"start":{"line":22,"column":2},"end":{"line":22,"column":41}},"1":{"start":{"line":22,"column":31},"end":{"line":22,"column":41}},"2":{"start":{"line":23,"column":2},"end":{"line":23,"column":40}},"3":{"start":{"line":23,"column":31},"end":{"line":23,"column":40}},"4":{"start":{"line":24,"column":2},"end":{"line":24,"column":11}},"5":{"start":{"line":28,"column":2},"end":{"line":30,"column":53}},"6":{"start":{"line":29,"column":16},"end":{"line":29,"column":51}},"7":{"start":{"line":30,"column":16},"end":{"line":30,"column":52}},"8":{"start":{"line":34,"column":25},"end":{"line":34,"column":62}},"9":{"start":{"line":34,"column":50},"end":{"line":34,"column":61}},"10":{"start":{"line":35,"column":2},"end":{"line":39,"column":5}},"11":{"start":{"line":36,"column":18},"end":{"line":36,"column":40}},"12":{"start":{"line":37,"column":4},"end":{"line":37,"column":34}},"13":{"start":{"line":37,"column":21},"end":{"line":37,"column":34}},"14":{"start":{"line":38,"column":4},"end":{"line":38,"column":23}},"15":{"start":{"line":40,"column":2},"end":{"line":40,"column":43}},"16":{"start":{"line":40,"column":36},"end":{"line":40,"column":41}},"17":{"start":{"line":43,"column":18},"end":{"line":249,"column":1}},"18":{"start":{"line":53,"column":26},"end":{"line":53,"column":37}},"19":{"start":{"line":54,"column":40},"end":{"line":54,"column":68}},"20":{"start":{"line":55,"column":28},"end":{"line":55,"column":43}},"21":{"start":{"line":56,"column":32},"end":{"line":56,"column":62}},"22":{"start":{"line":57,"column":40},"end":{"line":57,"column":52}},"23":{"start":{"line":59,"column":27},"end":{"line":61,"column":3}},"24":{"start":{"line":60,"column":4},"end":{"line":60,"column":21}},"25":{"start":{"line":63,"column":34},"end":{"line":66,"column":3}},"26":{"start":{"line":64,"column":4},"end":{"line":64,"column":53}},"27":{"start":{"line":65,"column":4},"end":{"line":65,"column":15}},"28":{"start":{"line":68,"column":28},"end":{"line":72,"column":3}},"29":{"start":{"line":69,"column":18},"end":{"line":69,"column":57}},"30":{"start":{"line":70,"column":4},"end":{"line":70,"column":37}},"31":{"start":{"line":71,"column":4},"end":{"line":71,"column":25}},"32":{"start":{"line":75,"column":23},"end":{"line":83,"column":10}},"33":{"start":{"line":77,"column":8},"end":{"line":81,"column":10}},"34":{"start":{"line":78,"column":24},"end":{"line":78,"column":38}},"35":{"start":{"line":79,"column":10},"end":{"line":79,"column":42}},"36":{"start":{"line":79,"column":29},"end":{"line":79,"column":42}},"37":{"start":{"line":80,"column":10},"end":{"line":80,"column":81}},"38":{"start":{"line":86,"column":21},"end":{"line":88,"column":18}},"39":{"start":{"line":90,"column":24},"end":{"line":93,"column":3}},"40":{"start":{"line":95,"column":2},"end":{"line":248,"column":4}},"41":{"start":{"line":117,"column":29},"end":{"line":117,"column":59}},"42":{"start":{"line":150,"column":16},"end":{"line":186,"column":28}},"43":{"start":{"line":165,"column":37},"end":{"line":165,"column":65}},"44":{"start":{"line":194,"column":16},"end":{"line":211,"column":27}},"45":{"start":{"line":200,"column":34},"end":{"line":200,"column":48}},"46":{"start":{"line":201,"column":20},"end":{"line":209,"column":22}}},"fnMap":{"0":{"name":"descendingComparator","decl":{"start":{"line":21,"column":9},"end":{"line":21,"column":29}},"loc":{"start":{"line":21,"column":45},"end":{"line":25,"column":1}},"line":21},"1":{"name":"getComparator","decl":{"start":{"line":27,"column":9},"end":{"line":27,"column":22}},"loc":{"start":{"line":27,"column":39},"end":{"line":31,"column":1}},"line":27},"2":{"name":"(anonymous_2)","decl":{"start":{"line":29,"column":6},"end":{"line":29,"column":7}},"loc":{"start":{"line":29,"column":16},"end":{"line":29,"column":51}},"line":29},"3":{"name":"(anonymous_3)","decl":{"start":{"line":30,"column":6},"end":{"line":30,"column":7}},"loc":{"start":{"line":30,"column":16},"end":{"line":30,"column":52}},"line":30},"4":{"name":"stableSort","decl":{"start":{"line":33,"column":9},"end":{"line":33,"column":19}},"loc":{"start":{"line":33,"column":39},"end":{"line":41,"column":1}},"line":33},"5":{"name":"(anonymous_5)","decl":{"start":{"line":34,"column":35},"end":{"line":34,"column":36}},"loc":{"start":{"line":34,"column":50},"end":{"line":34,"column":61}},"line":34},"6":{"name":"(anonymous_6)","decl":{"start":{"line":35,"column":22},"end":{"line":35,"column":23}},"loc":{"start":{"line":35,"column":32},"end":{"line":39,"column":3}},"line":35},"7":{"name":"(anonymous_7)","decl":{"start":{"line":40,"column":28},"end":{"line":40,"column":29}},"loc":{"start":{"line":40,"column":36},"end":{"line":40,"column":41}},"line":40},"8":{"name":"(anonymous_8)","decl":{"start":{"line":43,"column":18},"end":{"line":43,"column":19}},"loc":{"start":{"line":52,"column":6},"end":{"line":249,"column":1}},"line":52},"9":{"name":"(anonymous_9)","decl":{"start":{"line":59,"column":27},"end":{"line":59,"column":28}},"loc":{"start":{"line":59,"column":47},"end":{"line":61,"column":3}},"line":59},"10":{"name":"(anonymous_10)","decl":{"start":{"line":63,"column":34},"end":{"line":63,"column":35}},"loc":{"start":{"line":63,"column":45},"end":{"line":66,"column":3}},"line":63},"11":{"name":"(anonymous_11)","decl":{"start":{"line":68,"column":28},"end":{"line":68,"column":29}},"loc":{"start":{"line":68,"column":42},"end":{"line":72,"column":3}},"line":68},"12":{"name":"(anonymous_12)","decl":{"start":{"line":76,"column":18},"end":{"line":76,"column":19}},"loc":{"start":{"line":77,"column":8},"end":{"line":81,"column":10}},"line":77},"13":{"name":"(anonymous_13)","decl":{"start":{"line":77,"column":21},"end":{"line":77,"column":22}},"loc":{"start":{"line":77,"column":31},"end":{"line":81,"column":9}},"line":77},"14":{"name":"(anonymous_14)","decl":{"start":{"line":117,"column":22},"end":{"line":117,"column":23}},"loc":{"start":{"line":117,"column":29},"end":{"line":117,"column":59}},"line":117},"15":{"name":"(anonymous_15)","decl":{"start":{"line":149,"column":27},"end":{"line":149,"column":28}},"loc":{"start":{"line":150,"column":16},"end":{"line":186,"column":28}},"line":150},"16":{"name":"(anonymous_16)","decl":{"start":{"line":165,"column":31},"end":{"line":165,"column":32}},"loc":{"start":{"line":165,"column":37},"end":{"line":165,"column":65}},"line":165},"17":{"name":"(anonymous_17)","decl":{"start":{"line":193,"column":32},"end":{"line":193,"column":33}},"loc":{"start":{"line":194,"column":16},"end":{"line":211,"column":27}},"line":194},"18":{"name":"(anonymous_18)","decl":{"start":{"line":199,"column":31},"end":{"line":199,"column":32}},"loc":{"start":{"line":199,"column":43},"end":{"line":210,"column":19}},"line":199}},"branchMap":{"0":{"loc":{"start":{"line":22,"column":2},"end":{"line":22,"column":41}},"type":"if","locations":[{"start":{"line":22,"column":2},"end":{"line":22,"column":41}},{"start":{},"end":{}}],"line":22},"1":{"loc":{"start":{"line":23,"column":2},"end":{"line":23,"column":40}},"type":"if","locations":[{"start":{"line":23,"column":2},"end":{"line":23,"column":40}},{"start":{},"end":{}}],"line":23},"2":{"loc":{"start":{"line":28,"column":9},"end":{"line":30,"column":52}},"type":"cond-expr","locations":[{"start":{"line":29,"column":6},"end":{"line":29,"column":51}},{"start":{"line":30,"column":6},"end":{"line":30,"column":52}}],"line":28},"3":{"loc":{"start":{"line":37,"column":4},"end":{"line":37,"column":34}},"type":"if","locations":[{"start":{"line":37,"column":4},"end":{"line":37,"column":34}},{"start":{},"end":{}}],"line":37},"4":{"loc":{"start":{"line":47,"column":2},"end":{"line":47,"column":34}},"type":"default-arg","locations":[{"start":{"line":47,"column":23},"end":{"line":47,"column":34}}],"line":47},"5":{"loc":{"start":{"line":48,"column":2},"end":{"line":48,"column":25}},"type":"default-arg","locations":[{"start":{"line":48,"column":23},"end":{"line":48,"column":25}}],"line":48},"6":{"loc":{"start":{"line":49,"column":2},"end":{"line":49,"column":19}},"type":"default-arg","locations":[{"start":{"line":49,"column":15},"end":{"line":49,"column":19}}],"line":49},"7":{"loc":{"start":{"line":50,"column":2},"end":{"line":50,"column":17}},"type":"default-arg","locations":[{"start":{"line":50,"column":13},"end":{"line":50,"column":17}}],"line":50},"8":{"loc":{"start":{"line":51,"column":2},"end":{"line":51,"column":36}},"type":"default-arg","locations":[{"start":{"line":51,"column":17},"end":{"line":51,"column":36}}],"line":51},"9":{"loc":{"start":{"line":56,"column":41},"end":{"line":56,"column":61}},"type":"binary-expr","locations":[{"start":{"line":56,"column":41},"end":{"line":56,"column":55}},{"start":{"line":56,"column":59},"end":{"line":56,"column":61}}],"line":56},"10":{"loc":{"start":{"line":69,"column":18},"end":{"line":69,"column":57}},"type":"binary-expr","locations":[{"start":{"line":69,"column":18},"end":{"line":69,"column":38}},{"start":{"line":69,"column":42},"end":{"line":69,"column":57}}],"line":69},"11":{"loc":{"start":{"line":70,"column":13},"end":{"line":70,"column":35}},"type":"cond-expr","locations":[{"start":{"line":70,"column":21},"end":{"line":70,"column":27}},{"start":{"line":70,"column":30},"end":{"line":70,"column":35}}],"line":70},"12":{"loc":{"start":{"line":75,"column":23},"end":{"line":83,"column":10}},"type":"cond-expr","locations":[{"start":{"line":76,"column":6},"end":{"line":82,"column":7}},{"start":{"line":83,"column":6},"end":{"line":83,"column":10}}],"line":75},"13":{"loc":{"start":{"line":79,"column":10},"end":{"line":79,"column":42}},"type":"if","locations":[{"start":{"line":79,"column":10},"end":{"line":79,"column":42}},{"start":{},"end":{}}],"line":79},"14":{"loc":{"start":{"line":86,"column":21},"end":{"line":88,"column":18}},"type":"cond-expr","locations":[{"start":{"line":87,"column":6},"end":{"line":87,"column":61}},{"start":{"line":88,"column":6},"end":{"line":88,"column":18}}],"line":86},"15":{"loc":{"start":{"line":111,"column":9},"end":{"line":142,"column":9}},"type":"binary-expr","locations":[{"start":{"line":111,"column":9},"end":{"line":111,"column":19}},{"start":{"line":112,"column":10},"end":{"line":141,"column":12}}],"line":111},"16":{"loc":{"start":{"line":146,"column":27},"end":{"line":146,"column":48}},"type":"binary-expr","locations":[{"start":{"line":146,"column":27},"end":{"line":146,"column":32}},{"start":{"line":146,"column":36},"end":{"line":146,"column":48}}],"line":146},"17":{"loc":{"start":{"line":152,"column":25},"end":{"line":152,"column":47}},"type":"binary-expr","locations":[{"start":{"line":152,"column":25},"end":{"line":152,"column":37}},{"start":{"line":152,"column":41},"end":{"line":152,"column":47}}],"line":152},"18":{"loc":{"start":{"line":161,"column":19},"end":{"line":185,"column":19}},"type":"cond-expr","locations":[{"start":{"line":162,"column":20},"end":{"line":182,"column":37}},{"start":{"line":184,"column":20},"end":{"line":184,"column":32}}],"line":161},"19":{"loc":{"start":{"line":164,"column":33},"end":{"line":164,"column":70}},"type":"cond-expr","locations":[{"start":{"line":164,"column":57},"end":{"line":164,"column":62}},{"start":{"line":164,"column":65},"end":{"line":164,"column":70}}],"line":164},"20":{"loc":{"start":{"line":192,"column":13},"end":{"line":223,"column":13}},"type":"cond-expr","locations":[{"start":{"line":193,"column":14},"end":{"line":212,"column":16}},{"start":{"line":214,"column":14},"end":{"line":222,"column":25}}],"line":192},"21":{"loc":{"start":{"line":204,"column":31},"end":{"line":204,"column":53}},"type":"binary-expr","locations":[{"start":{"line":204,"column":31},"end":{"line":204,"column":43}},{"start":{"line":204,"column":47},"end":{"line":204,"column":53}}],"line":204},"22":{"loc":{"start":{"line":207,"column":25},"end":{"line":207,"column":74}},"type":"cond-expr","locations":[{"start":{"line":207,"column":41},"end":{"line":207,"column":66}},{"start":{"line":207,"column":69},"end":{"line":207,"column":74}}],"line":207}},"s":{"0":0,"1":0,"2":0,"3":0,"4":0,"5":0,"6":0,"7":0,"8":0,"9":0,"10":0,"11":0,"12":0,"13":0,"14":0,"15":0,"16":0,"17":2,"18":0,"19":0,"20":0,"21":0,"22":0,"23":0,"24":0,"25":0,"26":0,"27":0,"28":0,"29":0,"30":0,"31":0,"32":0,"33":0,"34":0,"35":0,"36":0,"37":0,"38":0,"39":0,"40":0,"41":0,"42":0,"43":0,"44":0,"45":0,"46":0},"f":{"0":0,"1":0,"2":0,"3":0,"4":0,"5":0,"6":0,"7":0,"8":0,"9":0,"10":0,"11":0,"12":0,"13":0,"14":0,"15":0,"16":0,"17":0,"18":0},"b":{"0":[0,0],"1":[0,0],"2":[0,0],"3":[0,0],"4":[0],"5":[0],"6":[0],"7":[0],"8":[0],"9":[0,0],"10":[0,0],"11":[0,0],"12":[0,0],"13":[0,0],"14":[0,0],"15":[0,0],"16":[0,0],"17":[0,0],"18":[0,0],"19":[0,0],"20":[0,0],"21":[0,0],"22":[0,0]},"_coverageSchema":"1a1c01bbd47fc00a2c39e90264f33305004495a9","hash":"3ece07b685f39e7e3e2c1f5d8b64928482bada34"}
,"/Users/mjoyner/Property/frontend/src/components/Empty.jsx": {"path":"/Users/mjoyner/Property/frontend/src/components/Empty.jsx","statementMap":{"0":{"start":{"line":6,"column":14},"end":{"line":53,"column":1}},"1":{"start":{"line":13,"column":2},"end":{"line":52,"column":4}}},"fnMap":{"0":{"name":"(anonymous_0)","decl":{"start":{"line":6,"column":14},"end":{"line":6,"column":15}},"loc":{"start":{"line":12,"column":6},"end":{"line":53,"column":1}},"line":12}},"branchMap":{"0":{"loc":{"start":{"line":7,"column":2},"end":{"line":7,"column":25}},"type":"default-arg","locations":[{"start":{"line":7,"column":10},"end":{"line":7,"column":25}}],"line":7},"1":{"loc":{"start":{"line":8,"column":2},"end":{"line":8,"column":57}},"type":"default-arg","locations":[{"start":{"line":8,"column":12},"end":{"line":8,"column":57}}],"line":8},"2":{"loc":{"start":{"line":29,"column":9},"end":{"line":29,"column":77}},"type":"binary-expr","locations":[{"start":{"line":29,"column":9},"end":{"line":29,"column":13}},{"start":{"line":29,"column":17},"end":{"line":29,"column":77}}],"line":29},"3":{"loc":{"start":{"line":40,"column":7},"end":{"line":50,"column":7}},"type":"binary-expr","locations":[{"start":{"line":40,"column":7},"end":{"line":40,"column":17}},{"start":{"line":41,"column":8},"end":{"line":49,"column":17}}],"line":40}},"s":{"0":2,"1":0},"f":{"0":0},"b":{"0":[0],"1":[0],"2":[0,0],"3":[0,0]},"_coverageSchema":"1a1c01bbd47fc00a2c39e90264f33305004495a9","hash":"cc4cd9185948e4442c1cad05a610366eacd349c4"}
,"/Users/mjoyner/Property/frontend/src/components/ErrorBoundary.jsx": {"path":"/Users/mjoyner/Property/frontend/src/components/ErrorBoundary.jsx","statementMap":{"0":{"start":{"line":11,"column":4},"end":{"line":11,"column":17}},"1":{"start":{"line":12,"column":4},"end":{"line":17,"column":6}},"2":{"start":{"line":22,"column":4},"end":{"line":22,"column":69}},"3":{"start":{"line":23,"column":4},"end":{"line":23,"column":70}},"4":{"start":{"line":26,"column":4},"end":{"line":26,"column":36}},"5":{"start":{"line":31,"column":4},"end":{"line":31,"column":72}},"6":{"start":{"line":32,"column":4},"end":{"line":32,"column":73}},"7":{"start":{"line":35,"column":29},"end":{"line":37,"column":3}},"8":{"start":{"line":36,"column":4},"end":{"line":36,"column":52}},"9":{"start":{"line":40,"column":4},"end":{"line":43,"column":6}},"10":{"start":{"line":47,"column":4},"end":{"line":47,"column":61}},"11":{"start":{"line":49,"column":4},"end":{"line":51,"column":7}},"12":{"start":{"line":54,"column":4},"end":{"line":63,"column":7}},"13":{"start":{"line":62,"column":6},"end":{"line":62,"column":59}},"14":{"start":{"line":66,"column":16},"end":{"line":68,"column":3}},"15":{"start":{"line":67,"column":4},"end":{"line":67,"column":76}},"16":{"start":{"line":70,"column":17},"end":{"line":72,"column":3}},"17":{"start":{"line":71,"column":4},"end":{"line":71,"column":31}},"18":{"start":{"line":75,"column":25},"end":{"line":75,"column":35}},"19":{"start":{"line":76,"column":36},"end":{"line":76,"column":46}},"20":{"start":{"line":79,"column":4},"end":{"line":114,"column":5}},"21":{"start":{"line":80,"column":6},"end":{"line":113,"column":8}},"22":{"start":{"line":106,"column":31},"end":{"line":106,"column":55}},"23":{"start":{"line":116,"column":4},"end":{"line":173,"column":5}},"24":{"start":{"line":118,"column":6},"end":{"line":120,"column":7}},"25":{"start":{"line":119,"column":8},"end":{"line":119,"column":67}},"26":{"start":{"line":123,"column":6},"end":{"line":172,"column":8}},"27":{"start":{"line":148,"column":31},"end":{"line":148,"column":55}},"28":{"start":{"line":175,"column":4},"end":{"line":175,"column":31}}},"fnMap":{"0":{"name":"(anonymous_0)","decl":{"start":{"line":10,"column":2},"end":{"line":10,"column":3}},"loc":{"start":{"line":10,"column":21},"end":{"line":18,"column":3}},"line":10},"1":{"name":"(anonymous_1)","decl":{"start":{"line":20,"column":2},"end":{"line":20,"column":3}},"loc":{"start":{"line":20,"column":22},"end":{"line":27,"column":3}},"line":20},"2":{"name":"(anonymous_2)","decl":{"start":{"line":29,"column":2},"end":{"line":29,"column":3}},"loc":{"start":{"line":29,"column":25},"end":{"line":33,"column":3}},"line":29},"3":{"name":"(anonymous_3)","decl":{"start":{"line":35,"column":29},"end":{"line":35,"column":30}},"loc":{"start":{"line":35,"column":35},"end":{"line":37,"column":3}},"line":35},"4":{"name":"(anonymous_4)","decl":{"start":{"line":39,"column":2},"end":{"line":39,"column":3}},"loc":{"start":{"line":39,"column":41},"end":{"line":44,"column":3}},"line":39},"5":{"name":"(anonymous_5)","decl":{"start":{"line":46,"column":2},"end":{"line":46,"column":3}},"loc":{"start":{"line":46,"column":38},"end":{"line":64,"column":3}},"line":46},"6":{"name":"(anonymous_6)","decl":{"start":{"line":61,"column":13},"end":{"line":61,"column":14}},"loc":{"start":{"line":61,"column":20},"end":{"line":63,"column":5}},"line":61},"7":{"name":"(anonymous_7)","decl":{"start":{"line":66,"column":16},"end":{"line":66,"column":17}},"loc":{"start":{"line":66,"column":22},"end":{"line":68,"column":3}},"line":66},"8":{"name":"(anonymous_8)","decl":{"start":{"line":70,"column":17},"end":{"line":70,"column":18}},"loc":{"start":{"line":70,"column":23},"end":{"line":72,"column":3}},"line":70},"9":{"name":"(anonymous_9)","decl":{"start":{"line":74,"column":2},"end":{"line":74,"column":3}},"loc":{"start":{"line":74,"column":11},"end":{"line":176,"column":3}},"line":74},"10":{"name":"(anonymous_10)","decl":{"start":{"line":106,"column":25},"end":{"line":106,"column":26}},"loc":{"start":{"line":106,"column":31},"end":{"line":106,"column":55}},"line":106},"11":{"name":"(anonymous_11)","decl":{"start":{"line":148,"column":25},"end":{"line":148,"column":26}},"loc":{"start":{"line":148,"column":31},"end":{"line":148,"column":55}},"line":148}},"branchMap":{"0":{"loc":{"start":{"line":60,"column":14},"end":{"line":60,"column":59}},"type":"binary-expr","locations":[{"start":{"line":60,"column":14},"end":{"line":60,"column":44}},{"start":{"line":60,"column":48},"end":{"line":60,"column":59}}],"line":60},"1":{"loc":{"start":{"line":79,"column":4},"end":{"line":114,"column":5}},"type":"if","locations":[{"start":{"line":79,"column":4},"end":{"line":114,"column":5}},{"start":{},"end":{}}],"line":79},"2":{"loc":{"start":{"line":116,"column":4},"end":{"line":173,"column":5}},"type":"if","locations":[{"start":{"line":116,"column":4},"end":{"line":173,"column":5}},{"start":{},"end":{}}],"line":116},"3":{"loc":{"start":{"line":118,"column":6},"end":{"line":120,"column":7}},"type":"if","locations":[{"start":{"line":118,"column":6},"end":{"line":120,"column":7}},{"start":{},"end":{}}],"line":118},"4":{"loc":{"start":{"line":162,"column":13},"end":{"line":169,"column":13}},"type":"binary-expr","locations":[{"start":{"line":162,"column":13},"end":{"line":162,"column":51}},{"start":{"line":163,"column":14},"end":{"line":168,"column":20}}],"line":162}},"s":{"0":0,"1":0,"2":0,"3":0,"4":0,"5":0,"6":0,"7":0,"8":0,"9":0,"10":0,"11":0,"12":0,"13":0,"14":0,"15":0,"16":0,"17":0,"18":0,"19":0,"20":0,"21":0,"22":0,"23":0,"24":0,"25":0,"26":0,"27":0,"28":0},"f":{"0":0,"1":0,"2":0,"3":0,"4":0,"5":0,"6":0,"7":0,"8":0,"9":0,"10":0,"11":0},"b":{"0":[0,0],"1":[0,0],"2":[0,0],"3":[0,0],"4":[0,0]},"_coverageSchema":"1a1c01bbd47fc00a2c39e90264f33305004495a9","hash":"d7cc93611a74ad97403f06da5e5debbd54245351"}
,"/Users/mjoyner/Property/frontend/src/components/FileUpload.jsx": {"path":"/Users/mjoyner/Property/frontend/src/components/FileUpload.jsx","statementMap":{"0":{"start":{"line":3,"column":19},"end":{"line":23,"column":1}},"1":{"start":{"line":4,"column":19},"end":{"line":4,"column":27}},"2":{"start":{"line":6,"column":23},"end":{"line":10,"column":3}},"3":{"start":{"line":7,"column":4},"end":{"line":9,"column":5}},"4":{"start":{"line":8,"column":6},"end":{"line":8,"column":34}},"5":{"start":{"line":12,"column":2},"end":{"line":22,"column":4}}},"fnMap":{"0":{"name":"(anonymous_0)","decl":{"start":{"line":3,"column":19},"end":{"line":3,"column":20}},"loc":{"start":{"line":3,"column":37},"end":{"line":23,"column":1}},"line":3},"1":{"name":"(anonymous_1)","decl":{"start":{"line":6,"column":23},"end":{"line":6,"column":24}},"loc":{"start":{"line":6,"column":30},"end":{"line":10,"column":3}},"line":6}},"branchMap":{"0":{"loc":{"start":{"line":7,"column":4},"end":{"line":9,"column":5}},"type":"if","locations":[{"start":{"line":7,"column":4},"end":{"line":9,"column":5}},{"start":{},"end":{}}],"line":7},"1":{"loc":{"start":{"line":7,"column":8},"end":{"line":7,"column":43}},"type":"binary-expr","locations":[{"start":{"line":7,"column":8},"end":{"line":7,"column":22}},{"start":{"line":7,"column":26},"end":{"line":7,"column":43}}],"line":7}},"s":{"0":2,"1":0,"2":0,"3":0,"4":0,"5":0},"f":{"0":0,"1":0},"b":{"0":[0,0],"1":[0,0]},"_coverageSchema":"1a1c01bbd47fc00a2c39e90264f33305004495a9","hash":"563b1193c5b1ef8e40036fd81ae4c3f2d4065181"}
,"/Users/mjoyner/Property/frontend/src/components/FormSection.jsx": {"path":"/Users/mjoyner/Property/frontend/src/components/FormSection.jsx","statementMap":{"0":{"start":{"line":4,"column":20},"end":{"line":41,"column":1}},"1":{"start":{"line":12,"column":2},"end":{"line":40,"column":4}}},"fnMap":{"0":{"name":"(anonymous_0)","decl":{"start":{"line":4,"column":20},"end":{"line":4,"column":21}},"loc":{"start":{"line":11,"column":6},"end":{"line":41,"column":1}},"line":11}},"branchMap":{"0":{"loc":{"start":{"line":9,"column":2},"end":{"line":9,"column":8}},"type":"default-arg","locations":[{"start":{"line":9,"column":7},"end":{"line":9,"column":8}}],"line":9},"1":{"loc":{"start":{"line":10,"column":2},"end":{"line":10,"column":16}},"type":"default-arg","locations":[{"start":{"line":10,"column":12},"end":{"line":10,"column":16}}],"line":10},"2":{"loc":{"start":{"line":15,"column":9},"end":{"line":19,"column":9}},"type":"binary-expr","locations":[{"start":{"line":15,"column":9},"end":{"line":15,"column":13}},{"start":{"line":16,"column":10},"end":{"line":18,"column":16}}],"line":15},"3":{"loc":{"start":{"line":21,"column":11},"end":{"line":25,"column":11}},"type":"binary-expr","locations":[{"start":{"line":21,"column":11},"end":{"line":21,"column":16}},{"start":{"line":22,"column":12},"end":{"line":24,"column":25}}],"line":21},"4":{"loc":{"start":{"line":26,"column":11},"end":{"line":30,"column":11}},"type":"binary-expr","locations":[{"start":{"line":26,"column":11},"end":{"line":26,"column":22}},{"start":{"line":27,"column":12},"end":{"line":29,"column":25}}],"line":26},"5":{"loc":{"start":{"line":38,"column":7},"end":{"line":38,"column":44}},"type":"binary-expr","locations":[{"start":{"line":38,"column":7},"end":{"line":38,"column":14}},{"start":{"line":38,"column":18},"end":{"line":38,"column":44}}],"line":38}},"s":{"0":2,"1":0},"f":{"0":0},"b":{"0":[0],"1":[0],"2":[0,0],"3":[0,0],"4":[0,0],"5":[0,0]},"_coverageSchema":"1a1c01bbd47fc00a2c39e90264f33305004495a9","hash":"224a6ad06c78187f7b5a2b60b5a9abec9df4fe23"}
,"/Users/mjoyner/Property/frontend/src/components/Layout.jsx": {"path":"/Users/mjoyner/Property/frontend/src/components/Layout.jsx","statementMap":{"0":{"start":{"line":32,"column":20},"end":{"line":32,"column":23}},"1":{"start":{"line":34,"column":17},"end":{"line":42,"column":1}},"2":{"start":{"line":45,"column":38},"end":{"line":45,"column":53}},"3":{"start":{"line":46,"column":34},"end":{"line":46,"column":48}},"4":{"start":{"line":47,"column":16},"end":{"line":47,"column":26}},"5":{"start":{"line":48,"column":19},"end":{"line":48,"column":32}},"6":{"start":{"line":50,"column":29},"end":{"line":52,"column":3}},"7":{"start":{"line":51,"column":4},"end":{"line":51,"column":31}},"8":{"start":{"line":54,"column":32},"end":{"line":56,"column":3}},"9":{"start":{"line":55,"column":4},"end":{"line":55,"column":37}},"10":{"start":{"line":58,"column":26},"end":{"line":60,"column":3}},"11":{"start":{"line":59,"column":4},"end":{"line":59,"column":22}},"12":{"start":{"line":62,"column":23},"end":{"line":67,"column":3}},"13":{"start":{"line":63,"column":4},"end":{"line":63,"column":37}},"14":{"start":{"line":64,"column":4},"end":{"line":64,"column":36}},"15":{"start":{"line":65,"column":4},"end":{"line":65,"column":23}},"16":{"start":{"line":66,"column":4},"end":{"line":66,"column":22}},"17":{"start":{"line":69,"column":25},"end":{"line":72,"column":3}},"18":{"start":{"line":70,"column":4},"end":{"line":70,"column":19}},"19":{"start":{"line":71,"column":4},"end":{"line":71,"column":22}},"20":{"start":{"line":75,"column":4},"end":{"line":103,"column":10}},"21":{"start":{"line":83,"column":10},"end":{"line":100,"column":21}},"22":{"start":{"line":106,"column":2},"end":{"line":189,"column":4}},"23":{"start":{"line":142,"column":37},"end":{"line":142,"column":63}},"24":{"start":{"line":143,"column":37},"end":{"line":143,"column":64}}},"fnMap":{"0":{"name":"Layout","decl":{"start":{"line":44,"column":24},"end":{"line":44,"column":30}},"loc":{"start":{"line":44,"column":33},"end":{"line":190,"column":1}},"line":44},"1":{"name":"(anonymous_1)","decl":{"start":{"line":50,"column":29},"end":{"line":50,"column":30}},"loc":{"start":{"line":50,"column":35},"end":{"line":52,"column":3}},"line":50},"2":{"name":"(anonymous_2)","decl":{"start":{"line":54,"column":32},"end":{"line":54,"column":33}},"loc":{"start":{"line":54,"column":43},"end":{"line":56,"column":3}},"line":54},"3":{"name":"(anonymous_3)","decl":{"start":{"line":58,"column":26},"end":{"line":58,"column":27}},"loc":{"start":{"line":58,"column":32},"end":{"line":60,"column":3}},"line":58},"4":{"name":"(anonymous_4)","decl":{"start":{"line":62,"column":23},"end":{"line":62,"column":24}},"loc":{"start":{"line":62,"column":29},"end":{"line":67,"column":3}},"line":62},"5":{"name":"(anonymous_5)","decl":{"start":{"line":69,"column":25},"end":{"line":69,"column":26}},"loc":{"start":{"line":69,"column":35},"end":{"line":72,"column":3}},"line":69},"6":{"name":"(anonymous_6)","decl":{"start":{"line":82,"column":22},"end":{"line":82,"column":23}},"loc":{"start":{"line":83,"column":10},"end":{"line":100,"column":21}},"line":83},"7":{"name":"(anonymous_7)","decl":{"start":{"line":142,"column":31},"end":{"line":142,"column":32}},"loc":{"start":{"line":142,"column":37},"end":{"line":142,"column":63}},"line":142},"8":{"name":"(anonymous_8)","decl":{"start":{"line":143,"column":31},"end":{"line":143,"column":32}},"loc":{"start":{"line":143,"column":37},"end":{"line":143,"column":64}},"line":143}},"branchMap":{"0":{"loc":{"start":{"line":90,"column":33},"end":{"line":90,"column":86}},"type":"cond-expr","locations":[{"start":{"line":90,"column":65},"end":{"line":90,"column":74}},{"start":{"line":90,"column":77},"end":{"line":90,"column":86}}],"line":90}},"s":{"0":2,"1":2,"2":2,"3":2,"4":2,"5":2,"6":2,"7":0,"8":2,"9":0,"10":2,"11":0,"12":2,"13":0,"14":0,"15":0,"16":0,"17":2,"18":0,"19":0,"20":2,"21":14,"22":2,"23":0,"24":0},"f":{"0":2,"1":0,"2":0,"3":0,"4":0,"5":0,"6":14,"7":0,"8":0},"b":{"0":[0,14]},"_coverageSchema":"1a1c01bbd47fc00a2c39e90264f33305004495a9","hash":"e5172608c4ca9118f1e0c4a75ac53ab1f4afbe2b"}
,"/Users/mjoyner/Property/frontend/src/components/LoadingFallback.jsx": {"path":"/Users/mjoyner/Property/frontend/src/components/LoadingFallback.jsx","statementMap":{"0":{"start":{"line":9,"column":24},"end":{"line":25,"column":1}},"1":{"start":{"line":10,"column":2},"end":{"line":24,"column":4}}},"fnMap":{"0":{"name":"(anonymous_0)","decl":{"start":{"line":9,"column":24},"end":{"line":9,"column":25}},"loc":{"start":{"line":9,"column":30},"end":{"line":25,"column":1}},"line":9}},"branchMap":{},"s":{"0":0,"1":0},"f":{"0":0},"b":{}}
[...]
,"/Users/mjoyner/Property/frontend/src/utils/errorHandler.js": {"path":"/Users/mjoyner/Property/frontend/src/utils/errorHandler.js","statementMap":{"0":{"start":{"line":8,"column":21},"end":{"line":104,"column":1}},"1":{"start":{"line":19,"column":83},"end":{"line":19,"column":90}},"2":{"start":{"line":22,"column":23},"end":{"line":22,"column":38}},"3":{"start":{"line":23,"column":21},"end":{"line":23,"column":44}},"4":{"start":{"line":24,"column":20},"end":{"line":24,"column":24}},"5":{"start":{"line":27,"column":4},"end":{"line":43,"column":5}},"6":{"start":{"line":28,"column":23},"end":{"line":28,"column":37}},"7":{"start":{"line":31,"column":6},"end":{"line":42,"column":7}},"8":{"start":{"line":32,"column":8},"end":{"line":32,"column":58}},"9":{"start":{"line":33,"column":8},"end":{"line":33,"column":36}},"10":{"start":{"line":36,"column":11},"end":{"line":42,"column":7}},"11":{"start":{"line":37,"column":8},"end":{"line":37,"column":34}},"12":{"start":{"line":40,"column":11},"end":{"line":42,"column":7}},"13":{"start":{"line":41,"column":8},"end":{"line":41,"column":36}},"14":{"start":{"line":46,"column":4},"end":{"line":48,"column":5}},"15":{"start":{"line":47,"column":6},"end":{"line":47,"column":95}},"16":{"start":{"line":51,"column":4},"end":{"line":53,"column":5}},"17":{"start":{"line":52,"column":6},"end":{"line":52,"column":66}},"18":{"start":{"line":56,"column":4},"end":{"line":61,"column":7}},"19":{"start":{"line":64,"column":4},"end":{"line":66,"column":5}},"20":{"start":{"line":65,"column":6},"end":{"line":65,"column":32}},"21":{"start":{"line":68,"column":4},"end":{"line":72,"column":6}},"22":{"start":{"line":82,"column":4},"end":{"line":82,"column":43}},"23":{"start":{"line":92,"column":29},"end":{"line":92,"column":31}},"24":{"start":{"line":94,"column":4},"end":{"line":96,"column":5}},"25":{"start":{"line":95,"column":6},"end":{"line":95,"column":58}},"26":{"start":{"line":98,"column":4},"end":{"line":100,"column":5}},"27":{"start":{"line":99,"column":6},"end":{"line":99,"column":40}},"28":{"start":{"line":102,"column":4},"end":{"line":102,"column":28}}},"fnMap":{"0":{"name":"(anonymous_0)","decl":{"start":{"line":18,"column":15},"end":{"line":18,"column":16}},"loc":{"start":{"line":18,"column":40},"end":{"line":73,"column":3}},"line":18},"1":{"name":"(anonymous_1)","decl":{"start":{"line":81,"column":15},"end":{"line":81,"column":16}},"loc":{"start":{"line":81,"column":26},"end":{"line":83,"column":3}},"line":81},"2":{"name":"(anonymous_2)","decl":{"start":{"line":91,"column":23},"end":{"line":91,"column":24}},"loc":{"start":{"line":91,"column":34},"end":{"line":103,"column":3}},"line":91}},"branchMap":{"0":{"loc":{"start":{"line":18,"column":23},"end":{"line":18,"column":35}},"type":"default-arg","locations":[{"start":{"line":18,"column":33},"end":{"line":18,"column":35}}],"line":18},"1":{"loc":{"start":{"line":19,"column":12},"end":{"line":19,"column":28}},"type":"default-arg","locations":[{"start":{"line":19,"column":24},"end":{"line":19,"column":28}}],"line":19},"2":{"loc":{"start":{"line":19,"column":30},"end":{"line":19,"column":78}},"type":"default-arg","locations":[{"start":{"line":19,"column":48},"end":{"line":19,"column":78}}],"line":19},"3":{"loc":{"start":{"line":27,"column":4},"end":{"line":43,"column":5}},"type":"if","locations":[{"start":{"line":27,"column":4},"end":{"line":43,"column":5}},{"start":{},"end":{}}],"line":27},"4":{"loc":{"start":{"line":31,"column":6},"end":{"line":42,"column":7}},"type":"if","locations":[{"start":{"line":31,"column":6},"end":{"line":42,"column":7}},{"start":{"line":36,"column":11},"end":{"line":42,"column":7}}],"line":31},"5":{"loc":{"start":{"line":31,"column":10},"end":{"line":31,"column":54}},"type":"binary-expr","locations":[{"start":{"line":31,"column":10},"end":{"line":31,"column":20}},{"start":{"line":31,"column":24},"end":{"line":31,"column":54}}],"line":31},"6":{"loc":{"start":{"line":32,"column":23},"end":{"line":32,"column":57}},"type":"binary-expr","locations":[{"start":{"line":32,"column":23},"end":{"line":32,"column":41}},{"start":{"line":32,"column":45},"end":{"line":32,"column":57}}],"line":32},"7":{"loc":{"start":{"line":36,"column":11},"end":{"line":42,"column":7}},"type":"if","locations":[{"start":{"line":36,"column":11},"end":{"line":42,"column":7}},{"start":{"line":40,"column":11},"end":{"line":42,"column":7}}],"line":36},"8":{"loc":{"start":{"line":36,"column":15},"end":{"line":36,"column":59}},"type":"binary-expr","locations":[{"start":{"line":36,"column":15},"end":{"line":36,"column":25}},{"start":{"line":36,"column":29},"end":{"line":36,"column":59}}],"line":36},"9":{"loc":{"start":{"line":40,"column":11},"end":{"line":42,"column":7}},"type":"if","locations":[{"start":{"line":40,"column":11},"end":{"line":42,"column":7}},{"start":{},"end":{}}],"line":40},"10":{"loc":{"start":{"line":46,"column":4},"end":{"line":48,"column":5}},"type":"if","locations":[{"start":{"line":46,"column":4},"end":{"line":48,"column":5}},{"start":{},"end":{}}],"line":46},"11":{"loc":{"start":{"line":51,"column":4},"end":{"line":53,"column":5}},"type":"if","locations":[{"start":{"line":51,"column":4},"end":{"line":53,"column":5}},{"start":{},"end":{}}],"line":51},"12":{"loc":{"start":{"line":64,"column":4},"end":{"line":66,"column":5}},"type":"if","locations":[{"start":{"line":64,"column":4},"end":{"line":66,"column":5}},{"start":{},"end":{}}],"line":64},"13":{"loc":{"start":{"line":94,"column":4},"end":{"line":96,"column":5}},"type":"if","locations":[{"start":{"line":94,"column":4},"end":{"line":96,"column":5}},{"start":{},"end":{}}],"line":94},"14":{"loc":{"start":{"line":98,"column":4},"end":{"line":100,"column":5}},"type":"if","locations":[{"start":{"line":98,"column":4},"end":{"line":100,"column":5}},{"start":{},"end":{}}],"line":98}},"s":{"0":0,"1":0,"2":0,"3":0,"4":0,"5":0,"6":0,"7":0,"8":0,"9":0,"10":0,"11":0,"12":0,"13":0,"14":0,"15":0,"16":0,"17":0,"18":0,"19":0,"20":0,"21":0,"22":0,"23":0,"24":0,"25":0,"26":0,"27":0,"28":0},"f":{"0":0,"1":0,"2":0},"b":{"0":[0],"1":[0],"2":[0],"3":[0,0],"4":[0,0],"5":[0,0],"6":[0,0],"7":[0,0],"8":[0,0],"9":[0,0],"10":[0,0],"11":[0,0],"12":[0,0],"13":[0,0],"14":[0,0]}}
,"/Users/mjoyner/Property/frontend/src/utils/fileUtils.js": {"path":"/Users/mjoyner/Property/frontend/src/utils/fileUtils.js","statementMap":{"0":{"start":{"line":9,"column":30},"end":{"line":19,"column":1}},"1":{"start":{"line":10,"column":2},"end":{"line":10,"column":36}},"2":{"start":{"line":10,"column":19},"end":{"line":10,"column":36}},"3":{"start":{"line":12,"column":12},"end":{"line":12,"column":16}},"4":{"start":{"line":13,"column":13},"end":{"line":13,"column":40}},"5":{"start":{"line":14,"column":16},"end":{"line":14,"column":55}},"6":{"start":{"line":16,"column":12},"end":{"line":16,"column":53}},"7":{"start":{"line":18,"column":2},"end":{"line":18,"column":75}},"8":{"start":{"line":27,"column":33},"end":{"line":29,"column":1}},"9":{"start":{"line":28,"column":2},"end":{"line":28,"column":42}},"10":{"start":{"line":36,"column":29},"end":{"line":43,"column":1}},"11":{"start":{"line":37,"column":2},"end":{"line":42,"column":5}},"12":{"start":{"line":38,"column":19},"end":{"line":38,"column":35}},"13":{"start":{"line":39,"column":4},"end":{"line":39,"column":49}},"14":{"start":{"line":39,"column":26},"end":{"line":39,"column":48}},"15":{"start":{"line":40,"column":4},"end":{"line":40,"column":28}},"16":{"start":{"line":41,"column":4},"end":{"line":41,"column":31}},"17":{"start":{"line":51,"column":33},"end":{"line":53,"column":1}},"18":{"start":{"line":52,"column":2},"end":{"line":52,"column":37}}},"fnMap":{"0":{"name":"(anonymous_0)","decl":{"start":{"line":9,"column":30},"end":{"line":9,"column":31}},"loc":{"start":{"line":9,"column":55},"end":{"line":19,"column":1}},"line":9},"1":{"name":"(anonymous_1)","decl":{"start":{"line":27,"column":33},"end":{"line":27,"column":34}},"loc":{"start":{"line":27,"column":57},"end":{"line":29,"column":1}},"line":27},"2":{"name":"(anonymous_2)","decl":{"start":{"line":36,"column":29},"end":{"line":36,"column":30}},"loc":{"start":{"line":36,"column":39},"end":{"line":43,"column":1}},"line":36},"3":{"name":"(anonymous_3)","decl":{"start":{"line":37,"column":21},"end":{"line":37,"column":22}},"loc":{"start":{"line":37,"column":42},"end":{"line":42,"column":3}},"line":37},"4":{"name":"(anonymous_4)","decl":{"start":{"line":39,"column":20},"end":{"line":39,"column":21}},"loc":{"start":{"line":39,"column":26},"end":{"line":39,"column":48}},"line":39},"5":{"name":"(anonymous_5)","decl":{"start":{"line":51,"column":33},"end":{"line":51,"column":34}},"loc":{"start":{"line":51,"column":59},"end":{"line":53,"column":1}},"line":51}},"branchMap":{"0":{"loc":{"start":{"line":9,"column":38},"end":{"line":9,"column":50}},"type":"default-arg","locations":[{"start":{"line":9,"column":49},"end":{"line":9,"column":50}}],"line":9},"1":{"loc":{"start":{"line":10,"column":2},"end":{"line":10,"column":36}},"type":"if","locations":[{"start":{"line":10,"column":2},"end":{"line":10,"column":36}},{"start":{},"end":{}}],"line":10},"2":{"loc":{"start":{"line":13,"column":13},"end":{"line":13,"column":40}},"type":"cond-expr","locations":[{"start":{"line":13,"column":28},"end":{"line":13,"column":29}},{"start":{"line":13,"column":32},"end":{"line":13,"column":40}}],"line":13}},"s":{"0":0,"1":0,"2":0,"3":0,"4":0,"5":0,"6":0,"7":0,"8":0,"9":0,"10":0,"11":0,"12":0,"13":0,"14":0,"15":0,"16":0,"17":0,"18":0},"f":{"0":0,"1":0,"2":0,"3":0,"4":0,"5":0},"b":{"0":[0],"1":[0,0],"2":[0,0]}}
,"/Users/mjoyner/Property/frontend/src/utils/formatters.js": {"path":"/Users/mjoyner/Property/frontend/src/utils/formatters.js","statementMap":{"0":{"start":{"line":7,"column":30},"end":{"line":18,"column":1}},"1":{"start":{"line":8,"column":2},"end":{"line":8,"column":57}},"2":{"start":{"line":8,"column":47},"end":{"line":8,"column":57}},"3":{"start":{"line":10,"column":25},"end":{"line":15,"column":3}},"4":{"start":{"line":17,"column":2},"end":{"line":17,"column":90}},"5":{"start":{"line":25,"column":33},"end":{"line":39,"column":1}},"6":{"start":{"line":26,"column":2},"end":{"line":26,"column":24}},"7":{"start":{"line":26,"column":14},"end":{"line":26,"column":24}},"8":{"start":{"line":29,"column":18},"end":{"line":29,"column":49}},"9":{"start":{"line":32,"column":16},"end":{"line":32,"column":56}},"10":{"start":{"line":34,"column":2},"end":{"line":36,"column":3}},"11":{"start":{"line":35,"column":4},"end":{"line":35,"column":61}},"12":{"start":{"line":38,"column":2},"end":{"line":38,"column":15}},"13":{"start":{"line":47,"column":28},"end":{"line":53,"column":1}},"14":{"start":{"line":48,"column":2},"end":{"line":48,"column":23}},"15":{"start":{"line":48,"column":13},"end":{"line":48,"column":23}},"16":{"start":{"line":50,"column":2},"end":{"line":50,"column":44}},"17":{"start":{"line":50,"column":32},"end":{"line":50,"column":44}},"18":{"start":{"line":52,"column":2},"end":{"line":52,"column":42}}},"fnMap":{"0":{"name":"(anonymous_0)","decl":{"start":{"line":7,"column":30},"end":{"line":7,"column":31}},"loc":{"start":{"line":7,"column":56},"end":{"line":18,"column":1}},"line":7},"1":{"name":"(anonymous_1)","decl":{"start":{"line":25,"column":33},"end":{"line":25,"column":34}},"loc":{"start":{"line":25,"column":44},"end":{"line":39,"column":1}},"line":25},"2":{"name":"(anonymous_2)","decl":{"start":{"line":47,"column":28},"end":{"line":47,"column":29}},"loc":{"start":{"line":47,"column":55},"end":{"line":53,"column":1}},"line":47}},"branchMap":{"0":{"loc":{"start":{"line":7,"column":39},"end":{"line":7,"column":51}},"type":"default-arg","locations":[{"start":{"line":7,"column":49},"end":{"line":7,"column":51}}],"line":7},"1":{"loc":{"start":{"line":8,"column":2},"end":{"line":8,"column":57}},"type":"if","locations":[{"start":{"line":8,"column":2},"end":{"line":8,"column":57}},{"start":{},"end":{}}],"line":8},"2":{"loc":{"start":{"line":8,"column":6},"end":{"line":8,"column":45}},"type":"binary-expr","locations":[{"start":{"line":8,"column":6},"end":{"line":8,"column":21}},{"start":{"line":8,"column":25},"end":{"line":8,"column":45}}],"line":8},"3":{"loc":{"start":{"line":26,"column":2},"end":{"line":26,"column":24}},"type":"if","locations":[{"start":{"line":26,"column":2},"end":{"line":26,"column":24}},{"start":{},"end":{}}],"line":26},"4":{"loc":{"start":{"line":34,"column":2},"end":{"line":36,"column":3}},"type":"if","locations":[{"start":{"line":34,"column":2},"end":{"line":36,"column":3}},{"start":{},"end":{}}],"line":34},"5":{"loc":{"start":{"line":47,"column":35},"end":{"line":47,"column":50}},"type":"default-arg","locations":[{"start":{"line":47,"column":47},"end":{"line":47,"column":50}}],"line":47},"6":{"loc":{"start":{"line":48,"column":2},"end":{"line":48,"column":23}},"type":"if","locations":[{"start":{"line":48,"column":2},"end":{"line":48,"column":23}},{"start":{},"end":{}}],"line":48},"7":{"loc":{"start":{"line":50,"column":2},"end":{"line":50,"column":44}},"type":"if","locations":[{"start":{"line":50,"column":2},"end":{"line":50,"column":44}},{"start":{},"end":{}}],"line":50}},"s":{"0":1,"1":0,"2":0,"3":0,"4":0,"5":1,"6":0,"7":0,"8":0,"9":0,"10":0,"11":0,"12":0,"13":1,"14":0,"15":0,"16":0,"17":0,"18":0},"f":{"0":0,"1":0,"2":0},"b":{"0":[0],"1":[0,0],"2":[0,0],"3":[0,0],"4":[0,0],"5":[0],"6":[0,0],"7":[0,0]},"_coverageSchema":"1a1c01bbd47fc00a2c39e90264f33305004495a9","hash":"62b48952e724ca07d6d50179cf659ef6ca5ddd45"}
,"/Users/mjoyner/Property/frontend/src/utils/logger.js": {"path":"/Users/mjoyner/Property/frontend/src/utils/logger.js","statementMap":{},"fnMap":{},"branchMap":{},"s":{},"f":{},"b":{}}
,"/Users/mjoyner/Property/frontend/src/utils/socket.js": {"path":"/Users/mjoyner/Property/frontend/src/utils/socket.js","statementMap":{"0":{"start":{"line":5,"column":19},"end":{"line":5,"column":78}},"1":{"start":{"line":7,"column":22},"end":{"line":12,"column":2}}},"fnMap":{},"branchMap":{"0":{"loc":{"start":{"line":5,"column":19},"end":{"line":5,"column":78}},"type":"binary-expr","locations":[{"start":{"line":5,"column":19},"end":{"line":5,"column":51}},{"start":{"line":5,"column":55},"end":{"line":5,"column":78}}],"line":5}},"s":{"0":0,"1":0},"f":{},"b":{"0":[0,0]}}
,"/Users/mjoyner/Property/frontend/src/utils/validation.js": {"path":"/Users/mjoyner/Property/frontend/src/utils/validation.js","statementMap":{"0":{"start":{"line":8,"column":28},"end":{"line":11,"column":1}},"1":{"start":{"line":9,"column":13},"end":{"line":9,"column":164}},"2":{"start":{"line":10,"column":2},"end":{"line":10,"column":46}},"3":{"start":{"line":18,"column":32},"end":{"line":40,"column":1}},"4":{"start":{"line":19,"column":2},"end":{"line":21,"column":3}},"5":{"start":{"line":20,"column":4},"end":{"line":20,"column":63}},"6":{"start":{"line":23,"column":2},"end":{"line":25,"column":3}},"7":{"start":{"line":24,"column":4},"end":{"line":24,"column":86}},"8":{"start":{"line":27,"column":2},"end":{"line":29,"column":3}},"9":{"start":{"line":28,"column":4},"end":{"line":28,"column":94}},"10":{"start":{"line":31,"column":2},"end":{"line":33,"column":3}},"11":{"start":{"line":32,"column":4},"end":{"line":32,"column":94}},"12":{"start":{"line":35,"column":2},"end":{"line":37,"column":3}},"13":{"start":{"line":36,"column":4},"end":{"line":36,"column":84}},"14":{"start":{"line":39,"column":2},"end":{"line":39,"column":40}},"15":{"start":{"line":48,"column":38},"end":{"line":60,"column":1}},"16":{"start":{"line":49,"column":17},"end":{"line":49,"column":19}},"17":{"start":{"line":50,"column":16},"end":{"line":50,"column":20}},"18":{"start":{"line":52,"column":2},"end":{"line":57,"column":5}},"19":{"start":{"line":53,"column":4},"end":{"line":56,"column":5}},"20":{"start":{"line":54,"column":6},"end":{"line":54,"column":47}},"21":{"start":{"line":55,"column":6},"end":{"line":55,"column":22}},"22":{"start":{"line":59,"column":2},"end":{"line":59,"column":29}},"23":{"start":{"line":67,"column":28},"end":{"line":75,"column":1}},"24":{"start":{"line":68,"column":2},"end":{"line":68,"column":27}},"25":{"start":{"line":68,"column":14},"end":{"line":68,"column":27}},"26":{"start":{"line":71,"column":18},"end":{"line":71,"column":49}},"27":{"start":{"line":74,"column":2},"end":{"line":74,"column":31}}},"fnMap":{"0":{"name":"(anonymous_0)","decl":{"start":{"line":8,"column":28},"end":{"line":8,"column":29}},"loc":{"start":{"line":8,"column":39},"end":{"line":11,"column":1}},"line":8},"1":{"name":"(anonymous_1)","decl":{"start":{"line":18,"column":32},"end":{"line":18,"column":33}},"loc":{"start":{"line":18,"column":46},"end":{"line":40,"column":1}},"line":18},"2":{"name":"(anonymous_2)","decl":{"start":{"line":48,"column":38},"end":{"line":48,"column":39}},"loc":{"start":{"line":48,"column":68},"end":{"line":60,"column":1}},"line":48},"3":{"name":"(anonymous_3)","decl":{"start":{"line":52,"column":25},"end":{"line":52,"column":26}},"loc":{"start":{"line":52,"column":34},"end":{"line":57,"column":3}},"line":52},"4":{"name":"(anonymous_4)","decl":{"start":{"line":67,"column":28},"end":{"line":67,"column":29}},"loc":{"start":{"line":67,"column":39},"end":{"line":75,"column":1}},"line":67}},"branchMap":{"0":{"loc":{"start":{"line":19,"column":2},"end":{"line":21,"column":3}},"type":"if","locations":[{"start":{"line":19,"column":2},"end":{"line":21,"column":3}},{"start":{},"end":{}}],"line":19},"1":{"loc":{"start":{"line":23,"column":2},"end":{"line":25,"column":3}},"type":"if","locations":[{"start":{"line":23,"column":2},"end":{"line":25,"column":3}},{"start":{},"end":{}}],"line":23},"2":{"loc":{"start":{"line":27,"column":2},"end":{"line":29,"column":3}},"type":"if","locations":[{"start":{"line":27,"column":2},"end":{"line":29,"column":3}},{"start":{},"end":{}}],"line":27},"3":{"loc":{"start":{"line":31,"column":2},"end":{"line":33,"column":3}},"type":"if","locations":[{"start":{"line":31,"column":2},"end":{"line":33,"column":3}},{"start":{},"end":{}}],"line":31},"4":{"loc":{"start":{"line":35,"column":2},"end":{"line":37,"column":3}},"type":"if","locations":[{"start":{"line":35,"column":2},"end":{"line":37,"column":3}},{"start":{},"end":{}}],"line":35},"5":{"loc":{"start":{"line":53,"column":4},"end":{"line":56,"column":5}},"type":"if","locations":[{"start":{"line":53,"column":4},"end":{"line":56,"column":5}},{"start":{},"end":{}}],"line":53},"6":{"loc":{"start":{"line":53,"column":8},"end":{"line":53,"column":98}},"type":"binary-expr","locations":[{"start":{"line":53,"column":8},"end":{"line":53,"column":24}},{"start":{"line":53,"column":29},"end":{"line":53,"column":64}},{"start":{"line":53,"column":68},"end":{"line":53,"column":97}}],"line":53},"7":{"loc":{"start":{"line":68,"column":2},"end":{"line":68,"column":27}},"type":"if","locations":[{"start":{"line":68,"column":2},"end":{"line":68,"column":27}},{"start":{},"end":{}}],"line":68}},"s":{"0":0,"1":0,"2":0,"3":0,"4":0,"5":0,"6":0,"7":0,"8":0,"9":0,"10":0,"11":0,"12":0,"13":0,"14":0,"15":0,"16":0,"17":0,"18":0,"19":0,"20":0,"21":0,"22":0,"23":0,"24":0,"25":0,"26":0,"27":0},"f":{"0":0,"1":0,"2":0,"3":0,"4":0},"b":{"0":[0,0],"1":[0,0],"2":[0,0],"3":[0,0],"4":[0,0],"5":[0,0],"6":[0,0,0],"7":[0,0]}}
}
