TN:
SF:src/App.jsx
FN:23,(anonymous_0)
FN:24,(anonymous_1)
FN:25,(anonymous_2)
FN:26,(anonymous_3)
FN:27,(anonymous_4)
FN:28,(anonymous_5)
FN:29,(anonymous_6)
FN:30,(anonymous_7)
FN:31,(anonymous_8)
FN:32,(anonymous_9)
FN:33,(anonymous_10)
FN:34,(anonymous_11)
FN:35,(anonymous_12)
FN:36,(anonymous_13)
FN:37,(anonymous_14)
FN:38,(anonymous_15)
FN:39,(anonymous_16)
FN:40,(anonymous_17)
FN:41,(anonymous_18)
FN:42,(anonymous_19)
FN:43,(anonymous_20)
FN:44,(anonymous_21)
FN:45,(anonymous_22)
FN:46,(anonymous_23)
FN:47,(anonymous_24)
FN:48,(anonymous_25)
FN:49,(anonymous_26)
FN:50,(anonymous_27)
FN:51,(anonymous_28)
FN:52,(anonymous_29)
FN:53,(anonymous_30)
FN:54,(anonymous_31)
FN:55,(anonymous_32)
FN:95,(anonymous_33)
FN:98,(anonymous_34)
FN:164,(anonymous_35)
FN:463,(anonymous_36)
FNF:37
FNH:0
FNDA:0,(anonymous_0)
FNDA:0,(anonymous_1)
FNDA:0,(anonymous_2)
FNDA:0,(anonymous_3)
FNDA:0,(anonymous_4)
FNDA:0,(anonymous_5)
FNDA:0,(anonymous_6)
FNDA:0,(anonymous_7)
FNDA:0,(anonymous_8)
FNDA:0,(anonymous_9)
FNDA:0,(anonymous_10)
FNDA:0,(anonymous_11)
FNDA:0,(anonymous_12)
FNDA:0,(anonymous_13)
FNDA:0,(anonymous_14)
FNDA:0,(anonymous_15)
FNDA:0,(anonymous_16)
FNDA:0,(anonymous_17)
FNDA:0,(anonymous_18)
FNDA:0,(anonymous_19)
FNDA:0,(anonymous_20)
FNDA:0,(anonymous_21)
FNDA:0,(anonymous_22)
FNDA:0,(anonymous_23)
FNDA:0,(anonymous_24)
FNDA:0,(anonymous_25)
FNDA:0,(anonymous_26)
FNDA:0,(anonymous_27)
FNDA:0,(anonymous_28)
FNDA:0,(anonymous_29)
FNDA:0,(anonymous_30)
FNDA:0,(anonymous_31)
FNDA:0,(anonymous_32)
FNDA:0,(anonymous_33)
FNDA:0,(anonymous_34)
FNDA:0,(anonymous_35)
FNDA:0,(anonymous_36)
DA:23,0
DA:24,0
DA:25,0
DA:26,0
DA:27,0
DA:28,0
DA:29,0
DA:30,0
DA:31,0
DA:32,0
DA:33,0
DA:34,0
DA:35,0
DA:36,0
DA:37,0
DA:38,0
DA:39,0
DA:40,0
DA:41,0
DA:42,0
DA:43,0
DA:44,0
DA:45,0
DA:46,0
DA:47,0
DA:48,0
DA:49,0
DA:50,0
DA:51,0
DA:52,0
DA:53,0
DA:54,0
DA:55,0
DA:58,0
DA:95,0
DA:96,0
DA:100,0
DA:103,0
DA:104,0
DA:105,0
DA:109,0
DA:111,0
DA:112,0
DA:125,0
DA:126,0
DA:139,0
DA:140,0
DA:153,0
DA:155,0
DA:162,0
DA:166,0
DA:169,0
DA:170,0
DA:171,0
DA:175,0
DA:177,0
DA:178,0
DA:191,0
DA:192,0
DA:205,0
DA:206,0
DA:219,0
DA:221,0
DA:228,0
DA:463,0
DA:464,0
LF:66
LH:0
BRDA:103,0,0,0
BRDA:103,0,1,0
BRDA:111,1,0,0
BRDA:111,1,1,0
BRDA:115,2,0,0
BRDA:115,2,1,0
BRDA:125,3,0,0
BRDA:125,3,1,0
BRDA:129,4,0,0
BRDA:129,4,1,0
BRDA:139,5,0,0
BRDA:139,5,1,0
BRDA:143,6,0,0
BRDA:143,6,1,0
BRDA:153,7,0,0
BRDA:153,7,1,0
BRDA:169,8,0,0
BRDA:169,8,1,0
BRDA:177,9,0,0
BRDA:177,9,1,0
BRDA:181,10,0,0
BRDA:181,10,1,0
BRDA:191,11,0,0
BRDA:191,11,1,0
BRDA:195,12,0,0
BRDA:195,12,1,0
BRDA:205,13,0,0
BRDA:205,13,1,0
BRDA:209,14,0,0
BRDA:209,14,1,0
BRDA:219,15,0,0
BRDA:219,15,1,0
BRF:32
BRH:0
end_of_record
TN:
SF:src/theme.js
FNF:0
FNH:0
DA:3,1
LF:1
LH:1
BRF:0
BRH:0
end_of_record
TN:
SF:src/auth/ForgotPassword.jsx
FN:5,ForgotPassword
FN:10,(anonymous_1)
FN:49,(anonymous_2)
FNF:3
FNH:3
FNDA:49,ForgotPassword
FNDA:3,(anonymous_1)
FNDA:39,(anonymous_2)
DA:6,49
DA:7,48
DA:8,48
DA:10,48
DA:11,3
DA:12,3
DA:13,3
DA:15,3
DA:16,1
DA:17,1
DA:21,2
DA:22,2
DA:27,2
DA:28,1
DA:30,1
DA:31,1
DA:34,0
DA:38,48
DA:49,39
LF:19
LH:18
BRDA:15,0,0,1
BRDA:15,0,1,2
BRDA:27,1,0,1
BRDA:27,1,1,1
BRDA:31,2,0,1
BRDA:31,2,1,0
BRDA:55,3,0,48
BRDA:55,3,1,2
BRDA:60,4,0,48
BRDA:60,4,1,3
BRF:10
BRH:9
end_of_record
TN:
SF:src/auth/Login.jsx
FN:15,Login
FN:24,(anonymous_1)
FN:133,(anonymous_2)
FN:144,(anonymous_3)
FN:155,(anonymous_4)
FN:164,(anonymous_5)
FNF:6
FNH:4
FNDA:65,Login
FNDA:2,(anonymous_1)
FNDA:33,(anonymous_2)
FNDA:24,(anonymous_3)
FNDA:0,(anonymous_4)
FNDA:0,(anonymous_5)
DA:16,65
DA:17,64
DA:18,64
DA:19,64
DA:20,64
DA:22,64
DA:24,64
DA:25,2
DA:26,2
DA:27,2
DA:29,2
DA:31,2
DA:33,2
DA:34,2
DA:36,2
DA:37,1
DA:39,1
DA:40,1
DA:43,1
DA:45,1
DA:47,1
DA:48,1
DA:49,1
DA:51,0
DA:54,2
DA:58,64
DA:133,33
DA:144,24
DA:155,0
DA:164,0
LF:30
LH:27
BRDA:33,0,0,2
BRDA:33,0,1,0
BRDA:48,1,0,1
BRDA:48,1,1,0
BRDA:48,2,0,1
BRDA:48,2,1,1
BRDA:48,2,2,1
BRDA:51,3,0,0
BRDA:51,3,1,0
BRDA:119,4,0,64
BRDA:119,4,1,1
BRDA:151,5,0,0
BRDA:151,5,1,64
BRDA:160,6,0,64
BRDA:160,6,1,0
BRDA:181,7,0,2
BRDA:181,7,1,62
BRF:17
BRH:11
end_of_record
TN:
SF:src/auth/ResetPassword.jsx
FN:17,ResetPassword
FN:29,(anonymous_1)
FN:37,validateToken
FN:52,(anonymous_3)
FN:74,(anonymous_4)
FN:173,(anonymous_5)
FN:184,(anonymous_6)
FN:205,(anonymous_7)
FNF:8
FNH:5
FNDA:7,ResetPassword
FNDA:2,(anonymous_1)
FNDA:2,validateToken
FNDA:1,(anonymous_3)
FNDA:0,(anonymous_4)
FNDA:1,(anonymous_5)
FNDA:0,(anonymous_6)
FNDA:0,(anonymous_7)
DA:18,7
DA:19,7
DA:20,7
DA:21,6
DA:22,6
DA:23,6
DA:24,6
DA:25,6
DA:26,6
DA:27,6
DA:29,6
DA:31,2
DA:32,0
DA:33,0
DA:34,0
DA:38,2
DA:39,2
DA:40,2
DA:42,0
DA:43,0
DA:45,2
DA:49,2
DA:52,6
DA:53,1
DA:56,1
DA:57,1
DA:58,1
DA:61,0
DA:62,0
DA:63,0
DA:66,0
DA:67,0
DA:69,0
DA:70,0
DA:71,0
DA:74,0
DA:75,0
DA:78,0
DA:79,0
DA:81,0
DA:85,6
DA:86,2
DA:101,4
DA:173,1
DA:184,0
DA:205,0
LF:46
LH:26
BRDA:31,0,0,0
BRDA:31,0,1,2
BRDA:56,1,0,1
BRDA:56,1,1,0
BRDA:61,2,0,0
BRDA:61,2,1,0
BRDA:78,3,0,0
BRDA:78,3,1,0
BRDA:85,4,0,2
BRDA:85,4,1,4
BRDA:152,5,0,0
BRDA:152,5,1,4
BRDA:156,6,0,0
BRDA:156,6,1,4
BRDA:162,7,0,4
BRDA:162,7,1,1
BRDA:199,8,0,0
BRDA:199,8,1,4
BRF:18
BRH:9
end_of_record
TN:
SF:src/auth/Signup.jsx
FN:16,Signup
FN:29,(anonymous_1)
FN:29,(anonymous_2)
FN:34,(anonymous_3)
FN:156,(anonymous_4)
FN:164,(anonymous_5)
FNF:6
FNH:4
FNDA:7,Signup
FNDA:28,(anonymous_1)
FNDA:4,(anonymous_2)
FNDA:1,(anonymous_3)
FNDA:0,(anonymous_4)
FNDA:0,(anonymous_5)
DA:17,7
DA:25,7
DA:26,7
DA:27,7
DA:29,28
DA:30,4
DA:31,4
DA:34,7
DA:35,1
DA:36,1
DA:37,1
DA:39,1
DA:40,1
DA:41,1
DA:42,1
DA:44,0
DA:46,1
DA:50,7
DA:156,0
DA:164,0
LF:20
LH:17
BRDA:30,0,0,1
BRDA:30,0,1,3
BRDA:44,1,0,0
BRDA:44,1,1,0
BRDA:109,2,0,7
BRDA:109,2,1,0
BRDA:153,3,0,0
BRDA:153,3,1,7
BRDA:161,4,0,7
BRDA:161,4,1,0
BRDA:192,5,0,7
BRDA:192,5,1,6
BRDA:196,6,0,1
BRDA:196,6,1,6
BRF:14
BRH:9
end_of_record
TN:
SF:src/components/Card.jsx
FN:4,(anonymous_0)
FN:15,(anonymous_1)
FNF:2
FNH:0
FNDA:0,(anonymous_0)
FNDA:0,(anonymous_1)
DA:4,2
DA:15,0
DA:16,0
DA:18,0
DA:20,0
DA:22,0
DA:24,0
DA:26,0
DA:28,0
DA:32,0
LF:10
LH:1
BRDA:10,0,0,0
BRDA:11,1,0,0
BRDA:12,2,0,0
BRDA:16,3,0,0
BRDA:16,3,1,0
BRDA:16,3,2,0
BRDA:16,3,3,0
BRDA:16,3,4,0
BRDA:16,3,5,0
BRDA:45,4,0,0
BRDA:45,4,1,0
BRDA:45,4,2,0
BRDA:45,4,3,0
BRDA:53,5,0,0
BRDA:53,5,1,0
BRDA:59,6,0,0
BRDA:59,6,1,0
BRDA:64,7,0,0
BRDA:64,7,1,0
BRDA:71,8,0,0
BRDA:71,8,1,0
BRF:21
BRH:0
end_of_record
TN:
SF:src/components/Chart.jsx
FN:9,(anonymous_0)
FN:24,(anonymous_1)
FN:25,(anonymous_2)
FN:74,(anonymous_3)
FN:75,(anonymous_4)
FNF:5
FNH:0
FNDA:0,(anonymous_0)
FNDA:0,(anonymous_1)
FNDA:0,(anonymous_2)
FNDA:0,(anonymous_3)
FNDA:0,(anonymous_4)
DA:9,2
DA:21,0
DA:24,0
DA:25,0
DA:33,0
DA:74,0
DA:75,0
LF:7
LH:1
BRDA:10,0,0,0
BRDA:11,1,0,0
BRDA:12,2,0,0
BRDA:13,3,0,0
BRDA:14,4,0,0
BRDA:15,5,0,0
BRDA:16,6,0,0
BRDA:17,7,0,0
BRDA:18,8,0,0
BRDA:19,9,0,0
BRDA:27,10,0,0
BRDA:27,10,1,0
BRDA:27,11,0,0
BRDA:27,11,1,0
BRDA:40,12,0,0
BRDA:40,12,1,0
BRDA:64,13,0,0
BRDA:64,13,1,0
BRDA:79,14,0,0
BRDA:79,14,1,0
BRDA:88,15,0,0
BRDA:88,15,1,0
BRF:22
BRH:0
end_of_record
TN:
SF:src/components/ChartCard.jsx
FN:5,ChartCard
FNF:1
FNH:1
FNDA:2,ChartCard
DA:6,2
DA:7,2
DA:9,2
LF:3
LH:3
BRDA:5,0,0,2
BRDA:5,1,0,2
BRDA:5,2,0,2
BRDA:7,3,0,2
BRDA:7,3,1,0
BRDA:15,4,0,2
BRDA:15,4,1,1
BRF:7
BRH:6
end_of_record
TN:
SF:src/components/DataTable.jsx
FN:21,descendingComparator
FN:27,getComparator
FN:29,(anonymous_2)
FN:30,(anonymous_3)
FN:33,stableSort
FN:34,(anonymous_5)
FN:35,(anonymous_6)
FN:40,(anonymous_7)
FN:43,(anonymous_8)
FN:59,(anonymous_9)
FN:63,(anonymous_10)
FN:68,(anonymous_11)
FN:76,(anonymous_12)
FN:77,(anonymous_13)
FN:117,(anonymous_14)
FN:149,(anonymous_15)
FN:165,(anonymous_16)
FN:193,(anonymous_17)
FN:199,(anonymous_18)
FNF:19
FNH:0
FNDA:0,descendingComparator
FNDA:0,getComparator
FNDA:0,(anonymous_2)
FNDA:0,(anonymous_3)
FNDA:0,stableSort
FNDA:0,(anonymous_5)
FNDA:0,(anonymous_6)
FNDA:0,(anonymous_7)
FNDA:0,(anonymous_8)
FNDA:0,(anonymous_9)
FNDA:0,(anonymous_10)
FNDA:0,(anonymous_11)
FNDA:0,(anonymous_12)
FNDA:0,(anonymous_13)
FNDA:0,(anonymous_14)
FNDA:0,(anonymous_15)
FNDA:0,(anonymous_16)
FNDA:0,(anonymous_17)
FNDA:0,(anonymous_18)
DA:22,0
DA:23,0
DA:24,0
DA:28,0
DA:29,0
DA:30,0
DA:34,0
DA:35,0
DA:36,0
DA:37,0
DA:38,0
DA:40,0
DA:43,2
DA:53,0
DA:54,0
DA:55,0
DA:56,0
DA:57,0
DA:59,0
DA:60,0
DA:63,0
DA:64,0
DA:65,0
DA:68,0
DA:69,0
DA:70,0
DA:71,0
DA:75,0
DA:77,0
DA:78,0
DA:79,0
DA:80,0
DA:86,0
DA:90,0
DA:95,0
DA:117,0
DA:150,0
DA:165,0
DA:194,0
DA:200,0
DA:201,0
LF:41
LH:1
BRDA:22,0,0,0
BRDA:22,0,1,0
BRDA:23,1,0,0
BRDA:23,1,1,0
BRDA:28,2,0,0
BRDA:28,2,1,0
BRDA:37,3,0,0
BRDA:37,3,1,0
BRDA:47,4,0,0
BRDA:48,5,0,0
BRDA:49,6,0,0
BRDA:50,7,0,0
BRDA:51,8,0,0
BRDA:56,9,0,0
BRDA:56,9,1,0
BRDA:69,10,0,0
BRDA:69,10,1,0
BRDA:70,11,0,0
BRDA:70,11,1,0
BRDA:75,12,0,0
BRDA:75,12,1,0
BRDA:79,13,0,0
BRDA:79,13,1,0
BRDA:86,14,0,0
BRDA:86,14,1,0
BRDA:111,15,0,0
BRDA:111,15,1,0
BRDA:146,16,0,0
BRDA:146,16,1,0
BRDA:152,17,0,0
BRDA:152,17,1,0
BRDA:161,18,0,0
BRDA:161,18,1,0
BRDA:164,19,0,0
BRDA:164,19,1,0
BRDA:192,20,0,0
BRDA:192,20,1,0
BRDA:204,21,0,0
BRDA:204,21,1,0
BRDA:207,22,0,0
BRDA:207,22,1,0
BRF:41
BRH:0
end_of_record
TN:
SF:src/components/Empty.jsx
FN:6,(anonymous_0)
FNF:1
FNH:0
FNDA:0,(anonymous_0)
DA:6,2
DA:13,0
LF:2
LH:1
BRDA:7,0,0,0
BRDA:8,1,0,0
BRDA:29,2,0,0
BRDA:29,2,1,0
BRDA:40,3,0,0
BRDA:40,3,1,0
BRF:6
BRH:0
end_of_record
TN:
SF:src/components/ErrorBoundary.jsx
FN:10,(anonymous_0)
FN:20,(anonymous_1)
FN:29,(anonymous_2)
FN:35,(anonymous_3)
FN:39,(anonymous_4)
FN:46,(anonymous_5)
FN:61,(anonymous_6)
FN:66,(anonymous_7)
FN:70,(anonymous_8)
FN:74,(anonymous_9)
FN:106,(anonymous_10)
FN:148,(anonymous_11)
FNF:12
FNH:0
FNDA:0,(anonymous_0)
FNDA:0,(anonymous_1)
FNDA:0,(anonymous_2)
FNDA:0,(anonymous_3)
FNDA:0,(anonymous_4)
FNDA:0,(anonymous_5)
FNDA:0,(anonymous_6)
FNDA:0,(anonymous_7)
FNDA:0,(anonymous_8)
FNDA:0,(anonymous_9)
FNDA:0,(anonymous_10)
FNDA:0,(anonymous_11)
DA:11,0
DA:12,0
DA:22,0
DA:23,0
DA:26,0
DA:31,0
DA:32,0
DA:35,0
DA:36,0
DA:40,0
DA:47,0
DA:49,0
DA:54,0
DA:62,0
DA:66,0
DA:67,0
DA:70,0
DA:71,0
DA:75,0
DA:76,0
DA:79,0
DA:80,0
DA:106,0
DA:116,0
DA:118,0
DA:119,0
DA:123,0
DA:148,0
DA:175,0
LF:29
LH:0
BRDA:60,0,0,0
BRDA:60,0,1,0
BRDA:79,1,0,0
BRDA:79,1,1,0
BRDA:116,2,0,0
BRDA:116,2,1,0
BRDA:118,3,0,0
BRDA:118,3,1,0
BRDA:162,4,0,0
BRDA:162,4,1,0
BRF:10
BRH:0
end_of_record
TN:
SF:src/components/FileUpload.jsx
FN:3,(anonymous_0)
FN:6,(anonymous_1)
FNF:2
FNH:0
FNDA:0,(anonymous_0)
FNDA:0,(anonymous_1)
DA:3,2
DA:4,0
DA:6,0
DA:7,0
DA:8,0
DA:12,0
LF:6
LH:1
BRDA:7,0,0,0
BRDA:7,0,1,0
BRDA:7,1,0,0
BRDA:7,1,1,0
BRF:4
BRH:0
end_of_record
TN:
SF:src/components/FormSection.jsx
FN:4,(anonymous_0)
FNF:1
FNH:0
FNDA:0,(anonymous_0)
DA:4,2
DA:12,0
LF:2
LH:1
BRDA:9,0,0,0
BRDA:10,1,0,0
BRDA:15,2,0,0
BRDA:15,2,1,0
BRDA:21,3,0,0
BRDA:21,3,1,0
BRDA:26,4,0,0
BRDA:26,4,1,0
BRDA:38,5,0,0
BRDA:38,5,1,0
BRF:10
BRH:0
end_of_record
TN:
SF:src/components/Layout.jsx
FN:44,Layout
FN:50,(anonymous_1)
FN:54,(anonymous_2)
FN:58,(anonymous_3)
FN:62,(anonymous_4)
FN:69,(anonymous_5)
FN:82,(anonymous_6)
FN:142,(anonymous_7)
FN:143,(anonymous_8)
FNF:9
FNH:2
FNDA:2,Layout
FNDA:0,(anonymous_1)
FNDA:0,(anonymous_2)
FNDA:0,(anonymous_3)
FNDA:0,(anonymous_4)
FNDA:0,(anonymous_5)
FNDA:14,(anonymous_6)
FNDA:0,(anonymous_7)
FNDA:0,(anonymous_8)
DA:32,2
DA:34,2
DA:45,2
DA:46,2
DA:47,2
DA:48,2
DA:50,2
DA:51,0
DA:54,2
DA:55,0
DA:58,2
DA:59,0
DA:62,2
DA:63,0
DA:64,0
DA:65,0
DA:66,0
DA:69,2
DA:70,0
DA:71,0
DA:75,2
DA:83,14
DA:106,2
DA:142,0
DA:143,0
LF:25
LH:14
BRDA:90,0,0,0
BRDA:90,0,1,14
BRF:2
BRH:1
end_of_record
TN:
SF:src/components/LoadingFallback.jsx
FN:9,(anonymous_0)
FNF:1
FNH:0
FNDA:0,(anonymous_0)
DA:9,0
DA:10,0
LF:2
LH:0
BRF:0
BRH:0
end_of_record
TN:
SF:src/components/LoadingSpinner.jsx
FN:4,(anonymous_0)
FNF:1
FNH:0
FNDA:0,(anonymous_0)
DA:4,2
DA:5,0
LF:2
LH:1
BRF:0
BRH:0
end_of_record
TN:
SF:src/components/MaintenanceRequestCard.jsx
FN:21,(anonymous_0)
FN:34,(anonymous_1)
FN:38,(anonymous_2)
FN:120,(anonymous_3)
FN:141,(anonymous_4)
FN:145,(anonymous_5)
FNF:6
FNH:5
FNDA:7,(anonymous_0)
FNDA:7,(anonymous_1)
FNDA:7,(anonymous_2)
FNDA:7,(anonymous_3)
FNDA:1,(anonymous_4)
FNDA:0,(anonymous_5)
DA:21,3
DA:22,7
DA:24,1
DA:26,6
DA:28,0
DA:30,0
DA:34,3
DA:35,7
DA:38,7
DA:39,7
DA:40,7
DA:43,0
DA:47,7
DA:48,7
DA:54,0
DA:55,0
DA:61,0
DA:62,0
DA:68,0
DA:69,0
DA:75,0
DA:76,0
DA:82,0
DA:83,0
DA:89,0
DA:90,0
DA:96,0
DA:97,0
DA:103,0
DA:104,0
DA:112,0
DA:120,3
DA:135,7
DA:136,7
DA:137,7
DA:138,7
DA:139,7
DA:141,7
DA:142,1
DA:145,7
DA:146,0
DA:147,0
DA:148,0
DA:151,7
LF:44
LH:21
BRDA:22,0,0,1
BRDA:22,0,1,6
BRDA:22,0,2,0
BRDA:22,0,3,0
BRDA:35,1,0,0
BRDA:35,1,1,7
BRDA:40,2,0,7
BRDA:40,2,1,0
BRDA:47,3,0,7
BRDA:47,3,1,0
BRDA:54,4,0,0
BRDA:54,4,1,0
BRDA:61,5,0,0
BRDA:61,5,1,0
BRDA:68,6,0,0
BRDA:68,6,1,0
BRDA:68,7,0,0
BRDA:68,7,1,0
BRDA:68,7,2,0
BRDA:75,8,0,0
BRDA:75,8,1,0
BRDA:82,9,0,0
BRDA:82,9,1,0
BRDA:89,10,0,0
BRDA:89,10,1,0
BRDA:96,11,0,0
BRDA:96,11,1,0
BRDA:103,12,0,0
BRDA:103,12,1,0
BRDA:131,13,0,0
BRDA:142,14,0,1
BRDA:142,14,1,0
BRDA:148,15,0,0
BRDA:148,15,1,0
BRDA:167,16,0,7
BRDA:167,16,1,0
BRDA:168,17,0,7
BRDA:168,17,1,0
BRDA:181,18,0,7
BRDA:181,18,1,7
BRDA:215,19,0,7
BRDA:215,19,1,7
BRDA:232,20,0,7
BRDA:232,20,1,7
BRDA:248,21,0,7
BRDA:248,21,1,7
BRF:46
BRH:16
end_of_record
TN:
SF:src/components/MessageThread.jsx
FN:3,(anonymous_0)
FN:6,(anonymous_1)
FN:12,(anonymous_2)
FNF:3
FNH:0
FNDA:0,(anonymous_0)
FNDA:0,(anonymous_1)
FNDA:0,(anonymous_2)
DA:3,0
DA:4,0
DA:6,0
DA:7,0
DA:10,0
DA:13,0
LF:6
LH:0
BRDA:15,0,0,0
BRDA:15,0,1,0
BRDA:19,1,0,0
BRDA:19,1,1,0
BRF:4
BRH:0
end_of_record
TN:
SF:src/components/NavBar.jsx
FN:22,(anonymous_0)
FN:32,(anonymous_1)
FN:36,(anonymous_2)
FN:40,(anonymous_3)
FN:44,(anonymous_4)
FN:48,(anonymous_5)
FN:52,(anonymous_6)
FN:56,(anonymous_7)
FN:68,(anonymous_8)
FNF:9
FNH:0
FNDA:0,(anonymous_0)
FNDA:0,(anonymous_1)
FNDA:0,(anonymous_2)
FNDA:0,(anonymous_3)
FNDA:0,(anonymous_4)
FNDA:0,(anonymous_5)
FNDA:0,(anonymous_6)
FNDA:0,(anonymous_7)
FNDA:0,(anonymous_8)
DA:22,2
DA:23,0
DA:24,0
DA:25,0
DA:26,0
DA:28,0
DA:29,0
DA:30,0
DA:32,0
DA:33,0
DA:36,0
DA:37,0
DA:40,0
DA:41,0
DA:44,0
DA:45,0
DA:48,0
DA:49,0
DA:52,0
DA:53,0
DA:56,0
DA:57,0
DA:58,0
DA:61,0
DA:68,0
LF:25
LH:1
BRDA:72,0,0,0
BRDA:72,0,1,0
BRDA:98,1,0,0
BRDA:98,1,1,0
BRDA:108,2,0,0
BRDA:108,2,1,0
BRDA:163,3,0,0
BRDA:163,3,1,0
BRDA:166,4,0,0
BRDA:166,4,1,0
BRDA:207,5,0,0
BRDA:207,5,1,0
BRDA:221,6,0,0
BRDA:221,6,1,0
BRF:14
BRH:0
end_of_record
TN:
SF:src/components/NotificationBadge.jsx
FN:4,(anonymous_0)
FNF:1
FNH:1
FNDA:6,(anonymous_0)
DA:4,1
DA:5,6
DA:7,5
DA:9,5
LF:4
LH:4
BRDA:4,0,0,5
BRDA:4,1,0,5
BRDA:5,2,0,1
BRDA:5,2,1,5
BRDA:5,3,0,6
BRDA:5,3,1,5
BRDA:7,4,0,1
BRDA:7,4,1,4
BRF:8
BRH:8
end_of_record
TN:
SF:src/components/NotificationDropdown.jsx
FN:4,(anonymous_0)
FN:9,(anonymous_1)
FN:10,handleClickOutside
FN:18,(anonymous_3)
FN:21,(anonymous_4)
FN:27,(anonymous_5)
FN:27,(anonymous_6)
FN:41,(anonymous_7)
FNF:8
FNH:8
FNDA:12,(anonymous_0)
FNDA:12,(anonymous_1)
FNDA:2,handleClickOutside
FNDA:12,(anonymous_3)
FNDA:12,(anonymous_4)
FNDA:5,(anonymous_5)
FNDA:5,(anonymous_6)
FNDA:9,(anonymous_7)
DA:4,3
DA:5,12
DA:6,12
DA:9,12
DA:11,2
DA:12,1
DA:15,12
DA:16,4
DA:18,12
DA:21,12
DA:23,12
DA:27,5
DA:42,9
LF:13
LH:13
BRDA:4,0,0,0
BRDA:11,1,0,1
BRDA:11,1,1,1
BRDA:11,2,0,2
BRDA:11,2,1,2
BRDA:15,3,0,4
BRDA:15,3,1,8
BRDA:31,4,0,12
BRDA:31,4,1,9
BRDA:35,5,0,12
BRDA:35,5,1,4
BRDA:38,6,0,1
BRDA:38,6,1,3
BRDA:44,7,0,3
BRDA:44,7,1,6
BRF:15
BRH:14
end_of_record
TN:
SF:src/components/PageHeader.jsx
FN:6,(anonymous_0)
FN:24,(anonymous_1)
FNF:2
FNH:1
FNDA:1,(anonymous_0)
FNDA:0,(anonymous_1)
DA:6,4
DA:12,1
DA:13,1
DA:15,1
DA:25,0
DA:26,0
LF:6
LH:4
BRDA:9,0,0,1
BRDA:18,1,0,1
BRDA:18,1,1,0
BRDA:26,2,0,0
BRDA:26,2,1,0
BRDA:51,3,0,0
BRDA:51,3,1,1
BRDA:52,4,0,0
BRDA:52,4,1,1
BRDA:59,5,0,1
BRDA:59,5,1,1
BRDA:66,6,0,1
BRDA:66,6,1,1
BRDA:67,7,0,0
BRDA:67,7,1,1
BRF:15
BRH:9
end_of_record
TN:
SF:src/components/PasswordStrengthBar.jsx
FN:3,(anonymous_0)
FN:24,(anonymous_1)
FNF:2
FNH:0
FNDA:0,(anonymous_0)
FNDA:0,(anonymous_1)
DA:3,2
DA:4,0
DA:5,0
DA:6,0
DA:7,0
DA:8,0
DA:10,0
DA:11,0
DA:13,0
DA:14,0
DA:15,0
DA:16,0
DA:17,0
DA:18,0
DA:21,0
DA:24,2
DA:25,0
DA:27,0
LF:18
LH:2
BRDA:5,0,0,0
BRDA:5,0,1,0
BRDA:6,1,0,0
BRDA:6,1,1,0
BRDA:7,2,0,0
BRDA:7,2,1,0
BRDA:8,3,0,0
BRDA:8,3,1,0
BRDA:13,4,0,0
BRDA:13,4,1,0
BRDA:16,5,0,0
BRDA:16,5,1,0
BRF:12
BRH:0
end_of_record
TN:
SF:src/components/PropertyCard.jsx
FN:11,(anonymous_0)
FN:28,(anonymous_1)
FN:45,(anonymous_2)
FNF:3
FNH:0
FNDA:0,(anonymous_0)
FNDA:0,(anonymous_1)
FNDA:0,(anonymous_2)
DA:11,2
DA:12,0
DA:14,0
DA:16,0
DA:18,0
DA:20,0
DA:22,0
DA:24,0
DA:28,2
DA:41,0
DA:42,0
DA:43,0
DA:45,0
DA:46,0
DA:49,0
LF:15
LH:2
BRDA:12,0,0,0
BRDA:12,0,1,0
BRDA:12,0,2,0
BRDA:12,0,3,0
BRDA:12,0,4,0
BRDA:12,0,5,0
BRDA:36,1,0,0
BRDA:37,2,0,0
BRDA:38,3,0,0
BRDA:46,4,0,0
BRDA:46,4,1,0
BRDA:65,5,0,0
BRDA:65,5,1,0
BRDA:66,6,0,0
BRDA:66,6,1,0
BRDA:75,7,0,0
BRDA:75,7,1,0
BRDA:115,8,0,0
BRDA:115,8,1,0
BRDA:122,9,0,0
BRDA:122,9,1,0
BRDA:127,10,0,0
BRDA:127,10,1,0
BRDA:130,11,0,0
BRDA:130,11,1,0
BRF:25
BRH:0
end_of_record
TN:
SF:src/components/ProtectedRoute.jsx
FN:5,ProtectedRoute
FNF:1
FNH:0
FNDA:0,ProtectedRoute
DA:6,0
DA:7,0
DA:8,0
DA:9,0
DA:11,0
LF:5
LH:0
BRDA:5,0,0,0
BRDA:7,1,0,0
BRDA:7,1,1,0
BRDA:8,2,0,0
BRDA:8,2,1,0
BRDA:8,3,0,0
BRDA:8,3,1,0
BRDA:8,3,2,0
BRF:8
BRH:0
end_of_record
TN:
SF:src/components/ResendVerification.jsx
FN:4,(anonymous_0)
FN:8,(anonymous_1)
FNF:2
FNH:0
FNDA:0,(anonymous_0)
FNDA:0,(anonymous_1)
DA:4,2
DA:5,0
DA:6,0
DA:8,0
DA:9,0
DA:10,0
DA:11,0
DA:12,0
DA:14,0
DA:18,0
LF:10
LH:1
BRDA:23,0,0,0
BRDA:23,0,1,0
BRDA:24,1,0,0
BRDA:24,1,1,0
BRF:4
BRH:0
end_of_record
TN:
SF:src/components/ResponsiveContainer.jsx
FN:3,(anonymous_0)
FNF:1
FNH:0
FNDA:0,(anonymous_0)
DA:3,2
DA:4,0
LF:2
LH:1
BRF:0
BRH:0
end_of_record
TN:
SF:src/components/StatCard.jsx
FN:6,(anonymous_0)
FN:18,(anonymous_1)
FN:26,(anonymous_2)
FNF:3
FNH:0
FNDA:0,(anonymous_0)
FNDA:0,(anonymous_1)
FNDA:0,(anonymous_2)
DA:6,2
DA:18,0
DA:19,0
DA:20,0
DA:21,0
DA:22,0
DA:26,0
DA:27,0
DA:28,0
DA:29,0
DA:32,0
LF:11
LH:1
BRDA:12,0,0,0
BRDA:19,1,0,0
BRDA:19,1,1,0
BRDA:20,2,0,0
BRDA:20,2,1,0
BRDA:21,3,0,0
BRDA:21,3,1,0
BRDA:27,4,0,0
BRDA:27,4,1,0
BRDA:28,5,0,0
BRDA:28,5,1,0
BRDA:47,6,0,0
BRDA:47,6,1,0
BRDA:67,7,0,0
BRDA:67,7,1,0
BRDA:67,7,2,0
BRDA:78,8,0,0
BRDA:78,8,1,0
BRDA:86,9,0,0
BRDA:86,9,1,0
BRF:20
BRH:0
end_of_record
TN:
SF:src/components/StatsCard.jsx
FN:4,StatsCard
FNF:1
FNH:1
FNDA:2,StatsCard
DA:5,2
DA:7,2
LF:2
LH:2
BRDA:21,0,0,2
BRDA:21,0,1,2
BRDA:21,0,2,1
BRDA:23,1,0,1
BRDA:23,1,1,0
BRDA:27,2,0,0
BRDA:27,2,1,0
BRDA:33,3,0,0
BRDA:33,3,1,0
BRDA:37,4,0,1
BRDA:37,4,1,0
BRF:11
BRH:5
end_of_record
TN:
SF:src/components/StatusBadge.jsx
FN:4,(anonymous_0)
FN:72,(anonymous_1)
FNF:2
FNH:2
FNDA:7,(anonymous_0)
FNDA:7,(anonymous_1)
DA:4,3
DA:5,7
DA:54,7
DA:57,7
DA:58,0
DA:62,7
DA:63,63
DA:64,0
DA:69,7
DA:72,3
DA:73,7
DA:74,7
DA:77,7
DA:95,7
LF:14
LH:12
BRDA:54,0,0,7
BRDA:54,0,1,0
BRDA:57,1,0,0
BRDA:57,1,1,7
BRDA:63,2,0,0
BRDA:63,2,1,63
BRDA:72,3,0,7
BRDA:72,4,0,7
BRDA:73,5,0,7
BRDA:73,5,1,7
BRDA:73,5,2,0
BRF:11
BRH:7
end_of_record
TN:
SF:src/components/Toast.jsx
FN:10,(anonymous_0)
FNF:1
FNH:0
FNDA:0,(anonymous_0)
DA:10,0
DA:11,0
DA:13,0
LF:3
LH:0
BRDA:24,0,0,0
BRDA:24,0,1,0
BRF:2
BRH:0
end_of_record
TN:
SF:src/components/auth/AccessDenied.jsx
FN:10,(anonymous_0)
FN:15,(anonymous_1)
FNF:2
FNH:0
FNDA:0,(anonymous_0)
FNDA:0,(anonymous_1)
DA:10,0
DA:11,0
DA:12,0
DA:15,0
DA:16,0
DA:18,0
DA:20,0
DA:22,0
DA:23,0
DA:25,0
DA:26,0
DA:28,0
DA:29,0
DA:31,0
DA:35,0
LF:15
LH:0
BRDA:16,0,0,0
BRDA:16,0,1,0
BRDA:18,1,0,0
BRDA:18,1,1,0
BRDA:20,2,0,0
BRDA:20,2,1,0
BRDA:20,2,2,0
BRDA:20,2,3,0
BRF:8
BRH:0
end_of_record
TN:
SF:src/components/auth/ProtectedRoute.jsx
FN:16,(anonymous_0)
FNF:1
FNH:0
FNDA:0,(anonymous_0)
DA:16,0
DA:21,0
DA:22,0
DA:25,0
DA:26,0
DA:35,0
DA:37,0
DA:38,0
DA:42,0
DA:43,0
DA:46,0
DA:47,0
DA:52,0
LF:13
LH:0
BRDA:18,0,0,0
BRDA:19,1,0,0
BRDA:25,2,0,0
BRDA:25,2,1,0
BRDA:35,3,0,0
BRDA:35,3,1,0
BRDA:42,4,0,0
BRDA:42,4,1,0
BRDA:43,5,0,0
BRDA:43,5,1,0
BRDA:46,6,0,0
BRDA:46,6,1,0
BRF:12
BRH:0
end_of_record
TN:
SF:src/config/environment.js
FN:40,(anonymous_0)
FN:42,(anonymous_1)
FN:43,(anonymous_2)
FN:53,(anonymous_3)
FNF:4
FNH:0
FNDA:0,(anonymous_0)
FNDA:0,(anonymous_1)
FNDA:0,(anonymous_2)
FNDA:0,(anonymous_3)
DA:9,20
DA:10,20
DA:13,20
DA:14,20
DA:15,20
DA:18,20
DA:25,20
DA:26,20
DA:27,20
DA:30,20
DA:33,20
DA:40,20
DA:41,0
DA:42,0
DA:44,0
DA:45,0
DA:53,20
DA:54,0
LF:18
LH:13
BRDA:9,0,0,20
BRDA:9,0,1,0
BRDA:10,1,0,20
BRDA:10,1,1,0
BRDA:25,2,0,20
BRDA:25,2,1,0
BRDA:30,3,0,20
BRDA:30,3,1,20
BRDA:33,4,0,20
BRDA:33,4,1,20
BRF:10
BRH:7
end_of_record
TN:
SF:src/context/AppContext.jsx
FN:7,(anonymous_0)
FN:19,(anonymous_1)
FN:20,(anonymous_2)
FN:25,(anonymous_3)
FN:29,(anonymous_4)
FN:30,(anonymous_5)
FN:56,(anonymous_6)
FN:57,(anonymous_7)
FN:61,(anonymous_8)
FN:66,(anonymous_9)
FN:73,(anonymous_10)
FN:77,(anonymous_11)
FN:84,(anonymous_12)
FN:105,(anonymous_13)
FNF:14
FNH:7
FNDA:100,(anonymous_0)
FNDA:49,(anonymous_1)
FNDA:0,(anonymous_2)
FNDA:49,(anonymous_3)
FNDA:49,(anonymous_4)
FNDA:49,(anonymous_5)
FNDA:0,(anonymous_6)
FNDA:0,(anonymous_7)
FNDA:0,(anonymous_8)
FNDA:5,(anonymous_9)
FNDA:0,(anonymous_10)
FNDA:0,(anonymous_11)
FNDA:0,(anonymous_12)
FNDA:5,(anonymous_13)
DA:5,18
DA:7,18
DA:8,100
DA:9,100
DA:10,100
DA:11,100
DA:12,100
DA:13,100
DA:19,100
DA:20,49
DA:21,0
DA:24,49
DA:25,49
DA:29,100
DA:30,49
DA:31,49
DA:33,49
DA:34,49
DA:39,40
DA:40,40
DA:48,49
DA:52,49
DA:56,100
DA:57,0
DA:61,100
DA:62,0
DA:66,100
DA:67,5
DA:69,5
DA:73,100
DA:74,0
DA:76,0
DA:77,0
DA:78,0
DA:84,100
DA:85,0
DA:88,100
DA:102,100
DA:105,18
DA:106,5
DA:107,5
DA:108,0
DA:110,5
LF:43
LH:34
BRDA:69,0,0,5
BRDA:69,0,1,0
BRDA:73,1,0,0
BRDA:76,2,0,0
BRDA:76,2,1,0
BRDA:107,3,0,0
BRDA:107,3,1,5
BRF:7
BRH:2
end_of_record
TN:
SF:src/context/AuthContext.jsx
FN:14,(anonymous_0)
FN:15,(anonymous_1)
FN:20,(anonymous_2)
FN:25,(anonymous_3)
FN:58,(anonymous_4)
FN:64,(anonymous_5)
FN:69,(anonymous_6)
FN:74,(anonymous_7)
FN:75,(anonymous_8)
FN:93,(anonymous_9)
FN:124,(anonymous_10)
FN:172,(anonymous_11)
FN:198,(anonymous_12)
FN:227,(anonymous_13)
FN:242,(anonymous_14)
FN:279,(anonymous_15)
FN:301,(anonymous_16)
FN:335,(anonymous_17)
FN:344,(anonymous_18)
FN:345,(anonymous_19)
FN:348,(anonymous_20)
FNF:21
FNH:10
FNDA:125,(anonymous_0)
FNDA:67,(anonymous_1)
FNDA:67,(anonymous_2)
FNDA:0,(anonymous_3)
FNDA:57,(anonymous_4)
FNDA:0,(anonymous_5)
FNDA:7,(anonymous_6)
FNDA:51,(anonymous_7)
FNDA:51,(anonymous_8)
FNDA:0,(anonymous_9)
FNDA:2,(anonymous_10)
FNDA:0,(anonymous_11)
FNDA:0,(anonymous_12)
FNDA:0,(anonymous_13)
FNDA:1,(anonymous_14)
FNDA:0,(anonymous_15)
FNDA:0,(anonymous_16)
FNDA:423,(anonymous_17)
FNDA:0,(anonymous_18)
FNDA:0,(anonymous_19)
FNDA:0,(anonymous_20)
DA:9,19
DA:12,19
DA:14,19
DA:15,125
DA:16,67
DA:17,67
DA:19,125
DA:20,125
DA:21,125
DA:22,125
DA:25,125
DA:26,0
DA:27,0
DA:29,0
DA:30,0
DA:33,0
DA:34,0
DA:36,0
DA:38,0
DA:39,0
DA:40,0
DA:43,0
DA:45,0
DA:47,0
DA:50,0
DA:52,0
DA:53,0
DA:58,125
DA:59,57
DA:62,7
DA:64,7
DA:65,0
DA:69,7
DA:74,125
DA:75,51
DA:76,51
DA:77,51
DA:78,51
DA:80,51
DA:81,2
DA:82,2
DA:83,2
DA:86,2
DA:89,2
DA:90,2
DA:93,2
DA:94,0
DA:98,2
DA:99,2
DA:101,0
DA:103,0
DA:104,0
DA:105,0
DA:106,0
DA:112,49
DA:113,49
DA:114,49
DA:117,51
DA:120,51
DA:124,125
DA:125,2
DA:126,2
DA:128,2
DA:130,2
DA:137,2
DA:139,2
DA:141,2
DA:142,0
DA:146,2
DA:152,2
DA:153,2
DA:154,2
DA:157,2
DA:158,2
DA:159,2
DA:160,2
DA:163,2
DA:165,2
DA:168,2
DA:169,1
DA:172,2
DA:173,0
DA:177,2
DA:178,2
DA:181,2
DA:183,2
DA:187,2
DA:189,0
DA:190,0
DA:191,0
DA:193,2
DA:198,125
DA:199,0
DA:200,0
DA:202,0
DA:203,0
DA:204,0
DA:207,0
DA:209,0
DA:210,0
DA:211,0
DA:214,0
DA:215,0
DA:216,0
DA:217,0
DA:220,0
DA:223,0
DA:224,0
DA:227,0
DA:228,0
DA:232,0
DA:234,0
DA:235,0
DA:237,0
DA:242,125
DA:243,1
DA:245,1
DA:246,1
DA:249,0
DA:253,1
DA:254,1
DA:255,1
DA:259,1
DA:260,1
DA:261,1
DA:264,1
DA:265,1
DA:266,1
DA:267,1
DA:268,1
DA:271,1
DA:275,1
DA:279,125
DA:280,0
DA:281,0
DA:283,0
DA:284,0
DA:285,0
DA:288,0
DA:289,0
DA:291,0
DA:293,0
DA:294,0
DA:296,0
DA:301,125
DA:302,0
DA:303,0
DA:305,0
DA:306,0
DA:307,0
DA:309,0
DA:310,0
DA:312,0
DA:317,125
DA:331,125
DA:335,19
DA:336,423
DA:337,423
DA:338,0
DA:340,423
DA:344,19
DA:345,0
DA:346,0
DA:348,0
DA:353,0
DA:354,0
DA:366,0
DA:369,0
LF:168
LH:90
BRDA:17,0,0,5
BRDA:17,0,1,62
BRDA:20,1,0,67
BRDA:20,1,1,62
BRDA:29,2,0,0
BRDA:29,2,1,0
BRDA:36,3,0,0
BRDA:36,3,1,0
BRDA:59,4,0,7
BRDA:59,4,1,50
BRDA:80,5,0,2
BRDA:80,5,1,49
BRDA:80,6,0,51
BRDA:80,6,1,5
BRDA:80,6,2,2
BRDA:89,7,0,2
BRDA:89,7,1,0
BRDA:103,8,0,0
BRDA:103,8,1,0
BRDA:103,9,0,0
BRDA:103,9,1,0
BRDA:105,10,0,0
BRDA:105,10,1,0
BRDA:133,11,0,2
BRDA:133,11,1,2
BRDA:141,12,0,0
BRDA:141,12,1,2
BRDA:168,13,0,1
BRDA:168,13,1,1
BRDA:190,14,0,0
BRDA:190,14,1,0
BRDA:207,15,0,0
BRDA:207,15,1,0
BRDA:207,16,0,0
BRDA:207,16,1,0
BRDA:223,17,0,0
BRDA:223,17,1,0
BRDA:234,18,0,0
BRDA:234,18,1,0
BRDA:245,19,0,1
BRDA:245,19,1,0
BRDA:253,20,0,1
BRDA:253,20,1,0
BRDA:293,21,0,0
BRDA:293,21,1,0
BRDA:309,22,0,0
BRDA:309,22,1,0
BRDA:337,23,0,0
BRDA:337,23,1,423
BRDA:353,24,0,0
BRDA:353,24,1,0
BRDA:366,25,0,0
BRDA:366,25,1,0
BRF:53
BRH:20
end_of_record
TN:
SF:src/context/MaintenanceContext.jsx
FN:8,(anonymous_0)
FN:22,(anonymous_1)
FN:66,(anonymous_2)
FN:67,(anonymous_3)
FN:68,(anonymous_4)
FN:82,(anonymous_5)
FN:92,(anonymous_6)
FN:100,(anonymous_7)
FN:108,(anonymous_8)
FN:120,(anonymous_9)
FN:123,(anonymous_10)
FN:140,(anonymous_11)
FN:148,(anonymous_12)
FN:149,(anonymous_13)
FN:153,(anonymous_14)
FN:155,(anonymous_15)
FN:183,(anonymous_16)
FN:191,(anonymous_17)
FN:194,(anonymous_18)
FN:194,(anonymous_19)
FN:198,(anonymous_20)
FN:237,(anonymous_21)
FNF:22
FNH:3
FNDA:113,(anonymous_0)
FNDA:4,(anonymous_1)
FNDA:0,(anonymous_2)
FNDA:0,(anonymous_3)
FNDA:0,(anonymous_4)
FNDA:55,(anonymous_5)
FNDA:0,(anonymous_6)
FNDA:0,(anonymous_7)
FNDA:0,(anonymous_8)
FNDA:0,(anonymous_9)
FNDA:0,(anonymous_10)
FNDA:0,(anonymous_11)
FNDA:0,(anonymous_12)
FNDA:0,(anonymous_13)
FNDA:0,(anonymous_14)
FNDA:0,(anonymous_15)
FNDA:0,(anonymous_16)
FNDA:0,(anonymous_17)
FNDA:0,(anonymous_18)
FNDA:0,(anonymous_19)
FNDA:0,(anonymous_20)
FNDA:0,(anonymous_21)
DA:6,18
DA:8,18
DA:9,113
DA:10,113
DA:11,113
DA:12,113
DA:19,113
DA:22,113
DA:23,4
DA:24,0
DA:25,0
DA:28,4
DA:29,4
DA:31,4
DA:33,4
DA:34,4
DA:35,0
DA:36,0
DA:37,0
DA:38,0
DA:42,4
DA:47,4
DA:49,4
DA:50,2
DA:51,2
DA:52,0
DA:55,4
DA:57,4
DA:58,4
DA:61,2
DA:62,2
DA:65,2
DA:66,0
DA:67,0
DA:68,0
DA:72,0
DA:74,4
DA:75,4
DA:77,4
DA:82,113
DA:83,55
DA:84,4
DA:87,51
DA:92,113
DA:93,0
DA:94,0
DA:96,0
DA:97,0
DA:100,0
DA:101,0
DA:102,0
DA:107,0
DA:108,0
DA:109,0
DA:113,0
DA:120,0
DA:123,0
DA:129,0
DA:131,0
DA:132,0
DA:133,0
DA:135,0
DA:140,113
DA:141,0
DA:142,0
DA:144,0
DA:145,0
DA:148,0
DA:149,0
DA:153,0
DA:154,0
DA:155,0
DA:156,0
DA:159,0
DA:160,0
DA:161,0
DA:164,0
DA:165,0
DA:166,0
DA:168,0
DA:172,0
DA:174,0
DA:175,0
DA:176,0
DA:178,0
DA:183,113
DA:184,0
DA:185,0
DA:187,0
DA:188,0
DA:191,0
DA:194,0
DA:197,0
DA:198,0
DA:199,0
DA:201,0
DA:202,0
DA:203,0
DA:205,0
DA:209,0
DA:211,0
DA:212,0
DA:213,0
DA:215,0
DA:219,113
DA:230,113
DA:237,18
DA:238,0
DA:239,0
DA:240,0
DA:242,0
LF:111
LH:38
BRDA:23,0,0,0
BRDA:23,0,1,4
BRDA:34,1,0,0
BRDA:34,1,1,4
BRDA:49,2,0,2
BRDA:49,2,1,2
BRDA:51,3,0,0
BRDA:51,3,1,2
BRDA:61,4,0,2
BRDA:61,4,1,2
BRDA:61,4,2,0
BRDA:75,5,0,4
BRDA:75,5,1,4
BRDA:83,6,0,4
BRDA:83,6,1,51
BRDA:101,7,0,0
BRDA:101,7,1,0
BRDA:101,8,0,0
BRDA:101,8,1,0
BRDA:107,9,0,0
BRDA:107,9,1,0
BRDA:107,10,0,0
BRDA:107,10,1,0
BRDA:132,11,0,0
BRDA:132,11,1,0
BRDA:149,12,0,0
BRDA:149,12,1,0
BRDA:154,13,0,0
BRDA:154,13,1,0
BRDA:154,14,0,0
BRDA:154,14,1,0
BRDA:159,15,0,0
BRDA:159,15,1,0
BRDA:160,16,0,0
BRDA:160,16,1,0
BRDA:161,17,0,0
BRDA:161,17,1,0
BRDA:164,18,0,0
BRDA:164,18,1,0
BRDA:165,19,0,0
BRDA:165,19,1,0
BRDA:166,20,0,0
BRDA:166,20,1,0
BRDA:175,21,0,0
BRDA:175,21,1,0
BRDA:197,22,0,0
BRDA:197,22,1,0
BRDA:201,23,0,0
BRDA:201,23,1,0
BRDA:202,24,0,0
BRDA:202,24,1,0
BRDA:203,25,0,0
BRDA:203,25,1,0
BRDA:212,26,0,0
BRDA:212,26,1,0
BRDA:239,27,0,0
BRDA:239,27,1,0
BRF:57
BRH:11
end_of_record
TN:
SF:src/context/NotificationContext.jsx
FN:9,(anonymous_0)
FN:17,(anonymous_1)
FN:26,(anonymous_2)
FN:36,(anonymous_3)
FN:47,(anonymous_4)
FN:52,(anonymous_5)
FN:53,(anonymous_6)
FN:61,(anonymous_7)
FN:68,(anonymous_8)
FN:73,(anonymous_9)
FN:74,(anonymous_10)
FN:85,(anonymous_11)
FN:86,(anonymous_12)
FN:88,(anonymous_13)
FN:93,(anonymous_14)
FN:98,(anonymous_15)
FN:99,(anonymous_16)
FN:99,(anonymous_17)
FN:103,(anonymous_18)
FN:111,(anonymous_19)
FN:118,(anonymous_20)
FN:122,(anonymous_21)
FN:147,(anonymous_22)
FNF:23
FNH:0
FNDA:0,(anonymous_0)
FNDA:0,(anonymous_1)
FNDA:0,(anonymous_2)
FNDA:0,(anonymous_3)
FNDA:0,(anonymous_4)
FNDA:0,(anonymous_5)
FNDA:0,(anonymous_6)
FNDA:0,(anonymous_7)
FNDA:0,(anonymous_8)
FNDA:0,(anonymous_9)
FNDA:0,(anonymous_10)
FNDA:0,(anonymous_11)
FNDA:0,(anonymous_12)
FNDA:0,(anonymous_13)
FNDA:0,(anonymous_14)
FNDA:0,(anonymous_15)
FNDA:0,(anonymous_16)
FNDA:0,(anonymous_17)
FNDA:0,(anonymous_18)
FNDA:0,(anonymous_19)
FNDA:0,(anonymous_20)
FNDA:0,(anonymous_21)
FNDA:0,(anonymous_22)
DA:7,5
DA:9,5
DA:10,0
DA:11,0
DA:12,0
DA:13,0
DA:14,0
DA:17,0
DA:18,0
DA:20,0
DA:21,0
DA:23,0
DA:24,0
DA:25,0
DA:26,0
DA:28,0
DA:29,0
DA:31,0
DA:36,0
DA:37,0
DA:38,0
DA:41,0
DA:42,0
DA:47,0
DA:48,0
DA:49,0
DA:52,0
DA:53,0
DA:54,0
DA:61,0
DA:63,0
DA:68,0
DA:69,0
DA:70,0
DA:73,0
DA:74,0
DA:78,0
DA:80,0
DA:85,0
DA:86,0
DA:87,0
DA:88,0
DA:93,0
DA:94,0
DA:95,0
DA:98,0
DA:99,0
DA:102,0
DA:103,0
DA:106,0
DA:111,0
DA:112,0
DA:115,0
DA:117,0
DA:118,0
DA:119,0
DA:122,0
DA:123,0
DA:124,0
DA:129,0
DA:140,0
DA:147,5
DA:148,0
DA:149,0
DA:150,0
DA:152,0
LF:66
LH:3
BRDA:18,0,0,0
BRDA:18,0,1,0
BRDA:37,1,0,0
BRDA:37,1,1,0
BRDA:54,2,0,0
BRDA:54,2,1,0
BRDA:87,3,0,0
BRDA:87,3,1,0
BRDA:102,4,0,0
BRDA:102,4,1,0
BRDA:102,5,0,0
BRDA:102,5,1,0
BRDA:112,6,0,0
BRDA:112,6,1,0
BRDA:115,7,0,0
BRDA:115,7,1,0
BRDA:117,8,0,0
BRDA:117,8,1,0
BRDA:149,9,0,0
BRDA:149,9,1,0
BRF:20
BRH:0
end_of_record
TN:
SF:src/context/PaymentContext.jsx
FN:8,(anonymous_0)
FN:15,(anonymous_1)
FN:42,(anonymous_2)
FN:59,(anonymous_3)
FN:67,(anonymous_4)
FN:80,(anonymous_5)
FN:88,(anonymous_6)
FN:90,(anonymous_7)
FN:112,(anonymous_8)
FN:120,(anonymous_9)
FN:121,(anonymous_10)
FN:135,(anonymous_11)
FN:143,(anonymous_12)
FN:143,(anonymous_13)
FN:176,(anonymous_14)
FNF:15
FNH:3
FNDA:101,(anonymous_0)
FNDA:5,(anonymous_1)
FNDA:0,(anonymous_2)
FNDA:0,(anonymous_3)
FNDA:0,(anonymous_4)
FNDA:0,(anonymous_5)
FNDA:0,(anonymous_6)
FNDA:0,(anonymous_7)
FNDA:0,(anonymous_8)
FNDA:0,(anonymous_9)
FNDA:0,(anonymous_10)
FNDA:0,(anonymous_11)
FNDA:0,(anonymous_12)
FNDA:0,(anonymous_13)
FNDA:10,(anonymous_14)
DA:6,18
DA:8,18
DA:9,101
DA:10,101
DA:11,101
DA:12,101
DA:15,101
DA:16,5
DA:18,0
DA:19,0
DA:21,0
DA:22,0
DA:25,0
DA:26,0
DA:29,0
DA:30,0
DA:31,0
DA:33,0
DA:34,0
DA:35,0
DA:37,0
DA:42,101
DA:43,0
DA:44,0
DA:46,0
DA:47,0
DA:48,0
DA:50,0
DA:51,0
DA:52,0
DA:54,0
DA:59,101
DA:60,0
DA:61,0
DA:63,0
DA:64,0
DA:67,0
DA:69,0
DA:71,0
DA:72,0
DA:73,0
DA:75,0
DA:80,101
DA:81,0
DA:82,0
DA:84,0
DA:85,0
DA:88,0
DA:89,0
DA:90,0
DA:92,0
DA:93,0
DA:95,0
DA:98,0
DA:101,0
DA:103,0
DA:104,0
DA:105,0
DA:107,0
DA:112,101
DA:113,0
DA:114,0
DA:116,0
DA:117,0
DA:120,0
DA:121,0
DA:124,0
DA:126,0
DA:127,0
DA:128,0
DA:130,0
DA:135,101
DA:136,0
DA:137,0
DA:139,0
DA:140,0
DA:143,0
DA:145,0
DA:147,0
DA:148,0
DA:149,0
DA:151,0
DA:156,101
DA:168,101
DA:176,18
DA:177,10
DA:178,10
DA:179,0
DA:181,10
LF:89
LH:19
BRDA:16,0,0,5
BRDA:16,0,1,0
BRDA:25,1,0,0
BRDA:25,1,1,0
BRDA:72,2,0,0
BRDA:72,2,1,0
BRDA:92,3,0,0
BRDA:92,3,1,0
BRDA:104,4,0,0
BRDA:104,4,1,0
BRDA:121,5,0,0
BRDA:121,5,1,0
BRDA:127,6,0,0
BRDA:127,6,1,0
BRDA:148,7,0,0
BRDA:148,7,1,0
BRDA:178,8,0,0
BRDA:178,8,1,10
BRF:18
BRH:2
end_of_record
TN:
SF:src/context/PropertyContext.jsx
FN:8,(anonymous_0)
FN:24,(anonymous_1)
FN:41,(anonymous_2)
FN:44,(anonymous_3)
FN:68,(anonymous_4)
FN:79,(anonymous_5)
FN:97,(anonymous_6)
FN:105,(anonymous_7)
FN:113,(anonymous_8)
FN:125,(anonymous_9)
FN:128,(anonymous_10)
FN:144,(anonymous_11)
FN:152,(anonymous_12)
FN:160,(anonymous_13)
FN:172,(anonymous_14)
FN:172,(anonymous_15)
FN:190,(anonymous_16)
FN:198,(anonymous_17)
FN:198,(anonymous_18)
FN:205,(anonymous_19)
FN:240,(anonymous_20)
FNF:21
FNH:3
FNDA:110,(anonymous_0)
FNDA:4,(anonymous_1)
FNDA:0,(anonymous_2)
FNDA:0,(anonymous_3)
FNDA:52,(anonymous_4)
FNDA:0,(anonymous_5)
FNDA:0,(anonymous_6)
FNDA:0,(anonymous_7)
FNDA:0,(anonymous_8)
FNDA:0,(anonymous_9)
FNDA:0,(anonymous_10)
FNDA:0,(anonymous_11)
FNDA:0,(anonymous_12)
FNDA:0,(anonymous_13)
FNDA:0,(anonymous_14)
FNDA:0,(anonymous_15)
FNDA:0,(anonymous_16)
FNDA:0,(anonymous_17)
FNDA:0,(anonymous_18)
FNDA:0,(anonymous_19)
FNDA:0,(anonymous_20)
DA:6,16
DA:8,16
DA:9,110
DA:10,110
DA:11,110
DA:12,110
DA:13,110
DA:21,110
DA:24,110
DA:25,4
DA:27,4
DA:28,4
DA:30,4
DA:32,4
DA:34,4
DA:35,4
DA:38,2
DA:39,2
DA:41,2
DA:42,0
DA:43,0
DA:44,0
DA:48,0
DA:49,0
DA:51,0
DA:60,4
DA:61,4
DA:63,4
DA:68,110
DA:69,52
DA:70,4
DA:73,48
DA:74,48
DA:79,110
DA:80,0
DA:81,0
DA:83,0
DA:84,0
DA:85,0
DA:86,0
DA:88,0
DA:89,0
DA:90,0
DA:92,0
DA:97,110
DA:98,0
DA:99,0
DA:101,0
DA:102,0
DA:105,0
DA:106,0
DA:107,0
DA:112,0
DA:113,0
DA:114,0
DA:118,0
DA:125,0
DA:128,0
DA:133,0
DA:135,0
DA:136,0
DA:137,0
DA:139,0
DA:144,110
DA:145,0
DA:146,0
DA:148,0
DA:149,0
DA:152,0
DA:153,0
DA:154,0
DA:159,0
DA:160,0
DA:161,0
DA:165,0
DA:172,0
DA:175,0
DA:176,0
DA:179,0
DA:181,0
DA:182,0
DA:183,0
DA:185,0
DA:190,110
DA:191,0
DA:192,0
DA:194,0
DA:195,0
DA:198,0
DA:200,0
DA:201,0
DA:205,0
DA:210,0
DA:212,0
DA:213,0
DA:214,0
DA:216,0
DA:220,110
DA:233,110
DA:240,16
DA:241,0
DA:242,0
DA:243,0
DA:245,0
LF:104
LH:34
BRDA:25,0,0,0
BRDA:25,0,1,4
BRDA:42,1,0,0
BRDA:42,1,1,0
BRDA:49,2,0,0
BRDA:49,2,1,0
BRDA:69,3,0,4
BRDA:69,3,1,48
BRDA:106,4,0,0
BRDA:106,4,1,0
BRDA:106,5,0,0
BRDA:106,5,1,0
BRDA:112,6,0,0
BRDA:112,6,1,0
BRDA:112,7,0,0
BRDA:112,7,1,0
BRDA:136,8,0,0
BRDA:136,8,1,0
BRDA:153,9,0,0
BRDA:153,9,1,0
BRDA:153,10,0,0
BRDA:153,10,1,0
BRDA:159,11,0,0
BRDA:159,11,1,0
BRDA:159,12,0,0
BRDA:159,12,1,0
BRDA:172,13,0,0
BRDA:172,13,1,0
BRDA:175,14,0,0
BRDA:175,14,1,0
BRDA:175,15,0,0
BRDA:175,15,1,0
BRDA:182,16,0,0
BRDA:182,16,1,0
BRDA:200,17,0,0
BRDA:200,17,1,0
BRDA:200,18,0,0
BRDA:200,18,1,0
BRDA:213,19,0,0
BRDA:213,19,1,0
BRDA:242,20,0,0
BRDA:242,20,1,0
BRF:42
BRH:3
end_of_record
TN:
SF:src/context/TenantContext.jsx
FN:8,(anonymous_0)
FN:15,(anonymous_1)
FN:35,(anonymous_2)
FN:52,(anonymous_3)
FN:60,(anonymous_4)
FN:73,(anonymous_5)
FN:81,(anonymous_6)
FN:82,(anonymous_7)
FN:96,(anonymous_8)
FN:104,(anonymous_9)
FN:104,(anonymous_10)
FN:136,(anonymous_11)
FNF:12
FNH:3
FNDA:101,(anonymous_0)
FNDA:1,(anonymous_1)
FNDA:0,(anonymous_2)
FNDA:0,(anonymous_3)
FNDA:0,(anonymous_4)
FNDA:0,(anonymous_5)
FNDA:0,(anonymous_6)
FNDA:0,(anonymous_7)
FNDA:0,(anonymous_8)
FNDA:0,(anonymous_9)
FNDA:0,(anonymous_10)
FNDA:4,(anonymous_11)
DA:6,17
DA:8,17
DA:9,101
DA:10,101
DA:11,101
DA:12,101
DA:15,101
DA:16,1
DA:18,0
DA:19,0
DA:21,0
DA:22,0
DA:23,0
DA:24,0
DA:26,0
DA:27,0
DA:28,0
DA:30,0
DA:35,101
DA:36,0
DA:37,0
DA:39,0
DA:40,0
DA:41,0
DA:43,0
DA:44,0
DA:45,0
DA:47,0
DA:52,101
DA:53,0
DA:54,0
DA:56,0
DA:57,0
DA:60,0
DA:62,0
DA:64,0
DA:65,0
DA:66,0
DA:68,0
DA:73,101
DA:74,0
DA:75,0
DA:77,0
DA:78,0
DA:81,0
DA:82,0
DA:85,0
DA:87,0
DA:88,0
DA:89,0
DA:91,0
DA:96,101
DA:97,0
DA:98,0
DA:100,0
DA:101,0
DA:104,0
DA:106,0
DA:108,0
DA:109,0
DA:110,0
DA:112,0
DA:117,101
DA:128,101
DA:136,17
DA:137,4
DA:138,4
DA:139,0
DA:141,4
LF:69
LH:18
BRDA:16,0,0,1
BRDA:16,0,1,0
BRDA:65,1,0,0
BRDA:65,1,1,0
BRDA:82,2,0,0
BRDA:82,2,1,0
BRDA:88,3,0,0
BRDA:88,3,1,0
BRDA:109,4,0,0
BRDA:109,4,1,0
BRDA:138,5,0,0
BRDA:138,5,1,4
BRF:12
BRH:2
end_of_record
TN:
SF:src/context/ThemeContext.jsx
FN:179,(anonymous_0)
FN:180,(anonymous_1)
FN:191,(anonymous_2)
FN:196,(anonymous_3)
FN:198,(anonymous_4)
FN:208,(anonymous_5)
FN:213,(anonymous_6)
FN:217,(anonymous_7)
FN:218,(anonymous_8)
FN:234,(anonymous_9)
FNF:10
FNH:0
FNDA:0,(anonymous_0)
FNDA:0,(anonymous_1)
FNDA:0,(anonymous_2)
FNDA:0,(anonymous_3)
FNDA:0,(anonymous_4)
FNDA:0,(anonymous_5)
FNDA:0,(anonymous_6)
FNDA:0,(anonymous_7)
FNDA:0,(anonymous_8)
FNDA:0,(anonymous_9)
DA:6,5
DA:9,5
DA:94,5
DA:179,5
DA:180,0
DA:182,0
DA:183,0
DA:184,0
DA:187,0
DA:191,0
DA:192,0
DA:196,0
DA:197,0
DA:198,0
DA:200,0
DA:201,0
DA:206,0
DA:207,0
DA:208,0
DA:211,0
DA:212,0
DA:213,0
DA:217,0
DA:218,0
DA:222,0
DA:224,0
DA:234,5
DA:235,0
DA:236,0
DA:237,0
DA:239,0
LF:31
LH:5
BRDA:183,0,0,0
BRDA:183,0,1,0
BRDA:200,1,0,0
BRDA:200,1,1,0
BRDA:206,2,0,0
BRDA:206,2,1,0
BRDA:211,3,0,0
BRDA:211,3,1,0
BRDA:222,4,0,0
BRDA:222,4,1,0
BRDA:236,5,0,0
BRDA:236,5,1,0
BRF:12
BRH:0
end_of_record
TN:
SF:src/layouts/MainLayout.jsx
FN:42,MainLayout
FN:57,(anonymous_1)
FN:84,(anonymous_2)
FN:88,(anonymous_3)
FN:95,(anonymous_4)
FN:99,(anonymous_5)
FN:103,(anonymous_6)
FN:107,(anonymous_7)
FN:111,(anonymous_8)
FN:129,(anonymous_9)
FN:132,(anonymous_10)
FN:274,(anonymous_11)
FN:280,(anonymous_12)
FN:306,(anonymous_13)
FNF:14
FNH:0
FNDA:0,MainLayout
FNDA:0,(anonymous_1)
FNDA:0,(anonymous_2)
FNDA:0,(anonymous_3)
FNDA:0,(anonymous_4)
FNDA:0,(anonymous_5)
FNDA:0,(anonymous_6)
FNDA:0,(anonymous_7)
FNDA:0,(anonymous_8)
FNDA:0,(anonymous_9)
FNDA:0,(anonymous_10)
FNDA:0,(anonymous_11)
FNDA:0,(anonymous_12)
FNDA:0,(anonymous_13)
DA:40,0
DA:43,0
DA:44,0
DA:45,0
DA:46,0
DA:47,0
DA:49,0
DA:50,0
DA:51,0
DA:54,0
DA:57,0
DA:58,0
DA:64,0
DA:65,0
DA:69,0
DA:70,0
DA:75,0
DA:81,0
DA:84,0
DA:85,0
DA:88,0
DA:89,0
DA:90,0
DA:91,0
DA:95,0
DA:96,0
DA:99,0
DA:100,0
DA:103,0
DA:104,0
DA:107,0
DA:108,0
DA:111,0
DA:112,0
DA:113,0
DA:114,0
DA:118,0
DA:130,0
DA:132,0
DA:164,0
DA:275,0
DA:276,0
DA:281,0
DA:282,0
DA:307,0
DA:308,0
LF:46
LH:0
BRDA:64,0,0,0
BRDA:64,0,1,0
BRDA:64,1,0,0
BRDA:64,1,1,0
BRDA:69,2,0,0
BRDA:69,2,1,0
BRDA:90,3,0,0
BRDA:90,3,1,0
BRDA:145,4,0,0
BRDA:145,4,1,0
BRDA:154,5,0,0
BRDA:154,5,1,0
BRDA:211,6,0,0
BRDA:211,6,1,0
BRDA:212,7,0,0
BRDA:212,7,1,0
BRDA:215,8,0,0
BRDA:215,8,1,0
BRDA:218,9,0,0
BRDA:218,9,1,0
BRDA:233,10,0,0
BRDA:233,10,1,0
BRDA:234,11,0,0
BRDA:234,11,1,0
BRF:24
BRH:0
end_of_record
TN:
SF:src/pages/ActivityFeed.jsx
FN:26,(anonymous_0)
FN:32,(anonymous_1)
FN:35,(anonymous_2)
FN:39,(anonymous_3)
FN:47,(anonymous_4)
FN:90,(anonymous_5)
FNF:6
FNH:0
FNDA:0,(anonymous_0)
FNDA:0,(anonymous_1)
FNDA:0,(anonymous_2)
FNDA:0,(anonymous_3)
FNDA:0,(anonymous_4)
FNDA:0,(anonymous_5)
DA:26,0
DA:27,0
DA:28,0
DA:29,0
DA:30,0
DA:32,0
DA:34,0
DA:36,0
DA:37,0
DA:40,0
DA:41,0
DA:42,0
DA:47,0
DA:48,0
DA:50,0
DA:52,0
DA:54,0
DA:56,0
DA:58,0
DA:62,0
DA:63,0
DA:70,0
DA:91,0
LF:23
LH:0
BRDA:36,0,0,0
BRDA:36,0,1,0
BRDA:48,1,0,0
BRDA:48,1,1,0
BRDA:48,1,2,0
BRDA:48,1,3,0
BRDA:48,1,4,0
BRDA:62,2,0,0
BRDA:62,2,1,0
BRDA:84,3,0,0
BRDA:84,3,1,0
BRDA:95,4,0,0
BRDA:95,4,1,0
BRDA:119,5,0,0
BRDA:119,5,1,0
BRF:15
BRH:0
end_of_record
TN:
SF:src/pages/AdminDashboard.jsx
FN:23,(anonymous_0)
FN:31,(anonymous_1)
FN:51,(anonymous_2)
FN:55,(anonymous_3)
FN:65,(anonymous_4)
FN:121,(anonymous_5)
FN:130,(anonymous_6)
FN:165,(anonymous_7)
FN:197,(anonymous_8)
FN:206,(anonymous_9)
FNF:10
FNH:6
FNDA:2,(anonymous_0)
FNDA:1,(anonymous_1)
FNDA:1,(anonymous_2)
FNDA:0,(anonymous_3)
FNDA:0,(anonymous_4)
FNDA:1,(anonymous_5)
FNDA:0,(anonymous_6)
FNDA:1,(anonymous_7)
FNDA:1,(anonymous_8)
FNDA:0,(anonymous_9)
DA:23,1
DA:24,2
DA:25,2
DA:26,2
DA:27,2
DA:28,2
DA:29,2
DA:31,2
DA:32,1
DA:33,1
DA:34,1
DA:35,1
DA:40,1
DA:41,1
DA:42,1
DA:44,0
DA:45,0
DA:47,1
DA:51,2
DA:52,1
DA:55,2
DA:56,0
DA:57,0
DA:58,0
DA:60,0
DA:61,0
DA:65,2
DA:66,0
DA:67,0
DA:68,0
DA:70,0
DA:71,0
DA:75,2
DA:76,1
DA:83,1
DA:122,1
DA:130,0
DA:166,1
DA:198,1
DA:206,0
LF:40
LH:26
BRDA:75,0,0,1
BRDA:75,0,1,1
BRDA:98,1,0,1
BRDA:98,1,1,0
BRDA:116,2,0,0
BRDA:116,2,1,1
BRDA:141,3,0,1
BRDA:141,3,1,0
BRDA:160,4,0,0
BRDA:160,4,1,1
BRDA:173,5,0,1
BRDA:173,5,1,0
BRDA:192,6,0,0
BRDA:192,6,1,1
BRDA:217,7,0,1
BRDA:217,7,1,0
BRF:16
BRH:9
end_of_record
TN:
SF:src/pages/Calendar.jsx
FN:28,(anonymous_0)
FN:29,(anonymous_1)
FN:93,(anonymous_2)
FN:105,(anonymous_3)
FN:109,(anonymous_4)
FN:113,(anonymous_5)
FN:118,(anonymous_6)
FN:119,(anonymous_7)
FN:127,(anonymous_8)
FN:138,(anonymous_9)
FN:142,(anonymous_10)
FN:161,(anonymous_11)
FN:183,(anonymous_12)
FN:214,(anonymous_13)
FN:251,(anonymous_14)
FNF:15
FNH:0
FNDA:0,(anonymous_0)
FNDA:0,(anonymous_1)
FNDA:0,(anonymous_2)
FNDA:0,(anonymous_3)
FNDA:0,(anonymous_4)
FNDA:0,(anonymous_5)
FNDA:0,(anonymous_6)
FNDA:0,(anonymous_7)
FNDA:0,(anonymous_8)
FNDA:0,(anonymous_9)
FNDA:0,(anonymous_10)
FNDA:0,(anonymous_11)
FNDA:0,(anonymous_12)
FNDA:0,(anonymous_13)
FNDA:0,(anonymous_14)
DA:28,0
DA:29,0
DA:30,0
DA:31,0
DA:34,0
DA:93,0
DA:94,0
DA:95,0
DA:96,0
DA:97,0
DA:98,0
DA:100,0
DA:101,0
DA:102,0
DA:103,0
DA:105,0
DA:106,0
DA:109,0
DA:110,0
DA:113,0
DA:114,0
DA:118,0
DA:119,0
DA:120,0
DA:121,0
DA:127,0
DA:128,0
DA:129,0
DA:131,0
DA:132,0
DA:134,0
DA:138,0
DA:139,0
DA:142,0
DA:143,0
DA:146,0
DA:147,0
DA:151,0
DA:152,0
DA:154,0
DA:158,0
DA:161,0
DA:184,0
DA:211,0
DA:214,0
DA:215,0
DA:216,0
DA:217,0
DA:218,0
DA:219,0
DA:220,0
DA:224,0
DA:252,0
LF:53
LH:0
BRDA:121,0,0,0
BRDA:121,0,1,0
BRDA:121,0,2,0
BRDA:129,1,0,0
BRDA:129,1,1,0
BRDA:132,2,0,0
BRDA:132,2,1,0
BRDA:154,3,0,0
BRDA:154,3,1,0
BRDA:154,3,2,0
BRDA:161,4,0,0
BRDA:161,4,1,0
BRDA:167,5,0,0
BRDA:167,5,1,0
BRDA:168,6,0,0
BRDA:168,6,1,0
BRDA:169,7,0,0
BRDA:169,7,1,0
BRDA:175,8,0,0
BRDA:175,8,1,0
BRDA:176,9,0,0
BRDA:176,9,1,0
BRDA:193,10,0,0
BRDA:193,10,1,0
BRDA:194,11,0,0
BRDA:194,11,1,0
BRDA:195,12,0,0
BRDA:195,12,1,0
BRDA:198,13,0,0
BRDA:198,13,1,0
BRDA:199,14,0,0
BRDA:199,14,1,0
BRDA:200,15,0,0
BRDA:200,15,1,0
BRDA:201,16,0,0
BRDA:201,16,1,0
BRDA:215,17,0,0
BRDA:215,17,1,0
BRDA:215,17,2,0
BRDA:215,17,3,0
BRDA:215,17,4,0
BRDA:228,18,0,0
BRDA:228,18,1,0
BRDA:265,19,0,0
BRDA:265,19,1,0
BRDA:285,20,0,0
BRDA:285,20,1,0
BRDA:291,21,0,0
BRDA:291,21,1,0
BRDA:297,22,0,0
BRDA:297,22,1,0
BRDA:309,23,0,0
BRDA:309,23,1,0
BRDA:310,24,0,0
BRDA:310,24,1,0
BRDA:321,25,0,0
BRDA:321,25,1,0
BRDA:324,26,0,0
BRDA:324,26,1,0
BRF:59
BRH:0
end_of_record
TN:
SF:src/pages/Dashboard.jsx
FN:98,(anonymous_0)
FN:120,(anonymous_1)
FN:122,(anonymous_2)
FN:135,Dashboard
FN:155,(anonymous_4)
FN:159,(anonymous_5)
FN:164,(anonymous_6)
FN:177,(anonymous_7)
FN:190,(anonymous_8)
FN:211,(anonymous_9)
FN:231,(anonymous_10)
FN:251,(anonymous_11)
FN:290,(anonymous_12)
FN:307,(anonymous_13)
FN:369,(anonymous_14)
FN:376,(anonymous_15)
FNF:16
FNH:8
FNDA:3,(anonymous_0)
FNDA:1,(anonymous_1)
FNDA:1,(anonymous_2)
FNDA:3,Dashboard
FNDA:0,(anonymous_4)
FNDA:0,(anonymous_5)
FNDA:4,(anonymous_6)
FNDA:4,(anonymous_7)
FNDA:1,(anonymous_8)
FNDA:0,(anonymous_9)
FNDA:0,(anonymous_10)
FNDA:0,(anonymous_11)
FNDA:0,(anonymous_12)
FNDA:0,(anonymous_13)
FNDA:0,(anonymous_14)
FNDA:4,(anonymous_15)
DA:42,1
DA:52,1
DA:63,1
DA:98,1
DA:100,3
DA:101,3
DA:102,3
DA:120,3
DA:122,1
DA:123,1
DA:128,3
DA:136,3
DA:137,3
DA:138,3
DA:139,3
DA:140,3
DA:150,3
DA:152,3
DA:155,3
DA:156,0
DA:159,3
DA:160,0
DA:164,3
DA:165,4
DA:166,4
DA:167,4
DA:169,4
DA:170,0
DA:172,4
DA:177,3
DA:178,4
DA:180,2
DA:182,1
DA:184,1
DA:186,0
DA:190,3
DA:191,1
DA:211,0
DA:231,0
DA:251,0
DA:273,3
DA:274,2
DA:281,1
DA:282,0
DA:290,0
DA:298,1
DA:307,0
DA:369,0
DA:377,4
LF:49
LH:38
BRDA:169,0,0,0
BRDA:169,0,1,4
BRDA:178,1,0,2
BRDA:178,1,1,1
BRDA:178,1,2,1
BRDA:178,1,3,0
BRDA:203,2,0,0
BRDA:203,2,1,1
BRDA:273,3,0,2
BRDA:273,3,1,1
BRDA:281,4,0,0
BRDA:281,4,1,1
BRDA:301,5,0,1
BRDA:301,5,1,1
BRDA:334,6,0,1
BRDA:334,6,1,1
BRDA:378,7,0,4
BRDA:378,7,1,3
BRF:18
BRH:14
end_of_record
TN:
SF:src/pages/ForgotPassword.jsx
FN:14,(anonymous_0)
FN:20,(anonymous_1)
FN:80,(anonymous_2)
FNF:3
FNH:0
FNDA:0,(anonymous_0)
FNDA:0,(anonymous_1)
FNDA:0,(anonymous_2)
DA:14,0
DA:15,0
DA:16,0
DA:17,0
DA:18,0
DA:20,0
DA:21,0
DA:22,0
DA:23,0
DA:24,0
DA:26,0
DA:27,0
DA:28,0
DA:30,0
DA:32,0
DA:36,0
DA:80,0
LF:17
LH:0
BRDA:30,0,0,0
BRDA:30,0,1,0
BRDA:57,1,0,0
BRDA:57,1,1,0
BRDA:63,2,0,0
BRDA:63,2,1,0
BRDA:96,3,0,0
BRDA:96,3,1,0
BRF:8
BRH:0
end_of_record
TN:
SF:src/pages/InviteTenant.jsx
FN:15,InviteTenant
FN:21,(anonymous_1)
FN:83,(anonymous_2)
FNF:3
FNH:0
FNDA:0,InviteTenant
FNDA:0,(anonymous_1)
FNDA:0,(anonymous_2)
DA:16,0
DA:17,0
DA:18,0
DA:19,0
DA:21,0
DA:23,0
DA:24,0
DA:25,0
DA:28,0
DA:29,0
DA:30,0
DA:32,0
DA:33,0
DA:37,0
DA:38,0
DA:40,0
DA:42,0
DA:46,0
DA:83,0
LF:19
LH:0
BRDA:23,0,0,0
BRDA:23,0,1,0
BRDA:23,1,0,0
BRDA:23,1,1,0
BRDA:37,2,0,0
BRDA:37,2,1,0
BRDA:40,3,0,0
BRDA:40,3,1,0
BRDA:67,4,0,0
BRDA:67,4,1,0
BRDA:73,5,0,0
BRDA:73,5,1,0
BRDA:97,6,0,0
BRDA:97,6,1,0
BRDA:104,7,0,0
BRDA:104,7,1,0
BRF:16
BRH:0
end_of_record
TN:
SF:src/pages/JoinProperty.jsx
FN:15,(anonymous_0)
FN:22,(anonymous_1)
FN:82,(anonymous_2)
FNF:3
FNH:0
FNDA:0,(anonymous_0)
FNDA:0,(anonymous_1)
FNDA:0,(anonymous_2)
DA:15,0
DA:16,0
DA:17,0
DA:18,0
DA:19,0
DA:20,0
DA:22,0
DA:23,0
DA:24,0
DA:25,0
DA:28,0
DA:29,0
DA:30,0
DA:32,0
DA:33,0
DA:36,0
DA:37,0
DA:39,0
DA:41,0
DA:45,0
DA:82,0
LF:21
LH:0
BRDA:23,0,0,0
BRDA:23,0,1,0
BRDA:39,1,0,0
BRDA:39,1,1,0
BRDA:66,2,0,0
BRDA:66,2,1,0
BRDA:72,3,0,0
BRDA:72,3,1,0
BRDA:102,4,0,0
BRDA:102,4,1,0
BRF:10
BRH:0
end_of_record
TN:
SF:src/pages/LandlordOnboarding.jsx
FN:14,(anonymous_0)
FN:21,(anonymous_1)
FN:23,(anonymous_2)
FN:40,(anonymous_3)
FNF:4
FNH:0
FNDA:0,(anonymous_0)
FNDA:0,(anonymous_1)
FNDA:0,(anonymous_2)
FNDA:0,(anonymous_3)
DA:14,0
DA:15,0
DA:16,0
DA:17,0
DA:18,0
DA:19,0
DA:21,0
DA:23,0
DA:24,0
DA:25,0
DA:26,0
DA:27,0
DA:28,0
DA:29,0
DA:34,0
DA:35,0
DA:36,0
DA:38,0
DA:40,0
DA:41,0
DA:44,0
DA:45,0
DA:47,0
DA:51,0
LF:24
LH:0
BRDA:34,0,0,0
BRDA:34,0,1,0
BRDA:36,1,0,0
BRDA:36,1,1,0
BRDA:44,2,0,0
BRDA:44,2,1,0
BRDA:72,3,0,0
BRDA:72,3,1,0
BRDA:78,4,0,0
BRDA:78,4,1,0
BRDA:119,5,0,0
BRDA:119,5,1,0
BRF:12
BRH:0
end_of_record
TN:
SF:src/pages/Login.jsx
FN:24,Login
FN:33,(anonymous_1)
FN:39,(anonymous_2)
FN:67,(anonymous_3)
FN:181,(anonymous_4)
FN:194,(anonymous_5)
FNF:6
FNH:0
FNDA:0,Login
FNDA:0,(anonymous_1)
FNDA:0,(anonymous_2)
FNDA:0,(anonymous_3)
FNDA:0,(anonymous_4)
FNDA:0,(anonymous_5)
DA:25,0
DA:26,0
DA:27,0
DA:28,0
DA:29,0
DA:30,0
DA:31,0
DA:33,0
DA:34,0
DA:35,0
DA:39,0
DA:40,0
DA:41,0
DA:42,0
DA:44,0
DA:46,0
DA:48,0
DA:50,0
DA:51,0
DA:54,0
DA:55,0
DA:56,0
DA:57,0
DA:58,0
DA:59,0
DA:61,0
DA:67,0
DA:68,0
DA:69,0
DA:73,0
DA:76,0
DA:80,0
DA:181,0
DA:194,0
LF:34
LH:0
BRDA:34,0,0,0
BRDA:34,0,1,0
BRDA:48,1,0,0
BRDA:48,1,1,0
BRDA:50,2,0,0
BRDA:50,2,1,0
BRDA:54,3,0,0
BRDA:54,3,1,0
BRDA:56,4,0,0
BRDA:56,4,1,0
BRDA:58,5,0,0
BRDA:58,5,1,0
BRDA:136,6,0,0
BRDA:136,6,1,0
BRDA:211,7,0,0
BRDA:211,7,1,0
BRF:16
BRH:0
end_of_record
TN:
SF:src/pages/Maintenance.jsx
FN:41,Maintenance
FN:65,(anonymous_1)
FN:86,(anonymous_2)
FN:101,(anonymous_3)
FN:106,(anonymous_4)
FN:110,(anonymous_5)
FN:115,(anonymous_6)
FN:120,(anonymous_7)
FN:127,(anonymous_8)
FN:132,(anonymous_9)
FN:136,(anonymous_10)
FN:150,(anonymous_11)
FN:152,(anonymous_12)
FN:156,(anonymous_13)
FN:161,(anonymous_14)
FN:191,(anonymous_15)
FN:193,(anonymous_16)
FN:240,(anonymous_17)
FN:294,(anonymous_18)
FN:302,(anonymous_19)
FN:310,(anonymous_20)
FN:318,(anonymous_21)
FN:351,(anonymous_22)
FN:360,(anonymous_23)
FN:361,(anonymous_24)
FN:383,(anonymous_25)
FN:458,(anonymous_26)
FNF:27
FNH:0
FNDA:0,Maintenance
FNDA:0,(anonymous_1)
FNDA:0,(anonymous_2)
FNDA:0,(anonymous_3)
FNDA:0,(anonymous_4)
FNDA:0,(anonymous_5)
FNDA:0,(anonymous_6)
FNDA:0,(anonymous_7)
FNDA:0,(anonymous_8)
FNDA:0,(anonymous_9)
FNDA:0,(anonymous_10)
FNDA:0,(anonymous_11)
FNDA:0,(anonymous_12)
FNDA:0,(anonymous_13)
FNDA:0,(anonymous_14)
FNDA:0,(anonymous_15)
FNDA:0,(anonymous_16)
FNDA:0,(anonymous_17)
FNDA:0,(anonymous_18)
FNDA:0,(anonymous_19)
FNDA:0,(anonymous_20)
FNDA:0,(anonymous_21)
FNDA:0,(anonymous_22)
FNDA:0,(anonymous_23)
FNDA:0,(anonymous_24)
FNDA:0,(anonymous_25)
FNDA:0,(anonymous_26)
DA:42,0
DA:44,0
DA:45,0
DA:46,0
DA:48,0
DA:49,0
DA:50,0
DA:51,0
DA:52,0
DA:53,0
DA:54,0
DA:62,0
DA:65,0
DA:66,0
DA:69,0
DA:71,0
DA:78,0
DA:79,0
DA:80,0
DA:81,0
DA:86,0
DA:89,0
DA:93,0
DA:97,0
DA:101,0
DA:102,0
DA:106,0
DA:107,0
DA:110,0
DA:111,0
DA:115,0
DA:116,0
DA:120,0
DA:121,0
DA:122,0
DA:123,0
DA:124,0
DA:127,0
DA:128,0
DA:132,0
DA:133,0
DA:136,0
DA:137,0
DA:138,0
DA:146,0
DA:150,0
DA:151,0
DA:152,0
DA:155,0
DA:156,0
DA:161,0
DA:163,0
DA:164,0
DA:165,0
DA:166,0
DA:167,0
DA:169,0
DA:170,0
DA:171,0
DA:174,0
DA:176,0
DA:179,0
DA:184,0
DA:186,0
DA:191,0
DA:192,0
DA:193,0
DA:196,0
DA:240,0
DA:295,0
DA:296,0
DA:303,0
DA:304,0
DA:311,0
DA:312,0
DA:319,0
DA:320,0
DA:352,0
DA:360,0
DA:361,0
DA:384,0
DA:385,0
DA:459,0
LF:83
LH:0
BRDA:80,0,0,0
BRDA:80,0,1,0
BRDA:89,1,0,0
BRDA:89,1,1,0
BRDA:93,2,0,0
BRDA:93,2,1,0
BRDA:93,2,2,0
BRDA:97,3,0,0
BRDA:97,3,1,0
BRDA:155,4,0,0
BRDA:155,4,1,0
BRDA:164,5,0,0
BRDA:164,5,1,0
BRDA:165,6,0,0
BRDA:165,6,1,0
BRDA:166,7,0,0
BRDA:166,7,1,0
BRDA:167,8,0,0
BRDA:167,8,1,0
BRDA:169,9,0,0
BRDA:169,9,1,0
BRDA:186,10,0,0
BRDA:186,10,1,0
BRDA:192,11,0,0
BRDA:192,11,1,0
BRDA:329,12,0,0
BRDA:329,12,1,0
BRDA:333,13,0,0
BRDA:333,13,1,0
BRDA:337,14,0,0
BRDA:337,14,1,0
BRDA:339,15,0,0
BRDA:339,15,1,0
BRDA:341,16,0,0
BRDA:341,16,1,0
BRDA:410,17,0,0
BRDA:410,17,1,0
BRDA:464,18,0,0
BRDA:464,18,1,0
BRDA:593,19,0,0
BRDA:593,19,1,0
BRF:41
BRH:0
end_of_record
TN:
SF:src/pages/MaintenanceDetail.jsx
FN:46,MaintenanceDetail
FN:79,(anonymous_1)
FN:106,(anonymous_2)
FN:110,(anonymous_3)
FN:118,(anonymous_4)
FN:129,(anonymous_5)
FN:130,(anonymous_6)
FN:134,(anonymous_7)
FN:139,(anonymous_8)
FN:169,(anonymous_9)
FN:179,(anonymous_10)
FN:184,(anonymous_11)
FN:188,(anonymous_12)
FN:190,(anonymous_13)
FN:194,(anonymous_14)
FN:198,(anonymous_15)
FN:222,(anonymous_16)
FN:226,(anonymous_17)
FN:230,(anonymous_18)
FN:244,(anonymous_19)
FN:245,(anonymous_20)
FN:249,(anonymous_21)
FN:250,(anonymous_22)
FN:268,(anonymous_23)
FN:356,(anonymous_24)
FN:381,(anonymous_25)
FN:411,(anonymous_26)
FN:499,(anonymous_27)
FN:500,(anonymous_28)
FN:512,(anonymous_29)
FN:513,(anonymous_30)
FN:564,(anonymous_31)
FN:583,(anonymous_32)
FNF:33
FNH:0
FNDA:0,MaintenanceDetail
FNDA:0,(anonymous_1)
FNDA:0,(anonymous_2)
FNDA:0,(anonymous_3)
FNDA:0,(anonymous_4)
FNDA:0,(anonymous_5)
FNDA:0,(anonymous_6)
FNDA:0,(anonymous_7)
FNDA:0,(anonymous_8)
FNDA:0,(anonymous_9)
FNDA:0,(anonymous_10)
FNDA:0,(anonymous_11)
FNDA:0,(anonymous_12)
FNDA:0,(anonymous_13)
FNDA:0,(anonymous_14)
FNDA:0,(anonymous_15)
FNDA:0,(anonymous_16)
FNDA:0,(anonymous_17)
FNDA:0,(anonymous_18)
FNDA:0,(anonymous_19)
FNDA:0,(anonymous_20)
FNDA:0,(anonymous_21)
FNDA:0,(anonymous_22)
FNDA:0,(anonymous_23)
FNDA:0,(anonymous_24)
FNDA:0,(anonymous_25)
FNDA:0,(anonymous_26)
FNDA:0,(anonymous_27)
FNDA:0,(anonymous_28)
FNDA:0,(anonymous_29)
FNDA:0,(anonymous_30)
FNDA:0,(anonymous_31)
FNDA:0,(anonymous_32)
DA:47,0
DA:48,0
DA:49,0
DA:50,0
DA:52,0
DA:53,0
DA:54,0
DA:55,0
DA:56,0
DA:57,0
DA:58,0
DA:59,0
DA:60,0
DA:63,0
DA:71,0
DA:79,0
DA:80,0
DA:82,0
DA:83,0
DA:84,0
DA:85,0
DA:86,0
DA:87,0
DA:88,0
DA:89,0
DA:90,0
DA:91,0
DA:92,0
DA:93,0
DA:94,0
DA:95,0
DA:96,0
DA:97,0
DA:98,0
DA:99,0
DA:102,0
DA:106,0
DA:107,0
DA:110,0
DA:111,0
DA:112,0
DA:114,0
DA:115,0
DA:118,0
DA:119,0
DA:122,0
DA:125,0
DA:129,0
DA:130,0
DA:131,0
DA:132,0
DA:134,0
DA:136,0
DA:138,0
DA:139,0
DA:142,0
DA:143,0
DA:144,0
DA:147,0
DA:155,0
DA:158,0
DA:159,0
DA:161,0
DA:165,0
DA:169,0
DA:170,0
DA:171,0
DA:174,0
DA:175,0
DA:179,0
DA:180,0
DA:181,0
DA:184,0
DA:185,0
DA:188,0
DA:189,0
DA:190,0
DA:193,0
DA:194,0
DA:198,0
DA:200,0
DA:201,0
DA:202,0
DA:204,0
DA:205,0
DA:206,0
DA:209,0
DA:210,0
DA:211,0
DA:212,0
DA:213,0
DA:215,0
DA:217,0
DA:222,0
DA:223,0
DA:226,0
DA:227,0
DA:230,0
DA:231,0
DA:232,0
DA:233,0
DA:234,0
DA:236,0
DA:238,0
DA:239,0
DA:244,0
DA:245,0
DA:249,0
DA:250,0
DA:255,0
DA:256,0
DA:264,0
DA:265,0
DA:268,0
DA:275,0
DA:276,0
DA:278,0
DA:357,0
DA:382,0
DA:411,0
DA:500,0
DA:501,0
DA:513,0
DA:514,0
DA:565,0
DA:584,0
LF:126
LH:0
BRDA:80,0,0,0
BRDA:80,0,1,0
BRDA:82,1,0,0
BRDA:82,1,1,0
BRDA:84,2,0,0
BRDA:84,2,1,0
BRDA:86,3,0,0
BRDA:86,3,1,0
BRDA:88,4,0,0
BRDA:88,4,1,0
BRDA:88,5,0,0
BRDA:88,5,1,0
BRDA:88,5,2,0
BRDA:90,6,0,0
BRDA:90,6,1,0
BRDA:92,7,0,0
BRDA:92,7,1,0
BRDA:94,8,0,0
BRDA:94,8,1,0
BRDA:96,9,0,0
BRDA:96,9,1,0
BRDA:98,10,0,0
BRDA:98,10,1,0
BRDA:107,11,0,0
BRDA:107,11,1,0
BRDA:112,12,0,0
BRDA:112,12,1,0
BRDA:136,13,0,0
BRDA:136,13,1,0
BRDA:142,14,0,0
BRDA:142,14,1,0
BRDA:152,15,0,0
BRDA:152,15,1,0
BRDA:171,16,0,0
BRDA:171,16,1,0
BRDA:193,17,0,0
BRDA:193,17,1,0
BRDA:201,18,0,0
BRDA:201,18,1,0
BRDA:202,19,0,0
BRDA:202,19,1,0
BRDA:204,20,0,0
BRDA:204,20,1,0
BRDA:215,21,0,0
BRDA:215,21,1,0
BRDA:245,22,0,0
BRDA:245,22,1,0
BRDA:250,23,0,0
BRDA:250,23,1,0
BRDA:255,24,0,0
BRDA:255,24,1,0
BRDA:264,25,0,0
BRDA:264,25,1,0
BRDA:264,26,0,0
BRDA:264,26,1,0
BRDA:267,27,0,0
BRDA:267,27,1,0
BRDA:302,28,0,0
BRDA:302,28,1,0
BRDA:350,29,0,0
BRDA:350,29,1,0
BRDA:350,29,2,0
BRDA:380,30,0,0
BRDA:380,30,1,0
BRDA:380,31,0,0
BRDA:380,31,1,0
BRDA:382,32,0,0
BRDA:382,32,1,0
BRDA:442,33,0,0
BRDA:442,33,1,0
BRDA:451,34,0,0
BRDA:451,34,1,0
BRDA:460,35,0,0
BRDA:460,35,1,0
BRDA:469,36,0,0
BRDA:469,36,1,0
BRDA:478,37,0,0
BRDA:478,37,1,0
BRDA:482,38,0,0
BRDA:482,38,1,0
BRDA:488,39,0,0
BRDA:488,39,1,0
BRDA:507,40,0,0
BRDA:507,40,1,0
BRDA:507,40,2,0
BRDA:534,41,0,0
BRDA:534,41,1,0
BRDA:547,42,0,0
BRDA:547,42,1,0
BRDA:560,43,0,0
BRDA:560,43,1,0
BRDA:579,44,0,0
BRDA:579,44,1,0
BRDA:599,45,0,0
BRDA:599,45,1,0
BRDA:702,46,0,0
BRDA:702,46,1,0
BRDA:716,47,0,0
BRDA:716,47,1,0
BRDA:737,48,0,0
BRDA:737,48,1,0
BRF:101
BRH:0
end_of_record
TN:
SF:src/pages/Messages.jsx
FN:17,(anonymous_0)
FN:23,(anonymous_1)
FN:25,(anonymous_2)
FN:26,(anonymous_3)
FN:29,(anonymous_4)
FN:35,(anonymous_5)
FN:36,(anonymous_6)
FN:46,(anonymous_7)
FN:50,(anonymous_8)
FN:54,(anonymous_9)
FN:67,(anonymous_10)
FN:93,(anonymous_11)
FN:141,(anonymous_12)
FNF:13
FNH:0
FNDA:0,(anonymous_0)
FNDA:0,(anonymous_1)
FNDA:0,(anonymous_2)
FNDA:0,(anonymous_3)
FNDA:0,(anonymous_4)
FNDA:0,(anonymous_5)
FNDA:0,(anonymous_6)
FNDA:0,(anonymous_7)
FNDA:0,(anonymous_8)
FNDA:0,(anonymous_9)
FNDA:0,(anonymous_10)
FNDA:0,(anonymous_11)
FNDA:0,(anonymous_12)
DA:17,0
DA:18,0
DA:19,0
DA:20,0
DA:21,0
DA:23,0
DA:24,0
DA:25,0
DA:26,0
DA:29,0
DA:30,0
DA:31,0
DA:35,0
DA:36,0
DA:37,0
DA:40,0
DA:42,0
DA:46,0
DA:47,0
DA:50,0
DA:51,0
DA:54,0
DA:55,0
DA:56,0
DA:62,0
DA:63,0
DA:64,0
DA:67,0
DA:68,0
DA:69,0
DA:70,0
DA:74,0
DA:94,0
DA:141,0
LF:34
LH:0
BRDA:55,0,0,0
BRDA:55,0,1,0
BRDA:68,1,0,0
BRDA:68,1,1,0
BRDA:68,2,0,0
BRDA:68,2,1,0
BRDA:98,3,0,0
BRDA:98,3,1,0
BRDA:108,4,0,0
BRDA:108,4,1,0
BRDA:111,5,0,0
BRDA:111,5,1,0
BRDA:122,6,0,0
BRDA:122,6,1,0
BRDA:125,7,0,0
BRDA:125,7,1,0
BRF:16
BRH:0
end_of_record
TN:
SF:src/pages/MessagesPage.jsx
FN:28,(anonymous_0)
FN:38,(anonymous_1)
FN:43,(anonymous_2)
FN:56,(anonymous_3)
FN:60,(anonymous_4)
FN:86,(anonymous_5)
FN:118,(anonymous_6)
FN:123,(anonymous_7)
FNF:8
FNH:0
FNDA:0,(anonymous_0)
FNDA:0,(anonymous_1)
FNDA:0,(anonymous_2)
FNDA:0,(anonymous_3)
FNDA:0,(anonymous_4)
FNDA:0,(anonymous_5)
FNDA:0,(anonymous_6)
FNDA:0,(anonymous_7)
DA:28,0
DA:29,0
DA:30,0
DA:31,0
DA:32,0
DA:33,0
DA:34,0
DA:35,0
DA:36,0
DA:38,0
DA:39,0
DA:40,0
DA:43,0
DA:44,0
DA:45,0
DA:46,0
DA:47,0
DA:49,0
DA:50,0
DA:52,0
DA:56,0
DA:57,0
DA:60,0
DA:61,0
DA:65,0
DA:86,0
DA:119,0
DA:123,0
LF:28
LH:0
BRDA:61,0,0,0
BRDA:61,0,1,0
BRDA:102,1,0,0
BRDA:102,1,1,0
BRDA:106,2,0,0
BRDA:106,2,1,0
BRDA:110,3,0,0
BRDA:110,3,1,0
BRDA:113,4,0,0
BRDA:113,4,1,0
BRDA:127,5,0,0
BRDA:127,5,1,0
BRDA:128,6,0,0
BRDA:128,6,1,0
BRDA:132,7,0,0
BRDA:132,7,1,0
BRDA:133,8,0,0
BRDA:133,8,1,0
BRDA:135,9,0,0
BRDA:135,9,1,0
BRDA:142,10,0,0
BRDA:142,10,1,0
BRDA:160,11,0,0
BRDA:160,11,1,0
BRDA:182,12,0,0
BRDA:182,12,1,0
BRF:26
BRH:0
end_of_record
TN:
SF:src/pages/NotFound.jsx
FN:11,(anonymous_0)
FNF:1
FNH:0
FNDA:0,(anonymous_0)
DA:11,0
DA:12,0
LF:2
LH:0
BRF:0
BRH:0
end_of_record
TN:
SF:src/pages/Notifications.jsx
FN:23,(anonymous_0)
FN:28,(anonymous_1)
FN:42,(anonymous_2)
FN:52,(anonymous_3)
FN:57,(anonymous_4)
FN:73,(anonymous_5)
FN:106,(anonymous_6)
FN:155,(anonymous_7)
FN:195,(anonymous_8)
FNF:9
FNH:0
FNDA:0,(anonymous_0)
FNDA:0,(anonymous_1)
FNDA:0,(anonymous_2)
FNDA:0,(anonymous_3)
FNDA:0,(anonymous_4)
FNDA:0,(anonymous_5)
FNDA:0,(anonymous_6)
FNDA:0,(anonymous_7)
FNDA:0,(anonymous_8)
DA:23,0
DA:24,0
DA:25,0
DA:26,0
DA:28,0
DA:29,0
DA:30,0
DA:31,0
DA:32,0
DA:33,0
DA:35,0
DA:36,0
DA:38,0
DA:42,0
DA:43,0
DA:44,0
DA:45,0
DA:47,0
DA:48,0
DA:52,0
DA:53,0
DA:57,0
DA:58,0
DA:59,0
DA:61,0
DA:65,0
DA:66,0
DA:73,0
DA:75,0
DA:107,0
DA:108,0
DA:109,0
DA:111,0
DA:156,0
DA:195,0
LF:35
LH:0
BRDA:65,0,0,0
BRDA:65,0,1,0
BRDA:88,1,0,0
BRDA:88,1,1,0
BRDA:102,2,0,0
BRDA:102,2,1,0
BRDA:121,3,0,0
BRDA:121,3,1,0
BRDA:127,4,0,0
BRDA:127,4,1,0
BRDA:157,5,0,0
BRDA:157,5,1,0
BRDA:162,6,0,0
BRDA:162,6,1,0
BRDA:168,7,0,0
BRDA:168,7,1,0
BRDA:192,8,0,0
BRDA:192,8,1,0
BRF:18
BRH:0
end_of_record
TN:
SF:src/pages/Overview.jsx
FN:56,(anonymous_0)
FN:62,(anonymous_1)
FN:63,(anonymous_2)
FN:66,(anonymous_3)
FN:171,(anonymous_4)
FN:175,(anonymous_5)
FN:200,(anonymous_6)
FN:204,(anonymous_7)
FN:230,(anonymous_8)
FNF:9
FNH:0
FNDA:0,(anonymous_0)
FNDA:0,(anonymous_1)
FNDA:0,(anonymous_2)
FNDA:0,(anonymous_3)
FNDA:0,(anonymous_4)
FNDA:0,(anonymous_5)
FNDA:0,(anonymous_6)
FNDA:0,(anonymous_7)
FNDA:0,(anonymous_8)
DA:25,0
DA:27,0
DA:34,0
DA:41,0
DA:56,0
DA:57,0
DA:58,0
DA:59,0
DA:62,0
DA:63,0
DA:64,0
DA:66,0
DA:67,0
DA:68,0
DA:69,0
DA:70,0
DA:72,0
DA:86,0
DA:172,0
DA:175,0
DA:201,0
DA:204,0
DA:230,0
LF:23
LH:0
BRDA:77,0,0,0
BRDA:77,0,1,0
BRDA:90,1,0,0
BRDA:90,1,1,0
BRDA:136,2,0,0
BRDA:136,2,1,0
BRDA:140,3,0,0
BRDA:140,3,1,0
BRDA:141,4,0,0
BRDA:141,4,1,0
BRF:10
BRH:0
end_of_record
TN:
SF:src/pages/PayPortal.jsx
FN:24,PayPortal
FN:30,(anonymous_1)
FN:32,(anonymous_2)
FN:33,(anonymous_3)
FN:34,(anonymous_4)
FN:37,(anonymous_5)
FN:51,(anonymous_6)
FN:62,(anonymous_7)
FN:139,(anonymous_8)
FN:149,(anonymous_9)
FNF:10
FNH:0
FNDA:0,PayPortal
FNDA:0,(anonymous_1)
FNDA:0,(anonymous_2)
FNDA:0,(anonymous_3)
FNDA:0,(anonymous_4)
FNDA:0,(anonymous_5)
FNDA:0,(anonymous_6)
FNDA:0,(anonymous_7)
FNDA:0,(anonymous_8)
FNDA:0,(anonymous_9)
DA:25,0
DA:26,0
DA:27,0
DA:28,0
DA:30,0
DA:31,0
DA:32,0
DA:33,0
DA:34,0
DA:37,0
DA:38,0
DA:39,0
DA:41,0
DA:42,0
DA:44,0
DA:46,0
DA:51,0
DA:52,0
DA:53,0
DA:54,0
DA:62,0
DA:63,0
DA:65,0
DA:73,0
DA:81,0
DA:88,0
DA:96,0
DA:140,0
DA:149,0
LF:29
LH:0
BRDA:52,0,0,0
BRDA:52,0,1,0
BRDA:63,1,0,0
BRDA:63,1,1,0
BRDA:63,1,2,0
BRDA:63,1,3,0
BRDA:103,2,0,0
BRDA:103,2,1,0
BRDA:107,3,0,0
BRDA:107,3,1,0
BRDA:111,4,0,0
BRDA:111,4,1,0
BRDA:141,5,0,0
BRDA:141,5,1,0
BRDA:145,6,0,0
BRDA:145,6,1,0
BRDA:156,7,0,0
BRDA:156,7,1,0
BRDA:182,8,0,0
BRDA:182,8,1,0
BRDA:185,9,0,0
BRDA:185,9,1,0
BRF:22
BRH:0
end_of_record
TN:
SF:src/pages/Payments.jsx
FN:33,Payments
FN:39,(anonymous_1)
FN:47,(anonymous_2)
FN:61,(anonymous_3)
FN:81,(anonymous_4)
FN:132,(anonymous_5)
FN:179,(anonymous_6)
FN:187,CreatePaymentDialog
FN:199,(anonymous_8)
FN:201,(anonymous_9)
FN:205,(anonymous_10)
FN:209,(anonymous_11)
FNF:12
FNH:3
FNDA:5,Payments
FNDA:5,(anonymous_1)
FNDA:0,(anonymous_2)
FNDA:0,(anonymous_3)
FNDA:0,(anonymous_4)
FNDA:0,(anonymous_5)
FNDA:0,(anonymous_6)
FNDA:5,CreatePaymentDialog
FNDA:0,(anonymous_8)
FNDA:0,(anonymous_9)
FNDA:0,(anonymous_10)
FNDA:0,(anonymous_11)
DA:34,5
DA:35,5
DA:36,5
DA:37,5
DA:39,5
DA:40,5
DA:41,5
DA:42,5
DA:47,5
DA:48,0
DA:50,0
DA:52,0
DA:54,0
DA:56,0
DA:61,5
DA:62,0
DA:63,0
DA:64,0
DA:71,5
DA:81,0
DA:133,0
DA:179,0
DA:188,5
DA:189,5
DA:196,5
DA:197,5
DA:199,5
DA:200,0
DA:201,0
DA:204,0
DA:205,0
DA:209,5
DA:211,0
DA:212,0
DA:213,0
DA:214,0
DA:216,0
DA:217,0
DA:218,0
DA:221,0
DA:222,0
DA:223,0
DA:227,0
DA:230,0
DA:238,0
DA:239,0
DA:241,0
DA:245,5
LF:48
LH:18
BRDA:41,0,0,5
BRDA:41,0,1,0
BRDA:41,1,0,5
BRDA:41,1,1,5
BRDA:48,2,0,0
BRDA:48,2,1,0
BRDA:48,2,2,0
BRDA:48,2,3,0
BRDA:62,3,0,0
BRDA:62,3,1,0
BRDA:87,4,0,0
BRDA:87,4,1,5
BRDA:91,5,0,0
BRDA:91,5,1,5
BRDA:95,6,0,5
BRDA:95,6,1,0
BRDA:204,7,0,0
BRDA:204,7,1,0
BRDA:212,8,0,0
BRDA:212,8,1,0
BRDA:213,9,0,0
BRDA:213,9,1,0
BRDA:213,10,0,0
BRDA:213,10,1,0
BRDA:214,11,0,0
BRDA:214,11,1,0
BRDA:216,12,0,0
BRDA:216,12,1,0
BRDA:239,13,0,0
BRDA:239,13,1,0
BRDA:316,14,0,5
BRDA:316,14,1,0
BRDA:330,15,0,0
BRDA:330,15,1,5
BRF:34
BRH:8
end_of_record
TN:
SF:src/pages/Profile.jsx
FN:14,(anonymous_0)
FN:21,(anonymous_1)
FN:27,(anonymous_2)
FN:85,(anonymous_3)
FN:95,(anonymous_4)
FNF:5
FNH:4
FNDA:15,(anonymous_0)
FNDA:1,(anonymous_1)
FNDA:1,(anonymous_2)
FNDA:11,(anonymous_3)
FNDA:0,(anonymous_4)
DA:14,1
DA:15,15
DA:16,15
DA:17,15
DA:18,15
DA:19,15
DA:21,15
DA:22,1
DA:23,1
DA:25,1
DA:27,1
DA:30,1
DA:31,1
DA:33,1
DA:35,0
DA:37,1
DA:41,15
DA:85,11
DA:95,0
LF:19
LH:17
BRDA:15,0,0,15
BRDA:15,0,1,0
BRDA:16,1,0,15
BRDA:16,1,1,0
BRDA:17,2,0,15
BRDA:17,2,1,0
BRDA:65,3,0,15
BRDA:65,3,1,1
BRDA:68,4,0,15
BRDA:68,4,1,1
BRDA:71,5,0,15
BRDA:71,5,1,0
BRDA:75,6,0,15
BRDA:75,6,1,1
BRDA:113,7,0,1
BRDA:113,7,1,14
BRF:16
BRH:12
end_of_record
TN:
SF:src/pages/Properties.jsx
FN:27,Properties
FN:40,(anonymous_1)
FN:46,(anonymous_2)
FN:54,(anonymous_3)
FN:65,(anonymous_4)
FN:69,(anonymous_5)
FN:70,(anonymous_6)
FN:77,(anonymous_7)
FN:81,(anonymous_8)
FN:85,(anonymous_9)
FN:89,(anonymous_10)
FN:96,(anonymous_11)
FN:100,(anonymous_12)
FN:104,(anonymous_13)
FN:109,(anonymous_14)
FN:113,(anonymous_15)
FN:146,(anonymous_16)
FN:204,(anonymous_17)
FN:210,(anonymous_18)
FN:216,(anonymous_19)
FN:226,(anonymous_20)
FN:232,(anonymous_21)
FN:238,(anonymous_22)
FN:267,(anonymous_23)
FN:279,(anonymous_24)
FN:280,(anonymous_25)
FN:281,(anonymous_26)
FN:302,(anonymous_27)
FN:308,(anonymous_28)
FN:314,(anonymous_29)
FNF:30
FNH:7
FNDA:2,Properties
FNDA:2,(anonymous_1)
FNDA:2,(anonymous_2)
FNDA:4,(anonymous_3)
FNDA:2,(anonymous_4)
FNDA:0,(anonymous_5)
FNDA:0,(anonymous_6)
FNDA:0,(anonymous_7)
FNDA:0,(anonymous_8)
FNDA:0,(anonymous_9)
FNDA:0,(anonymous_10)
FNDA:0,(anonymous_11)
FNDA:0,(anonymous_12)
FNDA:0,(anonymous_13)
FNDA:0,(anonymous_14)
FNDA:0,(anonymous_15)
FNDA:0,(anonymous_16)
FNDA:0,(anonymous_17)
FNDA:0,(anonymous_18)
FNDA:0,(anonymous_19)
FNDA:0,(anonymous_20)
FNDA:0,(anonymous_21)
FNDA:0,(anonymous_22)
FNDA:4,(anonymous_23)
FNDA:10,(anonymous_24)
FNDA:0,(anonymous_25)
FNDA:0,(anonymous_26)
FNDA:0,(anonymous_27)
FNDA:0,(anonymous_28)
FNDA:0,(anonymous_29)
DA:28,2
DA:29,2
DA:30,2
DA:31,2
DA:32,2
DA:33,2
DA:34,2
DA:35,2
DA:36,2
DA:37,2
DA:38,2
DA:40,2
DA:41,2
DA:42,2
DA:46,2
DA:47,2
DA:48,0
DA:53,2
DA:57,4
DA:61,4
DA:63,4
DA:66,2
DA:67,0
DA:68,0
DA:69,0
DA:70,0
DA:71,0
DA:73,0
DA:77,2
DA:78,0
DA:81,2
DA:82,0
DA:85,2
DA:86,0
DA:89,2
DA:90,0
DA:91,0
DA:92,0
DA:93,0
DA:96,2
DA:97,0
DA:100,2
DA:101,0
DA:104,2
DA:105,0
DA:106,0
DA:109,2
DA:110,0
DA:113,2
DA:114,0
DA:116,0
DA:117,0
DA:118,0
DA:119,0
DA:121,0
DA:123,0
DA:127,2
DA:146,0
DA:204,0
DA:210,0
DA:216,0
DA:226,0
DA:232,0
DA:238,0
DA:268,4
DA:279,10
DA:280,0
DA:281,0
DA:303,0
DA:304,0
DA:309,0
DA:310,0
DA:315,0
DA:316,0
LF:74
LH:33
BRDA:47,0,0,0
BRDA:47,0,1,2
BRDA:47,1,0,2
BRDA:47,1,1,0
BRDA:57,2,0,4
BRDA:57,2,1,0
BRDA:61,3,0,4
BRDA:61,3,1,0
BRDA:63,4,0,4
BRDA:63,4,1,4
BRDA:66,5,0,2
BRDA:66,5,1,0
BRDA:67,6,0,0
BRDA:67,6,1,0
BRDA:67,7,0,0
BRDA:67,7,1,0
BRDA:67,8,0,0
BRDA:67,8,1,0
BRDA:68,9,0,0
BRDA:68,9,1,0
BRDA:69,10,0,0
BRDA:69,10,1,0
BRDA:70,11,0,0
BRDA:70,11,1,0
BRDA:114,12,0,0
BRDA:114,12,1,0
BRDA:246,13,0,0
BRDA:246,13,1,2
BRDA:250,14,0,0
BRDA:250,14,1,2
BRDA:254,15,0,0
BRDA:254,15,1,2
BRDA:256,16,0,0
BRDA:256,16,1,0
BRDA:257,17,0,0
BRDA:257,17,1,0
BRDA:277,18,0,4
BRDA:277,18,1,0
BRDA:278,19,0,4
BRDA:278,19,1,0
BRDA:279,20,0,4
BRDA:279,20,1,2
BRDA:359,21,0,0
BRDA:359,21,1,2
BRF:44
BRH:15
end_of_record
TN:
SF:src/pages/PropertyDetail.jsx
FN:51,StatusBadge
FN:54,(anonymous_1)
FN:75,(anonymous_2)
FN:98,PropertyDetail
FN:110,(anonymous_4)
FN:114,(anonymous_5)
FN:120,(anonymous_6)
FN:124,(anonymous_7)
FN:128,(anonymous_8)
FN:132,(anonymous_9)
FN:137,(anonymous_10)
FN:142,(anonymous_11)
FN:146,(anonymous_12)
FN:186,(anonymous_13)
FN:187,(anonymous_14)
FN:205,(anonymous_15)
FN:206,(anonymous_16)
FN:212,(anonymous_17)
FN:253,(anonymous_18)
FN:274,(anonymous_19)
FN:295,(anonymous_20)
FN:316,(anonymous_21)
FN:331,(anonymous_22)
FN:352,(anonymous_23)
FN:373,(anonymous_24)
FNF:25
FNH:0
FNDA:0,StatusBadge
FNDA:0,(anonymous_1)
FNDA:0,(anonymous_2)
FNDA:0,PropertyDetail
FNDA:0,(anonymous_4)
FNDA:0,(anonymous_5)
FNDA:0,(anonymous_6)
FNDA:0,(anonymous_7)
FNDA:0,(anonymous_8)
FNDA:0,(anonymous_9)
FNDA:0,(anonymous_10)
FNDA:0,(anonymous_11)
FNDA:0,(anonymous_12)
FNDA:0,(anonymous_13)
FNDA:0,(anonymous_14)
FNDA:0,(anonymous_15)
FNDA:0,(anonymous_16)
FNDA:0,(anonymous_17)
FNDA:0,(anonymous_18)
FNDA:0,(anonymous_19)
FNDA:0,(anonymous_20)
FNDA:0,(anonymous_21)
FNDA:0,(anonymous_22)
FNDA:0,(anonymous_23)
FNDA:0,(anonymous_24)
DA:52,0
DA:54,0
DA:55,0
DA:59,0
DA:62,0
DA:66,0
DA:69,0
DA:71,0
DA:75,0
DA:76,0
DA:78,0
DA:80,0
DA:84,0
DA:99,0
DA:100,0
DA:101,0
DA:102,0
DA:103,0
DA:104,0
DA:106,0
DA:107,0
DA:108,0
DA:110,0
DA:111,0
DA:114,0
DA:115,0
DA:116,0
DA:120,0
DA:121,0
DA:124,0
DA:125,0
DA:128,0
DA:129,0
DA:132,0
DA:133,0
DA:134,0
DA:137,0
DA:138,0
DA:139,0
DA:142,0
DA:143,0
DA:146,0
DA:148,0
DA:149,0
DA:152,0
DA:153,0
DA:160,0
DA:161,0
DA:168,0
DA:169,0
DA:177,0
DA:185,0
DA:186,0
DA:187,0
DA:197,0
DA:204,0
DA:205,0
DA:206,0
DA:212,0
DA:213,0
DA:253,0
DA:254,0
DA:275,0
DA:295,0
DA:296,0
DA:317,0
DA:331,0
DA:332,0
DA:353,0
DA:373,0
DA:374,0
DA:452,0
LF:72
LH:0
BRDA:55,0,0,0
BRDA:55,0,1,0
BRDA:55,0,2,0
BRDA:55,0,3,0
BRDA:55,0,4,0
BRDA:55,0,5,0
BRDA:55,0,6,0
BRDA:55,0,7,0
BRDA:55,0,8,0
BRDA:55,0,9,0
BRDA:55,0,10,0
BRDA:76,1,0,0
BRDA:76,1,1,0
BRDA:115,2,0,0
BRDA:115,2,1,0
BRDA:152,3,0,0
BRDA:152,3,1,0
BRDA:160,4,0,0
BRDA:160,4,1,0
BRDA:168,5,0,0
BRDA:168,5,1,0
BRDA:177,6,0,0
BRDA:177,6,1,0
BRDA:189,7,0,0
BRDA:189,7,1,0
BRDA:234,8,0,0
BRDA:234,8,1,0
BRDA:236,9,0,0
BRDA:236,9,1,0
BRDA:237,10,0,0
BRDA:237,10,1,0
BRDA:241,11,0,0
BRDA:241,11,1,0
BRDA:281,12,0,0
BRDA:281,12,1,0
BRDA:478,13,0,0
BRDA:478,13,1,0
BRDA:496,14,0,0
BRDA:496,14,1,0
BRDA:511,15,0,0
BRDA:511,15,1,0
BRDA:526,16,0,0
BRDA:526,16,1,0
BRDA:541,17,0,0
BRDA:541,17,1,0
BRDA:549,18,0,0
BRDA:549,18,1,0
BRF:47
BRH:0
end_of_record
TN:
SF:src/pages/PropertyForm.jsx
FN:33,PropertyForm
FN:61,(anonymous_1)
FN:71,(anonymous_2)
FN:88,(anonymous_3)
FN:94,(anonymous_4)
FN:96,(anonymous_5)
FN:100,(anonymous_6)
FN:104,(anonymous_7)
FN:105,(anonymous_8)
FN:108,(anonymous_9)
FN:112,(anonymous_10)
FN:114,(anonymous_11)
FN:114,(anonymous_12)
FN:117,(anonymous_13)
FN:117,(anonymous_14)
FN:120,(anonymous_15)
FN:122,(anonymous_16)
FN:127,(anonymous_17)
FN:167,(anonymous_18)
FN:215,(anonymous_19)
FN:382,(anonymous_20)
FN:411,(anonymous_21)
FN:460,(anonymous_22)
FNF:23
FNH:0
FNDA:0,PropertyForm
FNDA:0,(anonymous_1)
FNDA:0,(anonymous_2)
FNDA:0,(anonymous_3)
FNDA:0,(anonymous_4)
FNDA:0,(anonymous_5)
FNDA:0,(anonymous_6)
FNDA:0,(anonymous_7)
FNDA:0,(anonymous_8)
FNDA:0,(anonymous_9)
FNDA:0,(anonymous_10)
FNDA:0,(anonymous_11)
FNDA:0,(anonymous_12)
FNDA:0,(anonymous_13)
FNDA:0,(anonymous_14)
FNDA:0,(anonymous_15)
FNDA:0,(anonymous_16)
FNDA:0,(anonymous_17)
FNDA:0,(anonymous_18)
FNDA:0,(anonymous_19)
FNDA:0,(anonymous_20)
FNDA:0,(anonymous_21)
FNDA:0,(anonymous_22)
DA:24,0
DA:34,0
DA:35,0
DA:36,0
DA:37,0
DA:39,0
DA:53,0
DA:54,0
DA:55,0
DA:56,0
DA:58,0
DA:61,0
DA:62,0
DA:63,0
DA:64,0
DA:66,0
DA:71,0
DA:72,0
DA:73,0
DA:87,0
DA:88,0
DA:94,0
DA:95,0
DA:96,0
DA:100,0
DA:101,0
DA:104,0
DA:105,0
DA:108,0
DA:112,0
DA:114,0
DA:117,0
DA:120,0
DA:122,0
DA:127,0
DA:128,0
DA:129,0
DA:130,0
DA:132,0
DA:133,0
DA:134,0
DA:136,0
DA:138,0
DA:140,0
DA:142,0
DA:146,0
DA:147,0
DA:156,0
DA:167,0
DA:216,0
DA:383,0
DA:411,0
DA:460,0
LF:53
LH:0
BRDA:62,0,0,0
BRDA:62,0,1,0
BRDA:72,1,0,0
BRDA:72,1,1,0
BRDA:72,2,0,0
BRDA:72,2,1,0
BRDA:74,3,0,0
BRDA:74,3,1,0
BRDA:75,4,0,0
BRDA:75,4,1,0
BRDA:76,5,0,0
BRDA:76,5,1,0
BRDA:77,6,0,0
BRDA:77,6,1,0
BRDA:78,7,0,0
BRDA:78,7,1,0
BRDA:79,8,0,0
BRDA:79,8,1,0
BRDA:80,9,0,0
BRDA:80,9,1,0
BRDA:81,10,0,0
BRDA:81,10,1,0
BRDA:82,11,0,0
BRDA:82,11,1,0
BRDA:83,12,0,0
BRDA:83,12,1,0
BRDA:87,13,0,0
BRDA:87,13,1,0
BRDA:133,14,0,0
BRDA:133,14,1,0
BRDA:140,15,0,0
BRDA:140,15,1,0
BRDA:146,16,0,0
BRDA:146,16,1,0
BRDA:146,17,0,0
BRDA:146,17,1,0
BRDA:159,18,0,0
BRDA:159,18,1,0
BRDA:163,19,0,0
BRDA:163,19,1,0
BRDA:170,20,0,0
BRDA:170,20,1,0
BRDA:380,21,0,0
BRDA:380,21,1,0
BRDA:421,22,0,0
BRDA:421,22,1,0
BRDA:435,23,0,0
BRDA:435,23,1,0
BRDA:442,24,0,0
BRDA:442,24,1,0
BRDA:445,25,0,0
BRDA:445,25,1,0
BRDA:449,26,0,0
BRDA:449,26,1,0
BRF:54
BRH:0
end_of_record
TN:
SF:src/pages/Register.jsx
FN:21,Register
FN:34,(anonymous_1)
FN:42,(anonymous_2)
FNF:3
FNH:0
FNDA:0,Register
FNDA:0,(anonymous_1)
FNDA:0,(anonymous_2)
DA:22,0
DA:29,0
DA:30,0
DA:31,0
DA:32,0
DA:34,0
DA:35,0
DA:36,0
DA:42,0
DA:43,0
DA:44,0
DA:47,0
DA:48,0
DA:49,0
DA:52,0
DA:54,0
DA:55,0
DA:56,0
DA:58,0
DA:60,0
DA:64,0
LF:21
LH:0
BRDA:47,0,0,0
BRDA:47,0,1,0
BRDA:58,1,0,0
BRDA:58,1,1,0
BRDA:75,2,0,0
BRDA:75,2,1,0
BRDA:150,3,0,0
BRDA:150,3,1,0
BRF:8
BRH:0
end_of_record
TN:
SF:src/pages/ResetPassword.jsx
FN:16,(anonymous_0)
FN:24,(anonymous_1)
FN:117,(anonymous_2)
FN:134,(anonymous_3)
FNF:4
FNH:0
FNDA:0,(anonymous_0)
FNDA:0,(anonymous_1)
FNDA:0,(anonymous_2)
FNDA:0,(anonymous_3)
DA:16,0
DA:17,0
DA:18,0
DA:19,0
DA:20,0
DA:21,0
DA:22,0
DA:24,0
DA:25,0
DA:28,0
DA:29,0
DA:30,0
DA:33,0
DA:34,0
DA:35,0
DA:37,0
DA:38,0
DA:39,0
DA:40,0
DA:41,0
DA:43,0
DA:45,0
DA:49,0
DA:117,0
DA:134,0
LF:25
LH:0
BRDA:28,0,0,0
BRDA:28,0,1,0
BRDA:43,1,0,0
BRDA:43,1,1,0
BRDA:95,2,0,0
BRDA:95,2,1,0
BRDA:101,3,0,0
BRDA:101,3,1,0
BRDA:147,4,0,0
BRDA:147,4,1,0
BRDA:147,4,2,0
BRDA:154,5,0,0
BRDA:154,5,1,0
BRF:13
BRH:0
end_of_record
TN:
SF:src/pages/RoutesIndex.jsx
FN:11,(anonymous_0)
FN:13,(anonymous_1)
FN:44,(anonymous_2)
FNF:3
FNH:0
FNDA:0,(anonymous_0)
FNDA:0,(anonymous_1)
FNDA:0,(anonymous_2)
DA:11,0
DA:13,0
DA:16,0
DA:17,0
DA:33,0
DA:45,0
LF:6
LH:0
BRDA:16,0,0,0
BRDA:16,0,1,0
BRDA:57,1,0,0
BRDA:57,1,1,0
BRDA:82,2,0,0
BRDA:82,2,1,0
BRDA:83,3,0,0
BRDA:83,3,1,0
BRDA:84,4,0,0
BRDA:84,4,1,0
BRDA:89,5,0,0
BRDA:89,5,1,0
BRDA:97,6,0,0
BRDA:97,6,1,0
BRF:14
BRH:0
end_of_record
TN:
SF:src/pages/Settings.jsx
FN:20,(anonymous_0)
FN:30,(anonymous_1)
FN:56,(anonymous_2)
FN:91,(anonymous_3)
FN:101,(anonymous_4)
FN:111,(anonymous_5)
FN:159,(anonymous_6)
FN:172,(anonymous_7)
FN:209,(anonymous_8)
FN:223,(anonymous_9)
FNF:10
FNH:6
FNDA:17,(anonymous_0)
FNDA:1,(anonymous_1)
FNDA:0,(anonymous_2)
FNDA:0,(anonymous_3)
FNDA:1,(anonymous_4)
FNDA:0,(anonymous_5)
FNDA:5,(anonymous_6)
FNDA:5,(anonymous_7)
FNDA:1,(anonymous_8)
FNDA:0,(anonymous_9)
DA:20,1
DA:21,17
DA:22,16
DA:23,16
DA:24,16
DA:25,16
DA:26,16
DA:27,16
DA:28,16
DA:30,16
DA:32,1
DA:35,1
DA:36,1
DA:37,1
DA:40,0
DA:41,0
DA:42,0
DA:46,0
DA:49,0
DA:52,0
DA:53,0
DA:56,0
DA:57,0
DA:61,16
DA:91,0
DA:101,1
DA:111,0
DA:159,5
DA:172,5
DA:209,1
DA:223,0
LF:31
LH:19
BRDA:35,0,0,1
BRDA:35,0,1,0
BRDA:40,1,0,0
BRDA:40,1,1,0
BRDA:147,2,0,16
BRDA:147,2,1,1
BRDA:183,3,0,16
BRDA:183,3,1,11
BRF:8
BRH:5
end_of_record
TN:
SF:src/pages/Support.jsx
FN:24,(anonymous_0)
FN:33,(anonymous_1)
FN:40,(anonymous_2)
FN:52,(anonymous_3)
FN:106,(anonymous_4)
FNF:5
FNH:0
FNDA:0,(anonymous_0)
FNDA:0,(anonymous_1)
FNDA:0,(anonymous_2)
FNDA:0,(anonymous_3)
FNDA:0,(anonymous_4)
DA:24,0
DA:25,0
DA:29,0
DA:30,0
DA:31,0
DA:33,0
DA:34,0
DA:40,0
DA:41,0
DA:44,0
DA:45,0
DA:46,0
DA:49,0
DA:52,0
DA:53,0
DA:54,0
DA:55,0
DA:56,0
DA:60,0
DA:83,0
DA:107,0
LF:21
LH:0
BRDA:44,0,0,0
BRDA:44,0,1,0
BRDA:44,1,0,0
BRDA:44,1,1,0
BRDA:155,2,0,0
BRDA:155,2,1,0
BRDA:160,3,0,0
BRDA:160,3,1,0
BRDA:204,4,0,0
BRDA:204,4,1,0
BRF:10
BRH:0
end_of_record
TN:
SF:src/pages/TenantDetail.jsx
FN:34,TenantDetail
FN:52,(anonymous_1)
FN:53,(anonymous_2)
FN:76,(anonymous_3)
FN:81,(anonymous_4)
FN:85,(anonymous_5)
FN:90,(anonymous_6)
FN:92,(anonymous_7)
FN:96,(anonymous_8)
FN:100,(anonymous_9)
FN:124,(anonymous_10)
FN:128,(anonymous_11)
FN:132,(anonymous_12)
FN:157,(anonymous_13)
FNF:14
FNH:0
FNDA:0,TenantDetail
FNDA:0,(anonymous_1)
FNDA:0,(anonymous_2)
FNDA:0,(anonymous_3)
FNDA:0,(anonymous_4)
FNDA:0,(anonymous_5)
FNDA:0,(anonymous_6)
FNDA:0,(anonymous_7)
FNDA:0,(anonymous_8)
FNDA:0,(anonymous_9)
FNDA:0,(anonymous_10)
FNDA:0,(anonymous_11)
FNDA:0,(anonymous_12)
FNDA:0,(anonymous_13)
DA:35,0
DA:36,0
DA:37,0
DA:38,0
DA:40,0
DA:41,0
DA:42,0
DA:43,0
DA:45,0
DA:46,0
DA:47,0
DA:48,0
DA:49,0
DA:52,0
DA:53,0
DA:54,0
DA:55,0
DA:56,0
DA:57,0
DA:58,0
DA:63,0
DA:65,0
DA:66,0
DA:68,0
DA:72,0
DA:76,0
DA:77,0
DA:81,0
DA:82,0
DA:85,0
DA:86,0
DA:87,0
DA:90,0
DA:91,0
DA:92,0
DA:95,0
DA:96,0
DA:100,0
DA:102,0
DA:103,0
DA:104,0
DA:106,0
DA:107,0
DA:108,0
DA:111,0
DA:112,0
DA:113,0
DA:114,0
DA:115,0
DA:117,0
DA:119,0
DA:124,0
DA:125,0
DA:128,0
DA:129,0
DA:132,0
DA:133,0
DA:134,0
DA:135,0
DA:136,0
DA:138,0
DA:140,0
DA:141,0
DA:145,0
DA:146,0
DA:153,0
DA:154,0
DA:157,0
DA:164,0
LF:69
LH:0
BRDA:59,0,0,0
BRDA:59,0,1,0
BRDA:60,1,0,0
BRDA:60,1,1,0
BRDA:61,2,0,0
BRDA:61,2,1,0
BRDA:95,3,0,0
BRDA:95,3,1,0
BRDA:103,4,0,0
BRDA:103,4,1,0
BRDA:104,5,0,0
BRDA:104,5,1,0
BRDA:106,6,0,0
BRDA:106,6,1,0
BRDA:117,7,0,0
BRDA:117,7,1,0
BRDA:145,8,0,0
BRDA:145,8,1,0
BRDA:153,9,0,0
BRDA:153,9,1,0
BRDA:153,10,0,0
BRDA:153,10,1,0
BRDA:156,11,0,0
BRDA:156,11,1,0
BRDA:175,12,0,0
BRDA:175,12,1,0
BRDA:212,13,0,0
BRDA:212,13,1,0
BRDA:236,14,0,0
BRDA:236,14,1,0
BRDA:244,15,0,0
BRDA:244,15,1,0
BRDA:245,16,0,0
BRDA:245,16,1,0
BRDA:262,17,0,0
BRDA:262,17,1,0
BRDA:268,18,0,0
BRDA:268,18,1,0
BRDA:275,19,0,0
BRDA:275,19,1,0
BRDA:283,20,0,0
BRDA:283,20,1,0
BRDA:293,21,0,0
BRDA:293,21,1,0
BRDA:303,22,0,0
BRDA:303,22,1,0
BRDA:313,23,0,0
BRDA:313,23,1,0
BRDA:332,24,0,0
BRDA:332,24,1,0
BRDA:342,25,0,0
BRDA:342,25,1,0
BRDA:352,26,0,0
BRDA:352,26,1,0
BRDA:358,27,0,0
BRDA:358,27,1,0
BRDA:372,28,0,0
BRDA:372,28,1,0
BRDA:393,29,0,0
BRDA:393,29,1,0
BRF:60
BRH:0
end_of_record
TN:
SF:src/pages/TenantOnboarding.jsx
FN:15,TenantOnboarding
FN:29,(anonymous_1)
FN:33,(anonymous_2)
FNF:3
FNH:0
FNDA:0,TenantOnboarding
FNDA:0,(anonymous_1)
FNDA:0,(anonymous_2)
DA:16,0
DA:25,0
DA:26,0
DA:27,0
DA:29,0
DA:30,0
DA:33,0
DA:34,0
DA:35,0
DA:36,0
DA:37,0
DA:38,0
DA:39,0
DA:44,0
DA:45,0
DA:46,0
DA:48,0
DA:50,0
DA:52,0
DA:56,0
LF:20
LH:0
BRDA:44,0,0,0
BRDA:44,0,1,0
BRDA:46,1,0,0
BRDA:46,1,1,0
BRDA:50,2,0,0
BRDA:50,2,1,0
BRDA:71,3,0,0
BRDA:71,3,1,0
BRDA:77,4,0,0
BRDA:77,4,1,0
BRDA:200,5,0,0
BRDA:200,5,1,0
BRF:12
BRH:0
end_of_record
TN:
SF:src/pages/Tenants.jsx
FN:37,Tenants
FN:46,(anonymous_1)
FN:52,(anonymous_2)
FN:57,(anonymous_3)
FN:95,(anonymous_4)
FN:124,(anonymous_5)
FN:154,(anonymous_6)
FN:162,(anonymous_7)
FN:180,(anonymous_8)
FN:182,(anonymous_9)
FN:195,(anonymous_10)
FN:211,(anonymous_11)
FN:219,AddTenantDialog
FN:234,(anonymous_13)
FN:236,(anonymous_14)
FN:239,(anonymous_15)
FN:243,(anonymous_16)
FNF:17
FNH:3
FNDA:2,Tenants
FNDA:1,(anonymous_1)
FNDA:0,(anonymous_2)
FNDA:0,(anonymous_3)
FNDA:0,(anonymous_4)
FNDA:0,(anonymous_5)
FNDA:0,(anonymous_6)
FNDA:0,(anonymous_7)
FNDA:0,(anonymous_8)
FNDA:0,(anonymous_9)
FNDA:0,(anonymous_10)
FNDA:0,(anonymous_11)
FNDA:2,AddTenantDialog
FNDA:0,(anonymous_13)
FNDA:0,(anonymous_14)
FNDA:0,(anonymous_15)
FNDA:0,(anonymous_16)
DA:38,2
DA:39,2
DA:40,2
DA:41,2
DA:42,2
DA:43,2
DA:46,2
DA:47,1
DA:48,1
DA:52,2
DA:53,0
DA:54,0
DA:57,2
DA:58,0
DA:63,2
DA:95,0
DA:124,0
DA:155,0
DA:162,0
DA:180,0
DA:183,0
DA:184,0
DA:195,0
DA:211,0
DA:220,2
DA:221,2
DA:231,2
DA:232,2
DA:234,2
DA:235,0
DA:236,0
DA:238,0
DA:239,0
DA:243,2
DA:245,0
DA:246,0
DA:247,0
DA:249,0
DA:250,0
DA:251,0
DA:254,0
DA:255,0
DA:256,0
DA:257,0
DA:259,0
DA:260,0
DA:262,0
DA:266,2
LF:48
LH:19
BRDA:47,0,0,1
BRDA:47,0,1,0
BRDA:47,1,0,1
BRDA:47,1,1,1
BRDA:58,2,0,0
BRDA:58,2,1,0
BRDA:58,2,2,0
BRDA:105,3,0,0
BRDA:105,3,1,2
BRDA:109,4,0,0
BRDA:109,4,1,2
BRDA:113,5,0,2
BRDA:113,5,1,0
BRDA:119,6,0,0
BRDA:119,6,1,2
BRDA:167,7,0,0
BRDA:167,7,1,0
BRDA:168,8,0,0
BRDA:168,8,1,0
BRDA:170,9,0,0
BRDA:170,9,1,0
BRDA:238,10,0,0
BRDA:238,10,1,0
BRDA:246,11,0,0
BRDA:246,11,1,0
BRDA:247,12,0,0
BRDA:247,12,1,0
BRDA:249,13,0,0
BRDA:249,13,1,0
BRDA:260,14,0,0
BRDA:260,14,1,0
BRDA:305,15,0,2
BRDA:305,15,1,0
BRDA:319,16,0,0
BRDA:319,16,1,2
BRF:35
BRH:9
end_of_record
TN:
SF:src/pages/Terms.jsx
FNF:0
FNH:0
LF:0
LH:0
BRF:0
BRH:0
end_of_record
TN:
SF:src/pages/Unauthorized.jsx
FN:12,(anonymous_0)
FNF:1
FNH:0
FNDA:0,(anonymous_0)
DA:12,0
DA:13,0
LF:2
LH:0
BRF:0
BRH:0
end_of_record
TN:
SF:src/pages/VerifyEmail.jsx
FN:16,VerifyEmail
FN:21,(anonymous_1)
FN:24,(anonymous_2)
FN:28,(anonymous_3)
FNF:4
FNH:4
FNDA:12,VerifyEmail
FNDA:6,(anonymous_1)
FNDA:2,(anonymous_2)
FNDA:3,(anonymous_3)
DA:17,12
DA:18,12
DA:19,11
DA:21,11
DA:22,6
DA:25,2
DA:26,2
DA:29,3
DA:30,3
DA:34,11
LF:10
LH:10
BRDA:26,0,0,2
BRDA:26,0,1,0
BRDA:30,1,0,3
BRDA:30,1,1,0
BRDA:56,2,0,11
BRDA:56,2,1,6
BRDA:68,3,0,11
BRDA:68,3,1,2
BRDA:98,4,0,11
BRDA:98,4,1,3
BRF:10
BRH:8
end_of_record
TN:
SF:src/pages/WelcomePage.jsx
FN:6,(anonymous_0)
FN:11,(anonymous_1)
FN:13,(anonymous_2)
FN:28,(anonymous_3)
FN:29,(anonymous_4)
FN:33,(anonymous_5)
FN:95,(anonymous_6)
FNF:7
FNH:0
FNDA:0,(anonymous_0)
FNDA:0,(anonymous_1)
FNDA:0,(anonymous_2)
FNDA:0,(anonymous_3)
FNDA:0,(anonymous_4)
FNDA:0,(anonymous_5)
FNDA:0,(anonymous_6)
DA:6,0
DA:7,0
DA:8,0
DA:9,0
DA:11,0
DA:13,0
DA:14,0
DA:15,0
DA:16,0
DA:17,0
DA:18,0
DA:20,0
DA:23,0
DA:28,0
DA:29,0
DA:33,0
DA:34,0
DA:35,0
DA:39,0
DA:95,0
LF:20
LH:0
BRDA:14,0,0,0
BRDA:14,0,1,0
BRDA:15,1,0,0
BRDA:15,1,1,0
BRDA:17,2,0,0
BRDA:17,2,1,0
BRF:6
BRH:0
end_of_record
TN:
SF:src/routes/guards.jsx
FN:12,(anonymous_0)
FN:44,(anonymous_1)
FN:75,(anonymous_2)
FNF:3
FNH:3
FNDA:3,(anonymous_0)
FNDA:3,(anonymous_1)
FNDA:5,(anonymous_2)
DA:12,1
DA:13,3
DA:15,3
DA:16,1
DA:32,2
DA:33,1
DA:36,1
DA:44,1
DA:45,3
DA:47,3
DA:48,1
DA:63,2
DA:64,1
DA:67,1
DA:75,1
DA:76,5
DA:78,5
DA:80,5
DA:81,1
DA:96,4
DA:97,1
DA:100,3
DA:101,1
DA:104,2
LF:24
LH:24
BRDA:15,0,0,1
BRDA:15,0,1,2
BRDA:32,1,0,1
BRDA:32,1,1,1
BRDA:47,2,0,1
BRDA:47,2,1,2
BRDA:63,3,0,1
BRDA:63,3,1,1
BRDA:75,4,0,4
BRDA:78,5,0,4
BRDA:78,5,1,1
BRDA:80,6,0,1
BRDA:80,6,1,4
BRDA:96,7,0,1
BRDA:96,7,1,3
BRDA:100,8,0,1
BRDA:100,8,1,2
BRDA:100,9,0,3
BRDA:100,9,1,3
BRF:19
BRH:19
end_of_record
TN:
SF:src/routes/routeConfig.jsx
FNF:0
FNH:0
DA:6,1
LF:1
LH:1
BRF:0
BRH:0
end_of_record
TN:
SF:src/test-utils/renderWithProviders.jsx
FN:18,renderWithProviders
FNF:1
FNH:1
FNDA:57,renderWithProviders
DA:14,18
DA:15,18
DA:19,57
DA:21,57
LF:4
LH:4
BRDA:14,0,0,18
BRDA:14,0,1,0
BRDA:18,1,0,45
BRDA:18,2,0,49
BRDA:18,3,0,49
BRDA:18,4,0,56
BRF:6
BRH:5
end_of_record
TN:
SF:src/utils/api.js
FN:19,(anonymous_0)
FN:20,(anonymous_1)
FN:33,(anonymous_2)
FN:40,(anonymous_3)
FN:45,(anonymous_4)
FN:46,(anonymous_5)
FN:86,(anonymous_6)
FN:89,(anonymous_7)
FN:93,(anonymous_8)
FNF:9
FNH:0
FNDA:0,(anonymous_0)
FNDA:0,(anonymous_1)
FNDA:0,(anonymous_2)
FNDA:0,(anonymous_3)
FNDA:0,(anonymous_4)
FNDA:0,(anonymous_5)
FNDA:0,(anonymous_6)
FNDA:0,(anonymous_7)
FNDA:0,(anonymous_8)
DA:7,20
DA:16,20
DA:17,20
DA:19,20
DA:20,0
DA:21,0
DA:22,0
DA:24,0
DA:28,0
DA:32,20
DA:34,0
DA:35,0
DA:36,0
DA:38,0
DA:40,0
DA:44,20
DA:45,0
DA:47,0
DA:50,0
DA:51,0
DA:54,0
DA:62,0
DA:67,0
DA:71,0
DA:74,0
DA:75,0
DA:77,0
DA:78,0
DA:79,0
DA:80,0
DA:81,0
DA:84,0
DA:86,0
DA:87,0
DA:90,0
DA:91,0
DA:93,0
DA:96,0
DA:98,0
DA:100,0
DA:110,0
DA:112,0
DA:114,0
DA:115,0
DA:116,0
DA:119,0
DA:122,0
DA:124,0
DA:128,0
DA:130,0
DA:131,0
DA:132,0
DA:133,0
DA:135,0
DA:137,0
LF:55
LH:6
BRDA:19,0,0,0
BRDA:21,1,0,0
BRDA:21,1,1,0
BRDA:35,2,0,0
BRDA:35,2,1,0
BRDA:62,3,0,0
BRDA:62,3,1,0
BRDA:63,4,0,0
BRDA:63,4,1,0
BRDA:63,4,2,0
BRDA:75,5,0,0
BRDA:75,5,1,0
BRDA:84,6,0,0
BRDA:84,6,1,0
BRDA:112,7,0,0
BRDA:112,7,1,0
BRF:16
BRH:0
end_of_record
TN:
SF:src/utils/auth.js
FN:9,(anonymous_0)
FN:17,(anonymous_1)
FN:32,(anonymous_2)
FN:41,(anonymous_3)
FN:49,(anonymous_4)
FN:57,(anonymous_5)
FN:83,(anonymous_6)
FNF:7
FNH:0
FNDA:0,(anonymous_0)
FNDA:0,(anonymous_1)
FNDA:0,(anonymous_2)
FNDA:0,(anonymous_3)
FNDA:0,(anonymous_4)
FNDA:0,(anonymous_5)
FNDA:0,(anonymous_6)
DA:9,2
DA:10,0
DA:17,2
DA:18,0
DA:19,0
DA:20,0
DA:22,0
DA:24,0
DA:25,0
DA:32,2
DA:33,0
DA:34,0
DA:41,2
DA:42,0
DA:49,2
DA:50,0
DA:57,2
DA:58,0
DA:60,0
DA:61,0
DA:64,0
DA:67,0
DA:68,0
DA:69,0
DA:70,0
DA:71,0
DA:74,0
DA:83,2
DA:84,0
DA:86,0
DA:88,0
DA:90,0
DA:92,0
DA:94,0
DA:96,0
LF:35
LH:7
BRDA:18,0,0,0
BRDA:18,0,1,0
BRDA:19,1,0,0
BRDA:19,1,1,0
BRDA:22,2,0,0
BRDA:22,2,1,0
BRDA:34,3,0,0
BRDA:34,3,1,0
BRDA:57,4,0,0
BRDA:60,5,0,0
BRDA:60,5,1,0
BRDA:84,6,0,0
BRDA:84,6,1,0
BRDA:86,7,0,0
BRDA:86,7,1,0
BRDA:88,8,0,0
BRDA:88,8,1,0
BRDA:88,8,2,0
BRDA:88,8,3,0
BRF:19
BRH:0
end_of_record
TN:
SF:src/utils/authApi.js
FN:19,(anonymous_0)
FN:28,(anonymous_1)
FN:37,(anonymous_2)
FN:50,(anonymous_3)
FN:63,(anonymous_4)
FN:71,(anonymous_5)
FN:80,(anonymous_6)
FN:90,(anonymous_7)
FNF:8
FNH:3
FNDA:2,(anonymous_0)
FNDA:0,(anonymous_1)
FNDA:0,(anonymous_2)
FNDA:2,(anonymous_3)
FNDA:1,(anonymous_4)
FNDA:0,(anonymous_5)
FNDA:0,(anonymous_6)
FNDA:0,(anonymous_7)
DA:10,19
DA:20,2
DA:29,0
DA:38,0
DA:51,2
DA:64,1
DA:72,0
DA:81,0
DA:91,0
LF:9
LH:4
BRF:0
BRH:0
end_of_record
TN:
SF:src/utils/dateUtils.js
FN:7,(anonymous_0)
FN:27,(anonymous_1)
FN:40,(anonymous_2)
FN:59,(anonymous_3)
FNF:4
FNH:0
FNDA:0,(anonymous_0)
FNDA:0,(anonymous_1)
FNDA:0,(anonymous_2)
FNDA:0,(anonymous_3)
DA:7,0
DA:8,0
DA:10,0
DA:16,0
DA:18,0
DA:27,0
DA:28,0
DA:29,0
DA:30,0
DA:31,0
DA:32,0
DA:40,0
DA:41,0
DA:43,0
DA:44,0
DA:45,0
DA:46,0
DA:48,0
DA:49,0
DA:51,0
DA:59,0
DA:60,0
DA:61,0
DA:62,0
DA:63,0
DA:65,0
LF:26
LH:0
BRDA:7,0,0,0
BRDA:8,1,0,0
BRDA:8,1,1,0
BRDA:16,2,0,0
BRDA:16,2,1,0
BRDA:41,3,0,0
BRDA:41,3,1,0
BRDA:48,4,0,0
BRDA:48,4,1,0
BRDA:49,5,0,0
BRDA:49,5,1,0
BRF:11
BRH:0
end_of_record
TN:
SF:src/utils/errorHandler.js
FN:18,(anonymous_0)
FN:81,(anonymous_1)
FN:91,(anonymous_2)
FNF:3
FNH:0
FNDA:0,(anonymous_0)
FNDA:0,(anonymous_1)
FNDA:0,(anonymous_2)
DA:8,0
DA:19,0
DA:22,0
DA:23,0
DA:24,0
DA:27,0
DA:28,0
DA:31,0
DA:32,0
DA:33,0
DA:36,0
DA:37,0
DA:40,0
DA:41,0
DA:46,0
DA:47,0
DA:51,0
DA:52,0
DA:56,0
DA:64,0
DA:65,0
DA:68,0
DA:82,0
DA:92,0
DA:94,0
DA:95,0
DA:98,0
DA:99,0
DA:102,0
LF:29
LH:0
BRDA:18,0,0,0
BRDA:19,1,0,0
BRDA:19,2,0,0
BRDA:27,3,0,0
BRDA:27,3,1,0
BRDA:31,4,0,0
BRDA:31,4,1,0
BRDA:31,5,0,0
BRDA:31,5,1,0
BRDA:32,6,0,0
BRDA:32,6,1,0
BRDA:36,7,0,0
BRDA:36,7,1,0
BRDA:36,8,0,0
BRDA:36,8,1,0
BRDA:40,9,0,0
BRDA:40,9,1,0
BRDA:46,10,0,0
BRDA:46,10,1,0
BRDA:51,11,0,0
BRDA:51,11,1,0
BRDA:64,12,0,0
BRDA:64,12,1,0
BRDA:94,13,0,0
BRDA:94,13,1,0
BRDA:98,14,0,0
BRDA:98,14,1,0
BRF:27
BRH:0
end_of_record
TN:
SF:src/utils/fileUtils.js
FN:9,(anonymous_0)
FN:27,(anonymous_1)
FN:36,(anonymous_2)
FN:37,(anonymous_3)
FN:39,(anonymous_4)
FN:51,(anonymous_5)
FNF:6
FNH:0
FNDA:0,(anonymous_0)
FNDA:0,(anonymous_1)
FNDA:0,(anonymous_2)
FNDA:0,(anonymous_3)
FNDA:0,(anonymous_4)
FNDA:0,(anonymous_5)
DA:9,0
DA:10,0
DA:12,0
DA:13,0
DA:14,0
DA:16,0
DA:18,0
DA:27,0
DA:28,0
DA:36,0
DA:37,0
DA:38,0
DA:39,0
DA:40,0
DA:41,0
DA:51,0
DA:52,0
LF:17
LH:0
BRDA:9,0,0,0
BRDA:10,1,0,0
BRDA:10,1,1,0
BRDA:13,2,0,0
BRDA:13,2,1,0
BRF:5
BRH:0
end_of_record
TN:
SF:src/utils/formatters.js
FN:7,(anonymous_0)
FN:25,(anonymous_1)
FN:47,(anonymous_2)
FNF:3
FNH:0
FNDA:0,(anonymous_0)
FNDA:0,(anonymous_1)
FNDA:0,(anonymous_2)
DA:7,1
DA:8,0
DA:10,0
DA:17,0
DA:25,1
DA:26,0
DA:29,0
DA:32,0
DA:34,0
DA:35,0
DA:38,0
DA:47,1
DA:48,0
DA:50,0
DA:52,0
LF:15
LH:3
BRDA:7,0,0,0
BRDA:8,1,0,0
BRDA:8,1,1,0
BRDA:8,2,0,0
BRDA:8,2,1,0
BRDA:26,3,0,0
BRDA:26,3,1,0
BRDA:34,4,0,0
BRDA:34,4,1,0
BRDA:47,5,0,0
BRDA:48,6,0,0
BRDA:48,6,1,0
BRDA:50,7,0,0
BRDA:50,7,1,0
BRF:14
BRH:0
end_of_record
TN:
SF:src/utils/logger.js
FNF:0
FNH:0
LF:0
LH:0
BRF:0
BRH:0
end_of_record
TN:
SF:src/utils/socket.js
FNF:0
FNH:0
DA:5,0
DA:7,0
LF:2
LH:0
BRDA:5,0,0,0
BRDA:5,0,1,0
BRF:2
BRH:0
end_of_record
TN:
SF:src/utils/validation.js
FN:8,(anonymous_0)
FN:18,(anonymous_1)
FN:48,(anonymous_2)
FN:52,(anonymous_3)
FN:67,(anonymous_4)
FNF:5
FNH:0
FNDA:0,(anonymous_0)
FNDA:0,(anonymous_1)
FNDA:0,(anonymous_2)
FNDA:0,(anonymous_3)
FNDA:0,(anonymous_4)
DA:8,0
DA:9,0
DA:10,0
DA:18,0
DA:19,0
DA:20,0
DA:23,0
DA:24,0
DA:27,0
DA:28,0
DA:31,0
DA:32,0
DA:35,0
DA:36,0
DA:39,0
DA:48,0
DA:49,0
DA:50,0
DA:52,0
DA:53,0
DA:54,0
DA:55,0
DA:59,0
DA:67,0
DA:68,0
DA:71,0
DA:74,0
LF:27
LH:0
BRDA:19,0,0,0
BRDA:19,0,1,0
BRDA:23,1,0,0
BRDA:23,1,1,0
BRDA:27,2,0,0
BRDA:27,2,1,0
BRDA:31,3,0,0
BRDA:31,3,1,0
BRDA:35,4,0,0
BRDA:35,4,1,0
BRDA:53,5,0,0
BRDA:53,5,1,0
BRDA:53,6,0,0
BRDA:53,6,1,0
BRDA:53,6,2,0
BRDA:68,7,0,0
BRDA:68,7,1,0
BRF:17
BRH:0
end_of_record
