TN:
SF:src/pages/Properties.jsx
FN:27,Properties
FN:40,(anonymous_1)
FN:46,(anonymous_2)
FN:54,(anonymous_3)
FN:65,(anonymous_4)
FN:69,(anonymous_5)
FN:70,(anonymous_6)
FN:77,(anonymous_7)
FN:81,(anonymous_8)
FN:85,(anonymous_9)
FN:89,(anonymous_10)
FN:96,(anonymous_11)
FN:100,(anonymous_12)
FN:104,(anonymous_13)
FN:109,(anonymous_14)
FN:113,(anonymous_15)
FN:146,(anonymous_16)
FN:204,(anonymous_17)
FN:210,(anonymous_18)
FN:216,(anonymous_19)
FN:226,(anonymous_20)
FN:232,(anonymous_21)
FN:238,(anonymous_22)
FN:267,(anonymous_23)
FN:279,(anonymous_24)
FN:280,(anonymous_25)
FN:281,(anonymous_26)
FN:302,(anonymous_27)
FN:308,(anonymous_28)
FN:314,(anonymous_29)
FNF:30
FNH:20
FNDA:20,Properties
FNDA:9,(anonymous_1)
FNDA:9,(anonymous_2)
FNDA:34,(anonymous_3)
FNDA:14,(anonymous_4)
FNDA:0,(anonymous_5)
FNDA:0,(anonymous_6)
FNDA:2,(anonymous_7)
FNDA:2,(anonymous_8)
FNDA:1,(anonymous_9)
FNDA:1,(anonymous_10)
FNDA:1,(anonymous_11)
FNDA:2,(anonymous_12)
FNDA:1,(anonymous_13)
FNDA:0,(anonymous_14)
FNDA:1,(anonymous_15)
FNDA:3,(anonymous_16)
FNDA:0,(anonymous_17)
FNDA:1,(anonymous_18)
FNDA:0,(anonymous_19)
FNDA:0,(anonymous_20)
FNDA:1,(anonymous_21)
FNDA:0,(anonymous_22)
FNDA:31,(anonymous_23)
FNDA:46,(anonymous_24)
FNDA:1,(anonymous_25)
FNDA:1,(anonymous_26)
FNDA:0,(anonymous_27)
FNDA:0,(anonymous_28)
FNDA:0,(anonymous_29)
DA:28,20
DA:29,20
DA:30,20
DA:31,20
DA:32,20
DA:33,20
DA:34,20
DA:35,20
DA:36,20
DA:37,20
DA:38,20
DA:40,20
DA:41,9
DA:42,9
DA:46,20
DA:47,9
DA:48,2
DA:53,20
DA:57,34
DA:61,34
DA:63,34
DA:66,14
DA:67,1
DA:68,0
DA:69,0
DA:70,0
DA:71,0
DA:73,0
DA:77,20
DA:78,2
DA:81,20
DA:82,2
DA:85,20
DA:86,1
DA:89,20
DA:90,1
DA:91,1
DA:92,1
DA:93,1
DA:96,20
DA:97,1
DA:100,20
DA:101,2
DA:104,20
DA:105,1
DA:106,1
DA:109,20
DA:110,0
DA:113,20
DA:114,1
DA:116,1
DA:117,1
DA:118,1
DA:119,1
DA:121,0
DA:123,1
DA:127,20
DA:146,3
DA:204,0
DA:210,1
DA:216,0
DA:226,0
DA:232,1
DA:238,0
DA:268,31
DA:279,46
DA:280,1
DA:281,1
DA:303,0
DA:304,0
DA:309,0
DA:310,0
DA:315,0
DA:316,0
LF:74
LH:57
BRDA:47,0,0,2
BRDA:47,0,1,7
BRDA:47,1,0,9
BRDA:47,1,1,3
BRDA:57,2,0,34
BRDA:57,2,1,5
BRDA:61,3,0,34
BRDA:61,3,1,6
BRDA:63,4,0,34
BRDA:63,4,1,31
BRDA:66,5,0,13
BRDA:66,5,1,1
BRDA:67,6,0,1
BRDA:67,6,1,0
BRDA:67,7,0,1
BRDA:67,7,1,0
BRDA:67,8,0,1
BRDA:67,8,1,0
BRDA:68,9,0,0
BRDA:68,9,1,0
BRDA:69,10,0,0
BRDA:69,10,1,0
BRDA:70,11,0,0
BRDA:70,11,1,0
BRDA:114,12,0,0
BRDA:114,12,1,1
BRDA:246,13,0,1
BRDA:246,13,1,19
BRDA:250,14,0,1
BRDA:250,14,1,18
BRDA:254,15,0,1
BRDA:254,15,1,17
BRDA:256,16,0,0
BRDA:256,16,1,1
BRDA:257,17,0,0
BRDA:257,17,1,1
BRDA:277,18,0,31
BRDA:277,18,1,0
BRDA:278,19,0,31
BRDA:278,19,1,0
BRDA:279,20,0,31
BRDA:279,20,1,16
BRDA:359,21,0,1
BRDA:359,21,1,19
BRF:44
BRH:30
end_of_record
